parameter file: ./run_WE_NA_PCA.v49.2.par
### THE INPUT PARAMETERS
##PARAMETER NAME: VALUE
DATE: 20210809
BUILD: construct_WE_NA_PCA
BASE: /n/groups/reich/hringbauer/git/punic_aDNA
INDIR: BASE/eigenstrat/
GENO: punic.v49.2_HO
OUTDIR: BASE/output/pca/v49.2
genotypename: /n/groups/reich/hringbauer/git/punic_aDNA/eigenstrat//punic.v49.2_HO.geno
snpname: /n/groups/reich/hringbauer/git/punic_aDNA/eigenstrat//punic.v49.2_HO.snp
indivname: /n/groups/reich/hringbauer/git/punic_aDNA/eigenstrat//punic.v49.2_HO.pca.ind
evecoutname: /n/groups/reich/hringbauer/git/punic_aDNA/output/pca/v49.2/20210809.punic.v49.2_HO.construct_WE_NA_PCA.smYES.outitY.evec.txt
evaloutname: /n/groups/reich/hringbauer/git/punic_aDNA/output/pca/v49.2/20210809.punic.v49.2_HO.construct_WE_NA_PCA.smYES.outitY.eval.txt
snpweightoutname: /n/groups/reich/hringbauer/git/punic_aDNA/output/pca/v49.2/20210809.punic.v49.2_HO.construct_WE_NA_PCA.smYES.outitY.weights.txt
poplistname: /n/groups/reich/hringbauer/git/punic_aDNA/parfiles/pca/construct_WE_NA_PCA
lsqproject: YES
shrinkmode: YES
hiprecision: YES
numoutevec: 4
topright: Georgian
## smartpca version: 18150
high precision evec output
norm used

lsqproject used
shrinkmode used
shrinkmode set!
packed geno read OK
end of inpack
poplistname: $s  numpops: 14106432
  0 construct_WE_NA_PCA

snps deleted (nodata): 0.  deletesnpoutname: for detailsnumber of samples used: 1187 number of snps used: 593124
number of pops for axes: 1
Using 27 threads, and partial sum lookup algorithm.
 snp        snp_1_1330931 ignored . allelecnt:     0  missing:   176
 snp          rs143379804 ignored . allelecnt:     0  missing:     0
 snp        Affx-50013327 ignored . allelecnt:     0  missing:    52
 snp        snp_1_1934796 ignored . allelecnt:     0  missing:   171
 snp          rs149932247 ignored . allelecnt:     0  missing:     0
 snp          rs111514148 ignored . allelecnt:     0  missing:   119
 snp          rs144277239 ignored . allelecnt:     0  missing:     0
 snp           rs77602667 ignored . allelecnt:     0  missing:     1
 snp          rs201250599 ignored . allelecnt:     0  missing:     0
 snp        snp_1_2113592 ignored . allelecnt:     0  missing:    53
total number of snps killed in pass: 55287  used: 537837
REMOVED outlier HGDP01257 iter 1 evec 7 sigmage 8.367 pop: construct_WE_NA_PCA
REMOVED outlier HGDP01274 iter 1 evec 6 sigmage 6.501 pop: construct_WE_NA_PCA
REMOVED outlier Egypt3 iter 1 evec 8 sigmage -6.361 pop: construct_WE_NA_PCA
REMOVED outlier Algerian43A22 iter 1 evec 3 sigmage -16.586 pop: construct_WE_NA_PCA
REMOVED outlier SAH27 iter 1 evec 6 sigmage -8.301 pop: construct_WE_NA_PCA
REMOVED outlier Algerian43A13 iter 1 evec 3 sigmage -7.861 pop: construct_WE_NA_PCA
REMOVED outlier SAH24 iter 1 evec 6 sigmage -8.621 pop: construct_WE_NA_PCA
REMOVED outlier Tunisian20D4 iter 1 evec 8 sigmage -10.260 pop: construct_WE_NA_PCA
REMOVED outlier SAH34 iter 1 evec 6 sigmage -17.699 pop: construct_WE_NA_PCA
REMOVED outlier Algerian43A24 iter 1 evec 3 sigmage -9.962 pop: construct_WE_NA_PCA
REMOVED outlier SAH9 iter 1 evec 6 sigmage -12.992 pop: construct_WE_NA_PCA
REMOVED outlier Algerian43A32 iter 1 evec 3 sigmage -15.246 pop: construct_WE_NA_PCA
REMOVED outlier Algerian43A23 iter 1 evec 3 sigmage -6.711 pop: construct_WE_NA_PCA
REMOVED outlier Tunisian20D1 iter 1 evec 8 sigmage -8.804 pop: construct_WE_NA_PCA
number of samples after outlier removal: 1173
total number of snps killed in pass: 56535  used: 536589
REMOVED outlier HGDP00630 iter 2 evec 3 sigmage 6.030 pop: construct_WE_NA_PCA
REMOVED outlier HGDP01256 iter 2 evec 6 sigmage 11.333 pop: construct_WE_NA_PCA
REMOVED outlier HGDP01259 iter 2 evec 6 sigmage 27.129 pop: construct_WE_NA_PCA
REMOVED outlier HGDP01262 iter 2 evec 6 sigmage 10.371 pop: construct_WE_NA_PCA
REMOVED outlier HGDP01276 iter 2 evec 7 sigmage -9.050 pop: construct_WE_NA_PCA
REMOVED outlier HGDP01277 iter 2 evec 4 sigmage -6.223 pop: construct_WE_NA_PCA
REMOVED outlier Tunisian200000 iter 2 evec 8 sigmage -10.169 pop: construct_WE_NA_PCA
REMOVED outlier Algerian43A21 iter 2 evec 4 sigmage 6.034 pop: construct_WE_NA_PCA
REMOVED outlier SAH21 iter 2 evec 4 sigmage 11.369 pop: construct_WE_NA_PCA
REMOVED outlier Tunisian20A5 iter 2 evec 4 sigmage 8.363 pop: construct_WE_NA_PCA
number of samples after outlier removal: 1163
total number of snps killed in pass: 57521  used: 535603
REMOVED outlier Egypt11 iter 3 evec 4 sigmage 8.109 pop: construct_WE_NA_PCA
REMOVED outlier Egypt12 iter 3 evec 8 sigmage -6.136 pop: construct_WE_NA_PCA
REMOVED outlier Tunisian20C1 iter 3 evec 9 sigmage 16.255 pop: construct_WE_NA_PCA
REMOVED outlier Tunisian20F4 iter 3 evec 4 sigmage 8.806 pop: construct_WE_NA_PCA
REMOVED outlier SAH18 iter 3 evec 4 sigmage 6.418 pop: construct_WE_NA_PCA
REMOVED outlier Egypt9AQ177 iter 3 evec 8 sigmage -7.741 pop: construct_WE_NA_PCA
REMOVED outlier Tunisian20B4 iter 3 evec 9 sigmage 22.904 pop: construct_WE_NA_PCA
REMOVED outlier LIB13 iter 3 evec 7 sigmage 26.821 pop: construct_WE_NA_PCA
number of samples after outlier removal: 1155
total number of snps killed in pass: 58419  used: 534705
REMOVED outlier HGDP00646 iter 4 evec 9 sigmage 9.160 pop: construct_WE_NA_PCA
REMOVED outlier HGDP01253 iter 4 evec 5 sigmage -16.681 pop: construct_WE_NA_PCA
REMOVED outlier HGDP01254 iter 4 evec 5 sigmage 11.458 pop: construct_WE_NA_PCA
REMOVED outlier HGDP01255 iter 4 evec 5 sigmage -6.939 pop: construct_WE_NA_PCA
REMOVED outlier HGDP01265 iter 4 evec 1 sigmage 6.307 pop: construct_WE_NA_PCA
REMOVED outlier HGDP01268 iter 4 evec 7 sigmage -11.113 pop: construct_WE_NA_PCA
REMOVED outlier HGDP01275 iter 4 evec 7 sigmage -6.332 pop: construct_WE_NA_PCA
REMOVED outlier HGDP01278 iter 4 evec 5 sigmage 9.827 pop: construct_WE_NA_PCA
REMOVED outlier HGDP01279 iter 4 evec 5 sigmage 10.313 pop: construct_WE_NA_PCA
REMOVED outlier HGDP01280 iter 4 evec 1 sigmage 6.069 pop: construct_WE_NA_PCA
REMOVED outlier HGDP01282 iter 4 evec 7 sigmage -7.690 pop: construct_WE_NA_PCA
REMOVED outlier Egypt1 iter 4 evec 4 sigmage 9.284 pop: construct_WE_NA_PCA
REMOVED outlier Algerian43A34 iter 4 evec 7 sigmage 9.405 pop: construct_WE_NA_PCA
REMOVED outlier LIB27 iter 4 evec 5 sigmage -8.728 pop: construct_WE_NA_PCA
number of samples after outlier removal: 1141
total number of snps killed in pass: 59843  used: 533281
REMOVED outlier HGDP00610 iter 5 evec 3 sigmage 6.443 pop: construct_WE_NA_PCA
REMOVED outlier HGDP00611 iter 5 evec 6 sigmage -12.144 pop: construct_WE_NA_PCA
REMOVED outlier HGDP00612 iter 5 evec 3 sigmage 6.637 pop: construct_WE_NA_PCA
REMOVED outlier HGDP00616 iter 5 evec 3 sigmage 6.851 pop: construct_WE_NA_PCA
REMOVED outlier HGDP00618 iter 5 evec 3 sigmage 6.569 pop: construct_WE_NA_PCA
REMOVED outlier HGDP00623 iter 5 evec 3 sigmage 6.303 pop: construct_WE_NA_PCA
REMOVED outlier HGDP00631 iter 5 evec 3 sigmage 6.648 pop: construct_WE_NA_PCA
REMOVED outlier HGDP00634 iter 5 evec 9 sigmage 8.358 pop: construct_WE_NA_PCA
REMOVED outlier HGDP00649 iter 5 evec 3 sigmage 6.885 pop: construct_WE_NA_PCA
REMOVED outlier HGDP00701 iter 5 evec 3 sigmage 6.361 pop: construct_WE_NA_PCA
REMOVED outlier HGDP01258 iter 5 evec 2 sigmage -6.931 pop: construct_WE_NA_PCA
REMOVED outlier HGDP01264 iter 5 evec 2 sigmage -6.047 pop: construct_WE_NA_PCA
REMOVED outlier HGDP01272 iter 5 evec 2 sigmage -6.072 pop: construct_WE_NA_PCA
REMOVED outlier Tunisian20C4 iter 5 evec 6 sigmage 6.313 pop: construct_WE_NA_PCA
REMOVED outlier Egypt8AT113 iter 5 evec 5 sigmage 7.386 pop: construct_WE_NA_PCA
REMOVED outlier LIB18 iter 5 evec 7 sigmage 6.128 pop: construct_WE_NA_PCA
REMOVED outlier LIB30 iter 5 evec 5 sigmage -11.158 pop: construct_WE_NA_PCA
number of samples after outlier removal: 1124
total number of snps killed in pass: 61171  used: 531953
mpstats:     0.811    0.924    1.080    0.291517

## Tracy-Widom statistics: rows: 1124  cols: 533281
  #N    eigenvalue  difference    twstat      p-value effect. n
   1      8.019225          NA  1280.410            0  9151.048
   2      3.967637   -4.051588   643.120            0 14033.522
   3      2.962648   -1.004989   402.339            0 15477.687
   4      2.144700   -0.817948   171.920            0 16183.352
   5      2.096592   -0.048109   160.863            0 16409.255
   6      2.078489   -0.018102   158.601            0 16620.792
   7      2.052631   -0.025858   153.795            0 16831.427
   8      2.046940   -0.005691   155.124            0 17037.169
   9      2.041663   -0.005277   156.603            0 17247.416
  10      2.032355   -0.009308   156.814            0 17462.516
  11      2.023298   -0.009056   157.081            0 17680.546
  12      2.010052   -0.013247   155.960            0 17901.643
  13      2.003248   -0.006803   156.883            0 18123.570
  14      1.996909   -0.006339   157.963            0 18349.702
  15      1.980693   -0.016216   155.745            0 18580.393
  16      1.972518   -0.008175   156.128            0 18810.116
  17      1.967674   -0.004844   157.627            0 19043.259
  18      1.962569   -0.005104   159.062            0 19281.832
  19      1.950346   -0.012223   158.051            0 19525.858
  20      1.919052   -0.031294   150.301            0 19771.072
  21      1.893246   -0.025806   144.175            0 20005.409
  22      1.888571   -0.004674   145.317            0 20231.644
  23      1.883398   -0.005173   146.296            0 20462.447
  24      1.870142   -0.013255   144.364            0 20697.622
  25      1.863939   -0.006204   144.908            0 20931.974
  26      1.856896   -0.007043   145.137            0 21169.962
  27      1.832314   -0.024581   138.867            0 21411.069
  28      1.812520   -0.019795   134.147            0 21643.287
  29      1.796227   -0.016292   130.569            0 21869.363
  30      1.788113   -0.008114   129.949            0 22091.284
  31      1.767801   -0.020312   124.651            0 22314.362
  32      1.748531   -0.019271   119.576            0 22530.030
  33      1.729946   -0.018585   114.604            0 22738.628
  34      1.721521   -0.008425   113.419            0 22940.286
  35      1.712474   -0.009047   111.945            0 23141.690
  36      1.703079   -0.009395   110.282            0 23342.295
  37      1.691240   -0.011839   107.597            0 23541.726
  38      1.683409   -0.007831   106.422 6.00389e-320 23738.105
  39      1.682821   -0.000588   108.098            0 23934.097
  40      1.670599   -0.012222   105.131 3.51886e-314 24134.870
  41      1.661306   -0.009292   103.261 6.90393e-306 24331.980
  42      1.643725   -0.017581    97.965 8.17817e-283 24527.375
  43      1.639427   -0.004298    97.956 8.98644e-283 24714.786
  44      1.630757   -0.008670    96.142 5.22028e-275 24903.729
  45      1.626014   -0.004743    95.896 5.80601e-274 25090.919
  46      1.623425   -0.002589    96.529 1.16745e-276 25279.188
  47      1.605371   -0.018054    90.718 3.10187e-252 25470.166
  48      1.602755   -0.002616    91.235 2.22961e-254 25651.977
  49      1.593578   -0.009178    88.992 3.96551e-245 25836.169
  50      1.586004   -0.007574    87.370 1.64634e-238 26017.666
  51      1.577582   -0.008422    85.343 2.49935e-230 26197.574
  52      1.573134   -0.004448    84.963 8.33346e-229 26375.114
  53      1.567995   -0.005139    84.272 4.84282e-226 26553.291
  54      1.563383   -0.004612    83.785 4.18883e-224 26731.523
  55      1.560329   -0.003054    83.957 8.70194e-225 26910.181
  56      1.552344   -0.007985    81.978 5.86089e-217 27090.498
  57      1.546106   -0.006238    80.716 5.19078e-212 27268.426
  58      1.540381   -0.005725    79.645 7.56943e-208 27445.280
  59      1.526116   -0.014265    74.779 2.85343e-189 27621.398
  60      1.520487   -0.005630    73.636  5.4416e-185 27789.619
  61      1.514756   -0.005731    72.419 1.79028e-180 27956.869
  62      1.512245   -0.002511    72.612 3.46234e-181 28122.990
  63      1.510260   -0.001984    73.039 8.99131e-183 28290.610
  64      1.504012   -0.006248    71.550 2.86999e-177 28460.193
  65      1.502233   -0.001780    72.047 4.24524e-179 28628.100
  66      1.496253   -0.005980    70.641 6.12607e-174 28798.103
  67      1.491267   -0.004987    69.656 2.35275e-170 28966.561
  68      1.488537   -0.002729    69.680 1.91387e-170 29134.259
  69      1.485574   -0.002964    69.593 3.96683e-170 29303.131
  70      1.475326   -0.010247    66.138 9.23305e-158 29472.968
  71      1.472311   -0.003015    65.965 3.77897e-157 29637.216
  72      1.468455   -0.003856    65.393  3.8976e-155 29802.198
  73      1.463566   -0.004889    64.324   2.145e-151 29967.140
  74      1.463042   -0.000525    65.276 1.00047e-154 30131.058
  75      1.458860   -0.004182    64.522 4.38724e-152 30297.910
  76      1.455078   -0.003782    63.937 4.75171e-150 30464.349
  77      1.449349   -0.005728    62.416 8.53279e-145 30630.700
  78      1.448796   -0.000553    63.325 6.27566e-148 30795.087
  79      1.443153   -0.005644    61.816 9.65927e-143 30962.342
  80      1.438812   -0.004341    60.901 1.26165e-139 31127.630
  81      1.434749   -0.004064    60.098 6.49223e-137 31292.118
  82      1.432944   -0.001805    60.368 7.97642e-138 31456.019
  83      1.428223   -0.004721    59.227 5.46266e-134 31621.492
  84      1.421831   -0.006392    57.249   1.973e-127 31785.675
  85      1.418524   -0.003307    56.740 9.26955e-126 31946.846
  86      1.415345   -0.003179    56.281 2.92721e-124 32107.961
  87      1.414454   -0.000891    56.934 2.13661e-126 32269.116
  88      1.410620   -0.003834    56.145 8.11956e-124 32432.593
  89      1.406719   -0.003902    55.305 4.30542e-121 32595.431
  90      1.402908   -0.003811    54.493 1.77379e-118 32757.514
  91      1.398704   -0.004204    53.468 3.31554e-115 32918.882
  92      1.396487   -0.002217    53.416 4.85116e-115 33079.079
  93      1.394093   -0.002394    53.271 1.39927e-114 33240.116
  94      1.391995   -0.002097    53.270 1.40899e-114 33401.803
  95      1.387051   -0.004944    51.829 4.88181e-110 33564.447
  96      1.383651   -0.003400    51.143 6.71889e-108 33725.001
  97      1.383050   -0.000601    51.865 3.75835e-110 33885.040
  98      1.381110   -0.001940    51.914 2.65285e-110 34047.552
  99      1.375003   -0.006107    49.829 7.67862e-104 34211.121
 100      1.368769   -0.006234    47.643  3.29518e-97 34371.166
 101      1.366910   -0.001859    47.671   2.7076e-97 34527.447
 102      1.364219   -0.002691    47.268  4.37788e-96 34684.672
 103      1.361539   -0.002679    46.862  7.12071e-95 34841.915
 104      1.358946   -0.002593    46.491  8.97306e-94 34999.165
 105      1.355224   -0.003722    45.524   6.3647e-91 35156.495
 106      1.354395   -0.000829    46.051  1.78775e-92 35312.601
 107      1.351304   -0.003092    45.398  1.48565e-90 35470.727
 108      1.346702   -0.004602    43.939  2.58494e-86 35628.301
 109      1.346044   -0.000658    44.534  4.90745e-88 35783.542
 110      1.343224   -0.002819    43.993  1.80145e-86 35940.946
 111      1.342238   -0.000987    44.413  1.09794e-87 36098.019
 112      1.338244   -0.003994    43.238  2.65476e-84 36256.892
 113      1.336122   -0.002122    43.041  9.69271e-84 36414.011
 114      1.333056   -0.003067    42.333  9.92885e-82 36571.546
 115      1.328596   -0.004460    40.864  1.30055e-77 36728.348
 116      1.326931   -0.001665    40.876  1.20427e-77 36882.695
 117      1.324299   -0.002631    40.365  3.15106e-76 37037.894
 118      1.320552   -0.003747    39.239  3.84774e-73 37192.763
 119      1.316639   -0.003913    38.005  8.28101e-70 37345.907
 120      1.315640   -0.000999    38.338   1.0561e-70 37497.063
 121      1.314164   -0.001476    38.414  6.62881e-71 37649.760
 122      1.311035   -0.003129    37.583  1.11705e-68 37803.426
 123      1.309210   -0.001825    37.454  2.45831e-68 37955.991
 124      1.308466   -0.000745    37.916  1.43758e-69 38109.050
 125      1.305764   -0.002701    37.302  6.22195e-68 38263.973
 126      1.302476   -0.003288    36.353  1.98636e-65 38418.278
 127      1.300002   -0.002474    35.841  4.33685e-64 38571.173
 128      1.296876   -0.003126    34.956  8.43234e-62 38723.658
 129      1.293579   -0.003297    33.962  2.90635e-59 38874.857
 130      1.288063   -0.005516    31.711     1.18e-53 39024.500
 131      1.284724   -0.003339    30.649  4.47446e-51 39169.651
 132      1.283853   -0.000871    30.959  7.98839e-52 39313.048
 133      1.281009   -0.002844    30.160  6.67337e-50 39457.860
 134      1.280339   -0.000670    30.576  6.69346e-51 39601.507
 135      1.278588   -0.001751    30.384  1.93677e-50 39746.823
 136      1.275837   -0.002751    29.620  1.27888e-48 39892.390
 137      1.273870   -0.001967    29.291  7.66083e-48 40036.856
 138      1.269576   -0.004295    27.628  5.55492e-44 40181.235
 139      1.268136   -0.001439    27.574  7.34781e-44 40322.366
 140      1.264519   -0.003617    26.271  6.44979e-41 40464.034
 141      1.261675   -0.002845    25.393  5.63883e-39 40603.275
 142      1.261266   -0.000408    25.905  4.17689e-40 40741.080
 143      1.259068   -0.002198    25.390  5.71249e-39 40880.735
 144      1.257497   -0.001571    25.230  1.28261e-38 41019.803
 145      1.254920   -0.002577    24.482  5.36844e-37 41159.124
 146      1.252349   -0.002571    23.727  2.20003e-35 41297.289
 147      1.251353   -0.000996    23.880  1.04367e-35 41434.269
 148      1.248782   -0.002571    23.113  4.32384e-34 41572.233
 149      1.246179   -0.002604    22.317   1.9446e-32 41708.967
 150      1.243915   -0.002264    21.708  3.40005e-31 41844.387
 151      1.240642   -0.003273    20.498  8.94913e-29 41978.936
 152      1.239069   -0.001572    20.274  2.46472e-28 42111.150
 153      1.238676   -0.000394    20.743  2.93952e-29 42243.397
 154      1.237154   -0.001522    20.547  7.15041e-29 42377.355
 155      1.234715   -0.002439    19.805  2.02792e-27 42511.420
 156      1.233179   -0.001536    19.589  5.29323e-27 42644.249
 157      1.233017   -0.000162    20.188    3.642e-28 42777.123
 158      1.230956   -0.002061    19.659  3.88382e-27 42912.046
 159      1.228120   -0.002836    18.659  3.12952e-25 43046.244
 160      1.225722   -0.002398    17.909  7.81097e-24 43178.542
 161      1.225010   -0.000712    18.161  2.66499e-24 43309.545
 162      1.221893   -0.003117    16.969  4.01836e-22 43441.729
 163      1.221744   -0.000149    17.551  3.54781e-23 43571.502
 164      1.219202   -0.002542    16.693  1.25225e-21 43703.272
 165      1.215523   -0.003680    15.135  6.41697e-19 43833.446
 166      1.213960   -0.001563    14.842  2.00268e-18 43960.266
 167      1.213790   -0.000169    15.392  2.33743e-19 44086.873
 168      1.211013   -0.002777    14.359   1.2772e-17 44215.376
 169      1.209982   -0.001032    14.379  1.18552e-17 44341.805
 170      1.208847   -0.001135    14.334  1.40432e-17 44468.796
 171      1.206560   -0.002286    13.583  2.35493e-16 44596.189
 172      1.205636   -0.000925    13.658  1.78074e-16 44722.192
 173      1.204121   -0.001515    13.370  5.16203e-16 44848.893
 174      1.199471   -0.004650    11.147  1.29521e-12 44975.369
 175      1.198693   -0.000778    11.289  8.03487e-13 45096.692
 176      1.195982   -0.002711    10.235  2.60838e-11 45218.845
 177      1.195001   -0.000981    10.241  2.55537e-11 45338.794
 178      1.191989   -0.003012     8.987  1.29125e-09 45459.218
 179      1.191284   -0.000705     9.152  7.81381e-10 45576.908
 180      1.190799   -0.000484     9.456     3.07e-10 45695.462
 181      1.188065   -0.002735     8.358  8.38401e-09 45815.242
 182      1.187997   -0.000068     8.914   1.6087e-09 45932.658
 183      1.186218   -0.001779     8.404  7.32014e-09 46051.944
 184      1.184378   -0.001840     7.849  1.23901e-08 46170.362
 185      1.183620   -0.000758     7.969   8.8327e-09 46287.789
 186      1.181855   -0.001764     7.454  3.86433e-08 46405.962
 187      1.179518   -0.002338     6.573  4.33671e-07 46523.238
 188      1.177745   -0.001772     6.038  1.75962e-06 46638.653
 189      1.177327   -0.000418     6.355  7.73171e-07 46753.100
 190      1.176034   -0.001293     6.118  1.43124e-06 46868.786
 191      1.173339   -0.002695     4.990  2.34399e-05 46984.276
 192      1.172205   -0.001134     4.841  3.32519e-05 47097.227
 193      1.171366   -0.000839     4.878  3.04733e-05 47210.191
 194      1.169536   -0.001830     4.283   0.00011861 47323.656
 195      1.168886   -0.000650     4.435  8.44745e-05 47435.956
 196      1.166984   -0.001902     3.786  0.000347906 47549.053
 197      1.165627   -0.001357     3.480  0.000657384 47660.835
 198      1.163538   -0.002090     2.700    0.0030158 47772.197
 199      1.161961   -0.001577     2.241   0.00689246 47881.878
 200      1.159834   -0.002127     1.422    0.0262321 47990.720
 201      1.159426   -0.000408     1.704    0.0169022 48097.765
 202      1.158669   -0.000756     1.763    0.0153754 48205.919
 203      1.157770   -0.000899     1.729    0.0162368 48314.596
 204      1.157349   -0.000421     2.004    0.0103241 48423.552
 205      1.155800   -0.001550     1.549    0.0215816 48533.620
 206      1.154885   -0.000914     1.502    0.0232257 48642.834
 207      1.154057   -0.000828     1.510    0.0229456 48752.291
 208      1.152853   -0.001205     1.271    0.0329097 48862.141
 209      1.151719   -0.001133     1.076    0.0436325 48971.714
 210      1.149874   -0.001845     0.413     0.104588 49081.126
 211      1.148746   -0.001128     0.213     0.132533 49189.096
 212      1.146600   -0.002147    -0.658      0.31741 49296.877
 213      1.145602   -0.000997    -0.782     0.351974 49402.633
 214      1.144834   -0.000769    -0.758     0.345134 49508.394
 215      1.142889   -0.001945    -1.509     0.576742 49614.567
 216      1.141654   -0.001235    -1.800     0.667104 49719.019
 217      1.140114   -0.001540    -2.295     0.802763 49823.008
 218      1.139995   -0.000119    -1.855     0.683619 49925.967
 219      1.138910   -0.001085    -2.052     0.740074 50030.469
 220      1.138723   -0.000187    -1.655      0.62275 50134.760
 221      1.137793   -0.000929    -1.749     0.651637 50240.491
 222      1.135963   -0.001830    -2.443     0.836602 50346.302
 223      1.134874   -0.001090    -2.651     0.877786 50450.505
 224      1.134110   -0.000764    -2.644     0.876481 50554.457
 225      1.132908   -0.001202    -2.930     0.921466 50658.758
 226      1.131748   -0.001160    -3.191     0.951023 50762.582
 227      1.131076   -0.000672    -3.129     0.944851 50865.995
 228      1.129777   -0.001299    -3.487     0.973344 50969.912
 229      1.129230   -0.000547    -3.343     0.963834 51073.136
 230      1.127281   -0.001948    -4.142     0.994916 51177.092
 231      1.126879   -0.000403    -3.907     0.990298 51279.093
 232      1.125579   -0.001300    -4.276     0.996577 51382.082
 233      1.124047   -0.001532    -4.805     0.999418 51484.331
 234      1.123585   -0.000461    -4.616     0.998857 51585.374
 235      1.122521   -0.001065    -4.834     0.999476 51687.272
 236      1.122007   -0.000513    -4.680     0.999087 51788.853
 237      1.120344   -0.001663    -5.307     0.999922 51891.190
 238      1.118986   -0.001358    -5.732     0.999989 51992.020
 239      1.117844   -0.001142    -6.014     0.999997 52091.919
 240      1.117686   -0.000158    -5.629     0.999982 52191.295
 241      1.114953   -0.002733    -6.998            1 52292.095
 242      1.114041   -0.000912    -7.136            1 52389.196
 243      1.113566   -0.000475    -6.975            1 52486.179
 244      1.113175   -0.000392    -6.756            1 52583.915
 245      1.111574   -0.001601    -7.367            1 52682.580
 246      1.110045   -0.001529    -7.933            1 52779.735
 247      1.109133   -0.000912    -8.080            1 52875.503
 248      1.108841   -0.000291    -7.802            1 52971.110
 249      1.108014   -0.000827    -7.891            1 53067.815
 250      1.107169   -0.000845    -7.994            1 53164.533
 251      1.106565   -0.000604    -7.931            1 53261.223
 252      1.105635   -0.000930    -8.094            1 53358.376
 253      1.105451   -0.000183    -7.742            1 53455.320
 254      1.104285   -0.001167    -8.069            1 53553.604
 255      1.103236   -0.001048    -8.317            1 53651.183
 256      1.102435   -0.000801    -8.396            1 53748.290
 257      1.101753   -0.000683    -8.394            1 53845.435
 258      1.101036   -0.000717    -8.415            1 53942.865
 259      1.099866   -0.001170    -8.754            1 54040.506
 260      1.097950   -0.001916    -9.618            1 54137.389
 261      1.097010   -0.000940    -9.806            1 54231.901
 262      1.096623   -0.000387    -9.609            1 54326.098
 263      1.096304   -0.000319    -9.363            1 54421.160
 264      1.095910   -0.000395    -9.168            1 54517.246
 265      1.093386   -0.002523   -10.470            1 54614.206
 266      1.092676   -0.000710   -10.506            1 54707.402
 267      1.092131   -0.000546   -10.426            1 54800.740
 268      1.091547   -0.000583   -10.373            1 54894.577
 269      1.090183   -0.001364   -10.872            1 54988.835
 270      1.089724   -0.000459   -10.735            1 55081.791
 271      1.089382   -0.000342   -10.515            1 55175.425
 272      1.089077   -0.000306   -10.267            1 55270.007
 273      1.087528   -0.001549   -10.900            1 55365.630
 274      1.087180   -0.000348   -10.685            1 55459.508
 275      1.086481   -0.000699   -10.720            1 55554.323
 276      1.085368   -0.001113   -11.049            1 55649.286
 277      1.083349   -0.002018   -12.027            1 55743.454
 278      1.083028   -0.000321   -11.802            1 55834.753
 279      1.082319   -0.000709   -11.853            1 55927.010
 280      1.081217   -0.001102   -12.186            1 56019.347
 281      1.080431   -0.000786   -12.296            1 56110.857
 282      1.080173   -0.000258   -12.028            1 56202.253
 283      1.079118   -0.001056   -12.331            1 56294.753
 284      1.077743   -0.001375   -12.866            1 56386.512
 285      1.077441   -0.000302   -12.634            1 56476.774
 286      1.076137   -0.001304   -13.123            1 56568.020
 287      1.075877   -0.000260   -12.863            1 56657.909
 288      1.075370   -0.000507   -12.780            1 56748.875
 289      1.075241   -0.000129   -12.422            1 56840.349
 290      1.073827   -0.001414   -12.993            1 56933.235
 291      1.073268   -0.000559   -12.949            1 57024.478
 292      1.071978   -0.001291   -13.435            1 57116.100
 293      1.071133   -0.000844   -13.602            1 57206.344
 294      1.070691   -0.000442   -13.479            1 57296.261
 295      1.070276   -0.000416   -13.335            1 57386.815
 296      1.068851   -0.001425   -13.926            1 57478.078
 297      1.068088   -0.000763   -14.039            1 57567.594
 298      1.067527   -0.000561   -14.006            1 57656.953
 299      1.067259   -0.000268   -13.760            1 57746.643
 300      1.067069   -0.000189   -13.454            1 57837.389
 301      1.065964   -0.001105   -13.817            1 57929.400
 302      1.065284   -0.000680   -13.871            1 58020.410
 303      1.064320   -0.000964   -14.134            1 58111.464
 304      1.064009   -0.000311   -13.921            1 58201.846
 305      1.062463   -0.001546   -14.614            1 58293.183
 306      1.061908   -0.000555   -14.583            1 58382.369
 307      1.060494   -0.001414   -15.186            1 58471.878
 308      1.060318   -0.000176   -14.880            1 58559.531
 309      1.059575   -0.000743   -14.991            1 58648.447
 310      1.058776   -0.000798   -15.145            1 58737.193
 311      1.058533   -0.000243   -14.889            1 58825.621
 312      1.057602   -0.000931   -15.141            1 58915.151
 313      1.056769   -0.000834   -15.323            1 59004.020
 314      1.056173   -0.000596   -15.330            1 59092.464
 315      1.055712   -0.000460   -15.237            1 59181.094
 316      1.055020   -0.000693   -15.317            1 59270.262
 317      1.054607   -0.000412   -15.188            1 59359.363
 318      1.053706   -0.000901   -15.424            1 59449.133
 319      1.053009   -0.000697   -15.509            1 59538.281
 320      1.052101   -0.000908   -15.753            1 59627.336
 321      1.051736   -0.000365   -15.593            1 59715.733
 322      1.051009   -0.000727   -15.704            1 59804.910
 323      1.050330   -0.000678   -15.779            1 59893.902
 324      1.049775   -0.000555   -15.763            1 59982.834
 325      1.048710   -0.001066   -16.129            1 60072.034
 326      1.048081   -0.000628   -16.171            1 60160.116
 327      1.047680   -0.000401   -16.043            1 60248.251
 328      1.046982   -0.000698   -16.137            1 60337.059
 329      1.046631   -0.000352   -15.971            1 60425.732
 330      1.045646   -0.000985   -16.282            1 60515.218
 331      1.044504   -0.001142   -16.714            1 60603.770
 332      1.043959   -0.000545   -16.699            1 60690.938
 333      1.043317   -0.000642   -16.758            1 60778.359
 334      1.042381   -0.000936   -17.040            1 60865.763
 335      1.041711   -0.000670   -17.123            1 60952.318
 336      1.041433   -0.000277   -16.909            1 61038.761
 337      1.040829   -0.000605   -16.942            1 61126.194
 338      1.040059   -0.000770   -17.102            1 61213.700
 339      1.038654   -0.001405   -17.745            1 61300.806
 340      1.038170   -0.000484   -17.694            1 61385.691
 341      1.038002   -0.000167   -17.401            1 61470.956
 342      1.037209   -0.000794   -17.583            1 61557.511
 343      1.036890   -0.000319   -17.405            1 61643.568
 344      1.036292   -0.000598   -17.439            1 61730.490
 345      1.035966   -0.000326   -17.266            1 61817.474
 346      1.035096   -0.000869   -17.507            1 61905.315
 347      1.034864   -0.000232   -17.262            1 61992.425
 348      1.034317   -0.000547   -17.258            1 62080.670
 349      1.033449   -0.000868   -17.500            1 62169.131
 350      1.032341   -0.001107   -17.928            1 62256.850
 351      1.031801   -0.000541   -17.924            1 62343.102
 352      1.031518   -0.000283   -17.722            1 62429.555
 353      1.030305   -0.001213   -18.235            1 62516.985
 354      1.029958   -0.000347   -18.085            1 62602.600
 355      1.029631   -0.000327   -17.919            1 62688.986
 356      1.028836   -0.000795   -18.113            1 62776.213
 357      1.027888   -0.000948   -18.427            1 62862.863
 358      1.027348   -0.000540   -18.428            1 62948.459
 359      1.027033   -0.000315   -18.255            1 63034.231
 360      1.025996   -0.001037   -18.640            1 63120.873
 361      1.025636   -0.000360   -18.504            1 63206.163
 362      1.025490   -0.000146   -18.201            1 63292.175
 363      1.023884   -0.001606   -19.031            1 63379.585
 364      1.023433   -0.000451   -18.969            1 63463.847
 365      1.022893   -0.000540   -18.976            1 63548.530
 366      1.022403   -0.000490   -18.944            1 63633.359
 367      1.021953   -0.000450   -18.881            1 63718.492
 368      1.021727   -0.000226   -18.643            1 63804.056
 369      1.021081   -0.000646   -18.732            1 63890.769
 370      1.020114   -0.000967   -19.072            1 63977.299
 371      1.019601   -0.000514   -19.061            1 64062.613
 372      1.018538   -0.001063   -19.481            1 64148.147
 373      1.018133   -0.000405   -19.388            1 64232.129
 374      1.017382   -0.000751   -19.566            1 64316.663
 375      1.016946   -0.000436   -19.498            1 64400.628
 376      1.016361   -0.000585   -19.547            1 64485.042
 377      1.015681   -0.000681   -19.672            1 64569.419
 378      1.014558   -0.001122   -20.147            1 64653.442
 379      1.014033   -0.000525   -20.154            1 64735.647
 380      1.013634   -0.000400   -20.063            1 64817.979
 381      1.013171   -0.000463   -20.022            1 64900.851
 382      1.012703   -0.000467   -19.983            1 64984.057
 383      1.012140   -0.000563   -20.021            1 65067.585
 384      1.011636   -0.000504   -20.012            1 65151.115
 385      1.010654   -0.000982   -20.383            1 65234.843
 386      1.010413   -0.000241   -20.169            1 65317.153
 387      1.009933   -0.000480   -20.142            1 65400.533
 388      1.009339   -0.000594   -20.207            1 65484.185
 389      1.008956   -0.000383   -20.105            1 65567.718
 390      1.008809   -0.000147   -19.814            1 65651.852
 391      1.008083   -0.000726   -19.983            1 65737.409
 392      1.007150   -0.000933   -20.319            1 65822.399
 393      1.006261   -0.000889   -20.621            1 65906.089
 394      1.006009   -0.000252   -20.419            1 65988.615
 395      1.005744   -0.000265   -20.224            1 66072.182
 396      1.005315   -0.000429   -20.160            1 66156.760
 397      1.004538   -0.000777   -20.374            1 66241.782
 398      1.003807   -0.000731   -20.554            1 66326.018
 399      1.003521   -0.000286   -20.378            1 66409.615
 400      1.003057   -0.000464   -20.344            1 66494.150
 401      1.002784   -0.000273   -20.157            1 66578.996
 402      1.001689   -0.001095   -20.629            1 66664.844
 403      1.001132   -0.000556   -20.672            1 66748.729
 404      1.000169   -0.000964   -21.044            1 66832.576
 405      0.999750   -0.000418   -20.979            1 66914.902
 406      0.999346   -0.000404   -20.902            1 66997.668
 407      0.998490   -0.000856   -21.190            1 67080.931
 408      0.998188   -0.000303   -21.033            1 67163.035
 409      0.998077   -0.000110   -20.720            1 67245.998
 410      0.997506   -0.000571   -20.777            1 67330.546
 411      0.996703   -0.000804   -21.024            1 67414.984
 412      0.996343   -0.000360   -20.912            1 67498.438
 413      0.995721   -0.000622   -21.014            1 67582.555
 414      0.995415   -0.000306   -20.859            1 67666.355
 415      0.994955   -0.000460   -20.828            1 67751.024
 416      0.994671   -0.000284   -20.655            1 67835.990
 417      0.993840   -0.000831   -20.926            1 67921.925
 418      0.993177   -0.000663   -21.062            1 68006.740
 419      0.992474   -0.000704   -21.233            1 68091.066
 420      0.992264   -0.000209   -21.002            1 68174.733
 421      0.991483   -0.000781   -21.237            1 68259.644
 422      0.990671   -0.000812   -21.498            1 68343.588
 423      0.990411   -0.000260   -21.310            1 68426.433
 424      0.989742   -0.000670   -21.457            1 68510.316
 425      0.989094   -0.000647   -21.587            1 68593.640
 426      0.988174   -0.000920   -21.941            1 68676.484
 427      0.987768   -0.000407   -21.878            1 68757.760
 428      0.987108   -0.000659   -22.021            1 68839.476
 429      0.986601   -0.000508   -22.042            1 68920.630
 430      0.986212   -0.000388   -21.964            1 69001.816
 431      0.985712   -0.000500   -21.979            1 69083.508
 432      0.985349   -0.000363   -21.880            1 69165.262
 433      0.983815   -0.001534   -22.747            1 69247.630
 434      0.983469   -0.000346   -22.640            1 69325.885
 435      0.982910   -0.000559   -22.709            1 69404.777
 436      0.982622   -0.000288   -22.554            1 69483.449
 437      0.982008   -0.000614   -22.668            1 69563.000
 438      0.981891   -0.000117   -22.372            1 69642.107
 439      0.981360   -0.000530   -22.417            1 69722.801
 440      0.980902   -0.000459   -22.402            1 69803.398
 441      0.980244   -0.000657   -22.552            1 69884.190
 442      0.979848   -0.000396   -22.487            1 69964.351
 443      0.979138   -0.000710   -22.683            1 70044.959
 444      0.979003   -0.000135   -22.402            1 70124.703
 445      0.978399   -0.000604   -22.509            1 70205.986
 446      0.978169   -0.000230   -22.306            1 70286.846
 447      0.977043   -0.001126   -22.848            1 70368.865
 448      0.976785   -0.000258   -22.671            1 70448.237
 449      0.976640   -0.000145   -22.399            1 70528.628
 450      0.976041   -0.000599   -22.503            1 70610.538
 451      0.975534   -0.000507   -22.532            1 70692.032
 452      0.974862   -0.000672   -22.700            1 70773.497
 453      0.974748   -0.000114   -22.401            1 70854.210
 454      0.974447   -0.000301   -22.258            1 70936.599
 455      0.973731   -0.000716   -22.461            1 71019.862
 456      0.973470   -0.000261   -22.285            1 71102.183
 457      0.972660   -0.000810   -22.568            1 71185.559
 458      0.972266   -0.000394   -22.504            1 71267.562
 459      0.972069   -0.000198   -22.275            1 71350.024
 460      0.971727   -0.000341   -22.165            1 71433.829
 461      0.970533   -0.001194   -22.773            1 71518.349
 462      0.970242   -0.000291   -22.625            1 71599.740
 463      0.970102   -0.000140   -22.349            1 71682.041
 464      0.969311   -0.000791   -22.619            1 71765.952
 465      0.968722   -0.000589   -22.722            1 71848.522
 466      0.968219   -0.000503   -22.753            1 71930.653
 467      0.967557   -0.000661   -22.918            1 72012.732
 468      0.967107   -0.000451   -22.907            1 72094.023
 469      0.966672   -0.000435   -22.883            1 72175.487
 470      0.966527   -0.000145   -22.613            1 72257.196
 471      0.965741   -0.000786   -22.884            1 72340.506
 472      0.965531   -0.000209   -22.669            1 72422.434
 473      0.965295   -0.000236   -22.475            1 72505.669
 474      0.964266   -0.001029   -22.953            1 72590.104
 475      0.963688   -0.000578   -23.052            1 72671.986
 476      0.963659   -0.000028   -22.684            1 72753.423
 477      0.962849   -0.000810   -22.979            1 72837.036
 478      0.962369   -0.000480   -22.996            1 72919.102
 479      0.962351   -0.000019   -22.619            1 73001.182
 480      0.961587   -0.000764   -22.875            1 73085.512
 481      0.961348   -0.000239   -22.686            1 73168.497
 482      0.960617   -0.000731   -22.915            1 73252.677
 483      0.960010   -0.000607   -23.042            1 73335.655
 484      0.959761   -0.000248   -22.862            1 73418.018
 485      0.959187   -0.000574   -22.960            1 73501.527
 486      0.958772   -0.000415   -22.922            1 73584.579
 487      0.958329   -0.000443   -22.909            1 73667.956
 488      0.957939   -0.000390   -22.850            1 73751.522
 489      0.957261   -0.000678   -23.038            1 73835.544
 490      0.957127   -0.000134   -22.760            1 73918.573
 491      0.956344   -0.000783   -23.039            1 74003.343
 492      0.956153   -0.000191   -22.811            1 74086.578
 493      0.955406   -0.000746   -23.059            1 74171.274
 494      0.955175   -0.000231   -22.865            1 74254.604
 495      0.954236   -0.000939   -23.281            1 74339.197
 496      0.953900   -0.000336   -23.180            1 74421.408
 497      0.953752   -0.000148   -22.916            1 74504.326
 498      0.953314   -0.000438   -22.900            1 74588.938
 499      0.953078   -0.000236   -22.710            1 74673.751
 500      0.952479   -0.000599   -22.833            1 74759.830
 501      0.952026   -0.000453   -22.831            1 74845.275
 502      0.951804   -0.000222   -22.628            1 74930.842
 503      0.951550   -0.000254   -22.453            1 75017.765
 504      0.950772   -0.000778   -22.730            1 75105.892
 505      0.949324   -0.001448   -23.592            1 75192.418
 506      0.949012   -0.000312   -23.473            1 75273.719
 507      0.948295   -0.000717   -23.707            1 75355.841
 508      0.947857   -0.000438   -23.700            1 75436.602
 509      0.947796   -0.000061   -23.364            1 75517.493
 510      0.947291   -0.000506   -23.413            1 75600.568
 511      0.946790   -0.000501   -23.459            1 75683.426
 512      0.946604   -0.000186   -23.231            1 75766.086
 513      0.946115   -0.000489   -23.266            1 75850.283
 514      0.945841   -0.000274   -23.113            1 75934.354
 515      0.945339   -0.000502   -23.158            1 76019.497
 516      0.944989   -0.000349   -23.071            1 76104.445
 517      0.944140   -0.000850   -23.422            1 76190.052
 518      0.943889   -0.000251   -23.251            1 76273.499
 519      0.943558   -0.000331   -23.148            1 76358.140
 520      0.942427   -0.001131   -23.747            1 76443.541
 521      0.942033   -0.000394   -23.705            1 76525.142
 522      0.941529   -0.000503   -23.758            1 76607.098
 523      0.940987   -0.000543   -23.846            1 76688.787
 524      0.940783   -0.000204   -23.637            1 76769.974
 525      0.940429   -0.000354   -23.559            1 76852.609
 526      0.940005   -0.000424   -23.542            1 76935.840
 527      0.939412   -0.000593   -23.674            1 77019.267
 528      0.938928   -0.000484   -23.711            1 77101.898
 529      0.938339   -0.000589   -23.842            1 77184.357
 530      0.937865   -0.000474   -23.872            1 77266.018
 531      0.937520   -0.000344   -23.788            1 77347.548
 532      0.936764   -0.000757   -24.069            1 77429.713
 533      0.936245   -0.000519   -24.141            1 77510.058
 534      0.935986   -0.000259   -23.984            1 77589.978
 535      0.935737   -0.000249   -23.817            1 77671.022
 536      0.935283   -0.000454   -23.831            1 77753.274
 537      0.934896   -0.000387   -23.785            1 77835.501
 538      0.934426   -0.000470   -23.813            1 77918.109
 539      0.933610   -0.000816   -24.149            1 78000.593
 540      0.933401   -0.000209   -23.948            1 78080.823
 541      0.933299   -0.000102   -23.651            1 78162.503
 542      0.932633   -0.000667   -23.854            1 78246.322
 543      0.932166   -0.000467   -23.881            1 78328.790
 544      0.931582   -0.000584   -24.013            1 78411.133
 545      0.931398   -0.000184   -23.789            1 78492.612
 546      0.930876   -0.000522   -23.865            1 78575.733
 547      0.930574   -0.000302   -23.746            1 78658.378
 548      0.929987   -0.000587   -23.881            1 78741.936
 549      0.929661   -0.000327   -23.784            1 78824.596
 550      0.929088   -0.000572   -23.906            1 78908.011
 551      0.928729   -0.000359   -23.839            1 78990.609
 552      0.928056   -0.000674   -24.053            1 79073.753
 553      0.927333   -0.000723   -24.314            1 79155.406
 554      0.927127   -0.000206   -24.113            1 79235.222
 555      0.926603   -0.000523   -24.195            1 79316.543
 556      0.926272   -0.000331   -24.106            1 79397.311
 557      0.926181   -0.000091   -23.800            1 79478.778
 558      0.925731   -0.000450   -23.815            1 79562.551
 559      0.925350   -0.000381   -23.768            1 79646.269
 560      0.925022   -0.000328   -23.673            1 79730.395
 561      0.924493   -0.000529   -23.759            1 79815.287
 562      0.923804   -0.000689   -23.990            1 79899.599
 563      0.923747   -0.000057   -23.653            1 79982.229
 564      0.923083   -0.000664   -23.861            1 80067.452
 565      0.922800   -0.000282   -23.727            1 80151.156
 566      0.922252   -0.000548   -23.832            1 80235.934
 567      0.921486   -0.000766   -24.135            1 80319.966
 568      0.921301   -0.000185   -23.915            1 80401.735
 569      0.920665   -0.000635   -24.101            1 80485.229
 570      0.920152   -0.000514   -24.178            1 80567.337
 571      0.919587   -0.000565   -24.303            1 80648.887
 572      0.919317   -0.000270   -24.162            1 80729.507
 573      0.918929   -0.000388   -24.127            1 80811.252
 574      0.918465   -0.000464   -24.160            1 80893.307
 575      0.917863   -0.000602   -24.320            1 80975.135
 576      0.917717   -0.000146   -24.066            1 81055.746
 577      0.917391   -0.000326   -23.974            1 81138.384
 578      0.916999   -0.000392   -23.942            1 81221.782
 579      0.916766   -0.000233   -23.765            1 81305.471
 580      0.916208   -0.000558   -23.883            1 81390.612
 581      0.915927   -0.000281   -23.749            1 81474.853
 582      0.915344   -0.000583   -23.890            1 81560.210
 583      0.914915   -0.000429   -23.892            1 81644.471
 584      0.914286   -0.000629   -24.077            1 81728.752
 585      0.913697   -0.000589   -24.227            1 81811.562
 586      0.913585   -0.000112   -23.943            1 81893.176
 587      0.913305   -0.000280   -23.809            1 81977.141
 588      0.912120   -0.001186   -24.504            1 82062.236
 589      0.911891   -0.000228   -24.328            1 82141.637
 590      0.911668   -0.000223   -24.146            1 82222.497
 591      0.911279   -0.000389   -24.115            1 82304.879
 592      0.910925   -0.000355   -24.052            1 82387.538
 593      0.910616   -0.000309   -23.947            1 82470.740
 594      0.909995   -0.000621   -24.128            1 82554.846
 595      0.909894   -0.000101   -23.833            1 82637.452
 596      0.908982   -0.000912   -24.281            1 82722.577
 597      0.908443   -0.000539   -24.390            1 82803.915
 598      0.908363   -0.000080   -24.078            1 82884.332
 599      0.907929   -0.000435   -24.089            1 82967.422
 600      0.907337   -0.000592   -24.246            1 83050.424
 601      0.906776   -0.000561   -24.377            1 83132.087
 602      0.906504   -0.000272   -24.241            1 83212.624
 603      0.906028   -0.000476   -24.293            1 83294.333
 604      0.905549   -0.000479   -24.349            1 83375.591
 605      0.904915   -0.000634   -24.549            1 83456.359
 606      0.904534   -0.000381   -24.517            1 83535.374
 607      0.904374   -0.000160   -24.279            1 83614.658
 608      0.903946   -0.000428   -24.288            1 83696.022
 609      0.903233   -0.000713   -24.562            1 83777.299
 610      0.903008   -0.000225   -24.385            1 83856.137
 611      0.902750   -0.000258   -24.238            1 83936.530
 612      0.902130   -0.000620   -24.426            1 84018.224
 613      0.901441   -0.000689   -24.680            1 84098.218
 614      0.901222   -0.000219   -24.499            1 84175.908
 615      0.900887   -0.000336   -24.425            1 84255.199
 616      0.900692   -0.000195   -24.220            1 84335.135
 617      0.900128   -0.000564   -24.357            1 84416.919
 618      0.899562   -0.000566   -24.498            1 84497.433
 619      0.899293   -0.000268   -24.362            1 84576.633
 620      0.898684   -0.000609   -24.543            1 84657.054
 621      0.898307   -0.000377   -24.510            1 84735.769
 622      0.897888   -0.000418   -24.515            1 84814.759
 623      0.897162   -0.000727   -24.808            1 84893.666
 624      0.896801   -0.000360   -24.761            1 84969.799
 625      0.895709   -0.001092   -25.398            1 85046.316
 626      0.895246   -0.000463   -25.453            1 85116.815
 627      0.895088   -0.000159   -25.223            1 85186.722
 628      0.894723   -0.000365   -25.184            1 85258.706
 629      0.894319   -0.000404   -25.182            1 85330.976
 630      0.894228   -0.000092   -24.888            1 85403.186
 631      0.893720   -0.000507   -24.980            1 85478.129
 632      0.893519   -0.000201   -24.787            1 85552.114
 633      0.893306   -0.000213   -24.603            1 85627.889
 634      0.892967   -0.000339   -24.537            1 85705.376
 635      0.892448   -0.000519   -24.639            1 85783.450
 636      0.891808   -0.000639   -24.855            1 85860.469
 637      0.891649   -0.000159   -24.622            1 85935.303
 638      0.891087   -0.000562   -24.765            1 86012.357
 639      0.890783   -0.000304   -24.668            1 86087.924
 640      0.890538   -0.000246   -24.515            1 86164.380
 641      0.890132   -0.000405   -24.511            1 86242.290
 642      0.889569   -0.000563   -24.655            1 86320.172
 643      0.889475   -0.000095   -24.360            1 86396.530
 644      0.888856   -0.000618   -24.556            1 86475.791
 645      0.888003   -0.000854   -24.977            1 86552.995
 646      0.887773   -0.000229   -24.811            1 86625.855
 647      0.887491   -0.000283   -24.695            1 86700.296
 648      0.887049   -0.000441   -24.728            1 86775.832
 649      0.886746   -0.000304   -24.631            1 86850.942
 650      0.886420   -0.000326   -24.554            1 86926.956
 651      0.886051   -0.000369   -24.518            1 87003.672
 652      0.885865   -0.000186   -24.308            1 87080.677
 653      0.885479   -0.000386   -24.286            1 87159.788
 654      0.885096   -0.000384   -24.262            1 87239.049
 655      0.884372   -0.000724   -24.560            1 87318.480
 656      0.883789   -0.000582   -24.728            1 87394.666
 657      0.883421   -0.000369   -24.693            1 87468.978
 658      0.883309   -0.000112   -24.415            1 87543.542
 659      0.882357   -0.000953   -24.934            1 87620.971
 660      0.881988   -0.000369   -24.902            1 87692.737
 661      0.881684   -0.000303   -24.808            1 87764.713
 662      0.881558   -0.000127   -24.545            1 87837.575
 663      0.880819   -0.000739   -24.862            1 87913.160
 664      0.880638   -0.000181   -24.652            1 87985.170
 665      0.880021   -0.000617   -24.855            1 88059.348
 666      0.879726   -0.000295   -24.753            1 88131.171
 667      0.879397   -0.000329   -24.683            1 88203.976
 668      0.879339   -0.000058   -24.354            1 88277.413
 669      0.879041   -0.000298   -24.251            1 88354.378
 670      0.878551   -0.000490   -24.331            1 88432.371
 671      0.878073   -0.000478   -24.400            1 88509.351
 672      0.877710   -0.000364   -24.361            1 88585.426
 673      0.877260   -0.000450   -24.404            1 88661.817
 674      0.876482   -0.000777   -24.760            1 88737.586
 675      0.875786   -0.000696   -25.043            1 88809.156
 676      0.875524   -0.000262   -24.913            1 88877.345
 677      0.875148   -0.000376   -24.890            1 88946.845
 678      0.874937   -0.000211   -24.710            1 89016.432
 679      0.874707   -0.000230   -24.546            1 89087.928
 680      0.873814   -0.000893   -25.017            1 89161.156
 681      0.873009   -0.000806   -25.409            1 89228.740
 682      0.872732   -0.000277   -25.296            1 89291.583
 683      0.872239   -0.000493   -25.390            1 89355.524
 684      0.871667   -0.000572   -25.561            1 89418.153
 685      0.871646   -0.000021   -25.204            1 89478.556
 686      0.871428   -0.000218   -25.034            1 89542.925
 687      0.870997   -0.000431   -25.068            1 89609.093
 688      0.870824   -0.000173   -24.853            1 89674.651
 689      0.870369   -0.000455   -24.908            1 89742.572
 690      0.870234   -0.000134   -24.655            1 89809.618
 691      0.869870   -0.000365   -24.622            1 89879.516
 692      0.869418   -0.000452   -24.672            1 89949.620
 693      0.868963   -0.000455   -24.727            1 90018.909
 694      0.868606   -0.000357   -24.687            1 90087.319
 695      0.867972   -0.000634   -24.914            1 90156.002
 696      0.867737   -0.000235   -24.759            1 90221.664
 697      0.867386   -0.000351   -24.714            1 90289.017
 698      0.866547   -0.000839   -25.140            1 90356.701
 699      0.866489   -0.000058   -24.816            1 90418.832
 700      0.866192   -0.000297   -24.720            1 90484.769
 701      0.865584   -0.000608   -24.924            1 90551.675
 702      0.865211   -0.000374   -24.903            1 90615.765
 703      0.864808   -0.000402   -24.910            1 90679.864
 704      0.864457   -0.000351   -24.868            1 90743.613
 705      0.863765   -0.000692   -25.155            1 90807.642
 706      0.863423   -0.000342   -25.107            1 90867.718
 707      0.863238   -0.000185   -24.906            1 90928.131
 708      0.863078   -0.000160   -24.679            1 90990.856
 709      0.862678   -0.000400   -24.682            1 91056.264
 710      0.862237   -0.000441   -24.726            1 91121.360
 711      0.861727   -0.000511   -24.838            1 91185.610
 712      0.861609   -0.000117   -24.569            1 91248.110
 713      0.860957   -0.000652   -24.817            1 91313.882
 714      0.860891   -0.000066   -24.498            1 91376.076
 715      0.860408   -0.000483   -24.582            1 91442.242
 716      0.859771   -0.000638   -24.817            1 91507.003
 717      0.859450   -0.000321   -24.746            1 91568.307
 718      0.858885   -0.000564   -24.912            1 91630.258
 719      0.858620   -0.000265   -24.788            1 91689.658
 720      0.858430   -0.000190   -24.590            1 91750.422
 721      0.857985   -0.000445   -24.638            1 91813.578
 722      0.857598   -0.000388   -24.632            1 91875.759
 723      0.857179   -0.000419   -24.656            1 91937.715
 724      0.856665   -0.000514   -24.772            1 91999.012
 725      0.856498   -0.000167   -24.553            1 92058.359
 726      0.855754   -0.000744   -24.893            1 92120.443
 727      0.855650   -0.000105   -24.613            1 92177.419
 728      0.855219   -0.000431   -24.649            1 92237.981
 729      0.854888   -0.000331   -24.588            1 92297.688
 730      0.854872   -0.000015   -24.219            1 92357.909
 731      0.854277   -0.000595   -24.413            1 92423.079
 732      0.853814   -0.000463   -24.479            1 92485.127
 733      0.853294   -0.000520   -24.601            1 92545.869
 734      0.853036   -0.000258   -24.470            1 92604.473
 735      0.852083   -0.000952   -25.015            1 92664.622
 736      0.851720   -0.000364   -24.991            1 92716.443
 737      0.851416   -0.000304   -24.907            1 92768.209
 738      0.851090   -0.000326   -24.845            1 92820.783
 739      0.850643   -0.000447   -24.901            1 92873.857
 740      0.850532   -0.000111   -24.628            1 92925.693
 741      0.850238   -0.000294   -24.532            1 92981.164
 742      0.849862   -0.000377   -24.517            1 93037.664
 743      0.849794   -0.000067   -24.198            1 93093.988
 744      0.849431   -0.000363   -24.167            1 93154.733
 745      0.848906   -0.000525   -24.293            1 93215.565
 746      0.848633   -0.000274   -24.175            1 93274.062
 747      0.848080   -0.000553   -24.329            1 93333.968
 748      0.847499   -0.000582   -24.513            1 93391.081
 749      0.846760   -0.000739   -24.854            1 93444.911
 750      0.846686   -0.000074   -24.545            1 93493.019
 751      0.846033   -0.000653   -24.802            1 93545.447
 752      0.845864   -0.000169   -24.587            1 93593.400
 753      0.845549   -0.000314   -24.512            1 93644.242
 754      0.844798   -0.000751   -24.865            1 93695.789
 755      0.844715   -0.000084   -24.567            1 93741.261
 756      0.844200   -0.000515   -24.689            1 93790.965
 757      0.844051   -0.000149   -24.454            1 93838.225
 758      0.843518   -0.000533   -24.593            1 93888.757
 759      0.842901   -0.000616   -24.816            1 93936.540
 760      0.842501   -0.000401   -24.829            1 93980.204
 761      0.842198   -0.000303   -24.746            1 94023.114
 762      0.841891   -0.000307   -24.667            1 94066.825
 763      0.840910   -0.000981   -25.249            1 94111.296
 764      0.840710   -0.000200   -25.070            1 94145.656
 765      0.839860   -0.000849   -25.527            1 94182.367
 766      0.839679   -0.000181   -25.331            1 94210.954
 767      0.839480   -0.000200   -25.152            1 94242.134
 768      0.839394   -0.000085   -24.859            1 94275.656
 769      0.838936   -0.000459   -24.931            1 94313.466
 770      0.838578   -0.000358   -24.904            1 94349.463
 771      0.837794   -0.000784   -25.296            1 94385.301
 772      0.837720   -0.000074   -24.993            1 94413.871
 773      0.837442   -0.000278   -24.889            1 94446.915
 774      0.837193   -0.000249   -24.755            1 94481.097
 775      0.836562   -0.000631   -24.996            1 94516.946
 776      0.836406   -0.000156   -24.772            1 94547.990
 777      0.836030   -0.000375   -24.761            1 94582.256
 778      0.835238   -0.000792   -25.161            1 94616.047
 779      0.834860   -0.000379   -25.157            1 94642.177
 780      0.834770   -0.000090   -24.870            1 94667.657
 781      0.834551   -0.000219   -24.706            1 94697.496
 782      0.834056   -0.000496   -24.814            1 94729.537
 783      0.833662   -0.000394   -24.823            1 94758.956
 784      0.833497   -0.000165   -24.606            1 94787.504
 785      0.833090   -0.000407   -24.626            1 94819.235
 786      0.832596   -0.000494   -24.732            1 94849.899
 787      0.832470   -0.000126   -24.476            1 94877.924
 788      0.832229   -0.000241   -24.332            1 94909.881
 789      0.831469   -0.000760   -24.697            1 94943.773
 790      0.830845   -0.000623   -24.932            1 94970.189
 791      0.830555   -0.000290   -24.840            1 94991.507
 792      0.830405   -0.000150   -24.610            1 95013.732
 793      0.829721   -0.000684   -24.903            1 95039.464
 794      0.829604   -0.000117   -24.641            1 95058.915
 795      0.828885   -0.000719   -24.970            1 95082.482
 796      0.828610   -0.000275   -24.865            1 95099.029
 797      0.828215   -0.000394   -24.876            1 95116.726
 798      0.828084   -0.000131   -24.628            1 95133.372
 799      0.827792   -0.000293   -24.536            1 95153.917
 800      0.827405   -0.000386   -24.536            1 95175.385
 801      0.826388   -0.001018   -25.159            1 95196.009
 802      0.826165   -0.000223   -25.004            1 95203.712
 803      0.825800   -0.000365   -24.988            1 95213.492
 804      0.825459   -0.000341   -24.948            1 95222.669
 805      0.825083   -0.000376   -24.943            1 95231.703
 806      0.824796   -0.000287   -24.849            1 95239.920
 807      0.824543   -0.000253   -24.722            1 95249.044
 808      0.824066   -0.000478   -24.814            1 95259.767
 809      0.823877   -0.000188   -24.623            1 95267.696
 810      0.823443   -0.000434   -24.672            1 95278.514
 811      0.822910   -0.000533   -24.819            1 95287.384
 812      0.822627   -0.000283   -24.721            1 95292.300
 813      0.822549   -0.000078   -24.420            1 95298.212
 814      0.822199   -0.000350   -24.384            1 95309.302
 815      0.821730   -0.000469   -24.465            1 95320.163
 816      0.821559   -0.000171   -24.253            1 95328.352
 817      0.820754   -0.000805   -24.664            1 95339.958
 818      0.820666   -0.000088   -24.373            1 95341.967
 819      0.820063   -0.000603   -24.586            1 95349.047
 820      0.819843   -0.000220   -24.424            1 95350.585
 821      0.819237   -0.000606   -24.641            1 95354.491
 822      0.819017   -0.000219   -24.479            1 95352.711
 823      0.818515   -0.000502   -24.594            1 95353.287
 824      0.818263   -0.000252   -24.465            1 95350.302
 825      0.817913   -0.000350   -24.430            1 95348.990
 826      0.817489   -0.000425   -24.468            1 95347.324
 827      0.817247   -0.000241   -24.327            1 95343.691
 828      0.816529   -0.000718   -24.652            1 95342.012
 829      0.816035   -0.000494   -24.761            1 95332.030
 830      0.815545   -0.000491   -24.868            1 95318.454
 831      0.815408   -0.000137   -24.628            1 95301.306
 832      0.814937   -0.000471   -24.715            1 95288.244
 833      0.814331   -0.000606   -24.934            1 95272.025
 834      0.814235   -0.000095   -24.655            1 95249.639
 835      0.813750   -0.000485   -24.756            1 95232.246
 836      0.813639   -0.000111   -24.490            1 95211.310
 837      0.813018   -0.000622   -24.722            1 95195.121
 838      0.812881   -0.000136   -24.482            1 95172.336
 839      0.812197   -0.000684   -24.775            1 95153.757
 840      0.811948   -0.000249   -24.646            1 95127.101
 841      0.811677   -0.000271   -24.536            1 95102.080
 842      0.811298   -0.000379   -24.531            1 95078.247
 843      0.810698   -0.000600   -24.743            1 95053.170
 844      0.810622   -0.000076   -24.444            1 95021.752
 845      0.809833   -0.000789   -24.839            1 94995.968
 846      0.809291   -0.000542   -24.997            1 94959.430
 847      0.808777   -0.000514   -25.129            1 94917.698
 848      0.808650   -0.000127   -24.884            1 94871.341
 849      0.807999   -0.000651   -25.149            1 94829.298
 850      0.807820   -0.000178   -24.955            1 94779.421
 851      0.807432   -0.000388   -24.964            1 94732.653
 852      0.807092   -0.000340   -24.925            1 94684.126
 853      0.806968   -0.000124   -24.677            1 94634.963
 854      0.806663   -0.000305   -24.602            1 94590.308
 855      0.806386   -0.000277   -24.498            1 94545.937
 856      0.805713   -0.000673   -24.779            1 94502.562
 857      0.805162   -0.000551   -24.943            1 94450.613
 858      0.804802   -0.000360   -24.924            1 94392.938
 859      0.804402   -0.000400   -24.944            1 94334.072
 860      0.804234   -0.000168   -24.739            1 94273.029
 861      0.803515   -0.000718   -25.066            1 94215.453
 862      0.803207   -0.000309   -24.998            1 94147.918
 863      0.802774   -0.000432   -25.050            1 94080.340
 864      0.802668   -0.000107   -24.787            1 94009.685
 865      0.801948   -0.000720   -25.114            1 93943.988
 866      0.801839   -0.000109   -24.854            1 93868.096
 867      0.801769   -0.000071   -24.554            1 93797.093
 868      0.801056   -0.000713   -24.871            1 93732.085
 869      0.800751   -0.000305   -24.798            1 93656.963
 870      0.800293   -0.000459   -24.873            1 93581.906
 871      0.799930   -0.000362   -24.855            1 93503.014
 872      0.799804   -0.000126   -24.609            1 93422.697
 873      0.799156   -0.000648   -24.863            1 93346.999
 874      0.799092   -0.000064   -24.559            1 93262.586
 875      0.798602   -0.000490   -24.660            1 93184.401
 876      0.798220   -0.000382   -24.659            1 93101.527
 877      0.797990   -0.000230   -24.512            1 93016.721
 878      0.797449   -0.000541   -24.661            1 92933.929
 879      0.797170   -0.000279   -24.561            1 92845.041
 880      0.796550   -0.000620   -24.786            1 92756.863
 881      0.795749   -0.000801   -25.186            1 92660.407
 882      0.795575   -0.000174   -24.991            1 92550.812
 883      0.795221   -0.000355   -24.967            1 92444.448
 884      0.794687   -0.000534   -25.113            1 92336.601
 885      0.794107   -0.000580   -25.305            1 92222.490
 886      0.793986   -0.000121   -25.061            1 92100.829
 887      0.793737   -0.000249   -24.937            1 91983.741
 888      0.792906   -0.000831   -25.364            1 91867.909
 889      0.792784   -0.000122   -25.122            1 91737.724
 890      0.792364   -0.000420   -25.161            1 91612.068
 891      0.791884   -0.000480   -25.256            1 91482.977
 892      0.791713   -0.000171   -25.061            1 91348.811
 893      0.791153   -0.000561   -25.231            1 91217.887
 894      0.790980   -0.000173   -25.037            1 91079.657
 895      0.790863   -0.000117   -24.787            1 90944.638
 896      0.790204   -0.000659   -25.047            1 90814.478
 897      0.789918   -0.000286   -24.957            1 90674.262
 898      0.789595   -0.000323   -24.901            1 90534.199
 899      0.789245   -0.000350   -24.870            1 90393.290
 900      0.788655   -0.000589   -25.063            1 90250.791
 901      0.788249   -0.000407   -25.086            1 90100.005
 902      0.788004   -0.000244   -24.958            1 89945.936
 903      0.787840   -0.000164   -24.753            1 89793.111
 904      0.787743   -0.000097   -24.484            1 89643.854
 905      0.786850   -0.000892   -24.953            1 89500.201
 906      0.786583   -0.000267   -24.844            1 89339.552
 907      0.786038   -0.000545   -24.993            1 89179.523
 908      0.785645   -0.000392   -25.001            1 89012.204
 909      0.785016   -0.000629   -25.229            1 88841.881
 910      0.784908   -0.000108   -24.976            1 88661.760
 911      0.784803   -0.000105   -24.718            1 88486.646
 912      0.783871   -0.000931   -25.220            1 88316.786
 913      0.783670   -0.000201   -25.053            1 88128.379
 914      0.783315   -0.000355   -25.026            1 87942.286
 915      0.782928   -0.000387   -25.028            1 87754.134
 916      0.782492   -0.000436   -25.075            1 87562.970
 917      0.782130   -0.000362   -25.055            1 87367.356
 918      0.781630   -0.000499   -25.159            1 87169.396
 919      0.781180   -0.000450   -25.220            1 86965.085
 920      0.781030   -0.000150   -25.006            1 86755.786
 921      0.780849   -0.000181   -24.819            1 86550.266
 922      0.779958   -0.000892   -25.276            1 86347.708
 923      0.779781   -0.000176   -25.088            1 86127.225
 924      0.779402   -0.000380   -25.082            1 85909.687
 925      0.779285   -0.000117   -24.838            1 85689.168
 926      0.778815   -0.000470   -24.910            1 85473.444
 927      0.778234   -0.000580   -25.082            1 85252.123
 928      0.777377   -0.000857   -25.504            1 85021.853
 929      0.777322   -0.000055   -25.210            1 84774.393
 930      0.776791   -0.000532   -25.340            1 84533.300
 931      0.776489   -0.000302   -25.265            1 84284.553
 932      0.776182   -0.000306   -25.193            1 84034.910
 933      0.775905   -0.000278   -25.095            1 83784.252
 934      0.775257   -0.000648   -25.324            1 83533.463
 935      0.774767   -0.000490   -25.416            1 83271.493
 936      0.774557   -0.000210   -25.260            1 83002.962
 937      0.773901   -0.000656   -25.496            1 82736.180
 938      0.773570   -0.000331   -25.447            1 82457.888
 939      0.773535   -0.000034   -25.137            1 82177.664
 940      0.773294   -0.000242   -25.005            1 81904.418
 941      0.773005   -0.000289   -24.913            1 81632.073
 942      0.772121   -0.000885   -25.341            1 81359.265
 943      0.771607   -0.000514   -25.448            1 81068.011
 944      0.771449   -0.000158   -25.247            1 80769.359
 945      0.770886   -0.000563   -25.395            1 80473.934
 946      0.770383   -0.000502   -25.492            1 80169.612
 947      0.770115   -0.000268   -25.386            1 79858.179
 948      0.769932   -0.000183   -25.206            1 79546.607
 949      0.769448   -0.000484   -25.282            1 79237.500
 950      0.768825   -0.000624   -25.479            1 78921.848
 951      0.768489   -0.000336   -25.430            1 78595.439
 952      0.768351   -0.000139   -25.212            1 78266.834
 953      0.768057   -0.000293   -25.124            1 77941.974
 954      0.767810   -0.000247   -24.995            1 77616.288
 955      0.766861   -0.000949   -25.459            1 77291.205
 956      0.766602   -0.000260   -25.344            1 76945.604
 957      0.766333   -0.000268   -25.235            1 76600.056
 958      0.765434   -0.000899   -25.653            1 76254.344
 959      0.765168   -0.000267   -25.546            1 75889.657
 960      0.764919   -0.000249   -25.422            1 75524.711
 961      0.764074   -0.000845   -25.793            1 75160.082
 962      0.763999   -0.000074   -25.527            1 74778.136
 963      0.763188   -0.000812   -25.867            1 74401.537
 964      0.762961   -0.000227   -25.728            1 74008.663
 965      0.762794   -0.000167   -25.538            1 73616.600
 966      0.761729   -0.001065   -26.080            1 73227.168
 967      0.761533   -0.000196   -25.918            1 72814.209
 968      0.761303   -0.000230   -25.781            1 72402.852
 969      0.760724   -0.000579   -25.924            1 71992.188
 970      0.760326   -0.000398   -25.923            1 71572.179
 971      0.760024   -0.000302   -25.843            1 71148.017
 972      0.759598   -0.000426   -25.862            1 70722.468
 973      0.759370   -0.000228   -25.722            1 70292.006
 974      0.758998   -0.000372   -25.694            1 69862.307
 975      0.758776   -0.000222   -25.548            1 69429.307
 976      0.758333   -0.000442   -25.573            1 68997.297
 977      0.758192   -0.000142   -25.361            1 68560.045
 978      0.757807   -0.000385   -25.337            1 68126.151
 979      0.757064   -0.000742   -25.590            1 67688.732
 980      0.756758   -0.000306   -25.507            1 67237.686
 981      0.756282   -0.000476   -25.553            1 66785.317
 982      0.755645   -0.000637   -25.722            1 66326.890
 983      0.755330   -0.000315   -25.644            1 65857.973
 984      0.755244   -0.000086   -25.391            1 65387.511
 985      0.754742   -0.000502   -25.451            1 64921.902
 986      0.754394   -0.000348   -25.394            1 64449.685
 987      0.754337   -0.000057   -25.117            1 63975.131
 988      0.753793   -0.000544   -25.202            1 63506.317
 989      0.753596   -0.000197   -25.028            1 63029.888
 990      0.753040   -0.000556   -25.118            1 62555.400
 991      0.752828   -0.000211   -24.953            1 62073.073
 992      0.752282   -0.000546   -25.032            1 61592.352
 993      0.752083   -0.000199   -24.857            1 61104.173
 994      0.750953   -0.001129   -25.357            1 60617.970
 995      0.750662   -0.000291   -25.251            1 60108.872
 996      0.750349   -0.000313   -25.160            1 59599.239
 997      0.749723   -0.000625   -25.290            1 59088.548
 998      0.749577   -0.000147   -25.079            1 58568.699
 999      0.749150   -0.000427   -25.065            1 58052.182
1000      0.748813   -0.000337   -24.985            1 57531.794
1001      0.747751   -0.001062   -25.411            1 57009.917
1002      0.747555   -0.000196   -25.236            1 56468.235
1003      0.747436   -0.000119   -25.005            1 55928.646
1004      0.746805   -0.000631   -25.123            1 55393.154
1005      0.746282   -0.000523   -25.168            1 54849.071
1006      0.746211   -0.000071   -24.904            1 54299.174
1007      0.746016   -0.000195   -24.721            1 53754.600
1008      0.745248   -0.000768   -24.920            1 53212.400
1009      0.745049   -0.000199   -24.740            1 52658.693
1010      0.744530   -0.000519   -24.769            1 52107.308
1011      0.744153   -0.000377   -24.703            1 51550.672
1012      0.743134   -0.001018   -25.055            1 50992.228
1013      0.742742   -0.000392   -25.000            1 50417.180
1014      0.742518   -0.000224   -24.834            1 49840.171
1015      0.742167   -0.000351   -24.747            1 49265.102
1016      0.741703   -0.000465   -24.731            1 48689.169
1017      0.741282   -0.000420   -24.685            1 48109.919
1018      0.740635   -0.000647   -24.779            1 47528.449
1019      0.740217   -0.000419   -24.729            1 46939.929
1020      0.739878   -0.000338   -24.628            1 46349.454
1021      0.739374   -0.000504   -24.626            1 45758.841
1022      0.739111   -0.000263   -24.476            1 45164.687
1023      0.738802   -0.000309   -24.351            1 44572.144
1024      0.738212   -0.000590   -24.392            1 43980.334
1025      0.737780   -0.000432   -24.337            1 43383.597
1026      0.737396   -0.000384   -24.252            1 42785.310
1027      0.736984   -0.000412   -24.181            1 42186.547
1028      0.735963   -0.001021   -24.460            1 41586.862
1029      0.735761   -0.000202   -24.267            1 40974.728
1030      0.735304   -0.000457   -24.216            1 40365.959
1031      0.734970   -0.000334   -24.094            1 39755.871
1032      0.734541   -0.000430   -24.022            1 39146.884
1033      0.733887   -0.000654   -24.072            1 38537.354
1034      0.733415   -0.000471   -24.019            1 37923.443
1035      0.732949   -0.000466   -23.961            1 37308.594
1036      0.732513   -0.000436   -23.884            1 36693.066
1037      0.732267   -0.000246   -23.704            1 36077.528
1038      0.731843   -0.000424   -23.614            1 35465.282
1039      0.731720   -0.000122   -23.365            1 34853.484
1040      0.731537   -0.000184   -23.145            1 34247.181
1041      0.730472   -0.001065   -23.371            1 33645.430
1042      0.729981   -0.000490   -23.304            1 33034.320
1043      0.729633   -0.000348   -23.163            1 32423.253
1044      0.728837   -0.000796   -23.239            1 31814.556
1045      0.728673   -0.000165   -23.005            1 31201.764
1046      0.728313   -0.000360   -22.862            1 30594.315
1047      0.727928   -0.000384   -22.727            1 29989.476
1048      0.727418   -0.000510   -22.648            1 29387.035
1049      0.727148   -0.000271   -22.455            1 28785.399
1050      0.726794   -0.000354   -22.297            1 28187.990
1051      0.725961   -0.000833   -22.353            1 27593.798
1052      0.725048   -0.000913   -22.440            1 26996.724
1053      0.724519   -0.000529   -22.353            1 26396.259
1054      0.724216   -0.000302   -22.164            1 25797.513
1055      0.723693   -0.000523   -22.065            1 25203.372
1056      0.723414   -0.000280   -21.861            1 24611.396
1057      0.723253   -0.000161   -21.603            1 24024.537
1058      0.721925   -0.001328   -21.822            1 23444.218
1059      0.721643   -0.000282   -21.610            1 22857.917
1060      0.721281   -0.000362   -21.427            1 22277.195
1061      0.720472   -0.000810   -21.417            1 21701.338
1062      0.719977   -0.000495   -21.279            1 21126.105
1063      0.719901   -0.000076   -20.977            1 20554.863
1064      0.719402   -0.000499   -20.831            1 19991.675
1065      0.719000   -0.000402   -20.645            1 19432.710
1066      0.718261   -0.000738   -20.577            1 18879.019
1067      0.718142   -0.000120   -20.283            1 18327.883
1068      0.717777   -0.000365   -20.071            1 17784.752
1069      0.717452   -0.000325   -19.842            1 17247.657
1070      0.716427   -0.001025   -19.844            1 16717.043
1071      0.716381   -0.000046   -19.516            1 16187.647
1072      0.715246   -0.001136   -19.538            1 15667.178
1073      0.714616   -0.000630   -19.391            1 15147.820
1074      0.714475   -0.000140   -19.086            1 14633.594
1075      0.714219   -0.000256   -18.813            1 14127.956
1076      0.713164   -0.001055   -18.774            1 13630.197
1077      0.712737   -0.000426   -18.544            1 13135.446
1078      0.712122   -0.000615   -18.362            1 12647.888
1079      0.711390   -0.000732   -18.207            1 12166.600
1080      0.710627   -0.000763   -18.053            1 11691.189
1081      0.710051   -0.000576   -17.842            1 11221.797
1082      0.709592   -0.000458   -17.594            1 10759.634
1083      0.709166   -0.000426   -17.333            1 10305.455
1084      0.708482   -0.000684   -17.129            1  9859.551
1085      0.707782   -0.000701   -16.922            1  9420.944
1086      0.707274   -0.000508   -16.663            1  8989.808
1087      0.706797   -0.000477   -16.390            1  8567.136
1088      0.706143   -0.000654   -16.150            1  8153.197
1089      0.706015   -0.000128   -15.790            1  7747.504
1090      0.705340   -0.000675   -15.538            1  7352.048
1091      0.704378   -0.000962   -15.336            1  6965.053
1092      0.704283   -0.000094   -14.956            1  6585.850
1093      0.703385   -0.000898   -14.721            1  6217.273
1094      0.703045   -0.000340   -14.376            1  5857.081
1095      0.701820   -0.001224   -14.178            1  5507.010
1096      0.701265   -0.000556   -13.855            1  5164.950
1097      0.700725   -0.000540   -13.522            1  4832.813
1098      0.699907   -0.000818   -13.222            1  4510.769
1099      0.699180   -0.000727   -12.899            1  4198.381
1100      0.698277   -0.000903   -12.590            1  3896.029
1101      0.697974   -0.000303   -12.189            1  3603.580
1102      0.697542   -0.000433   -11.796            1  3322.231
1103      0.696953   -0.000589   -11.412            1  3051.837
1104      0.696659   -0.000294   -10.983            1  2792.252
1105      0.695658   -0.001001   -10.622            1  2544.003
1106      0.694443   -0.001215   -10.269            1  2306.215
1107      0.694113   -0.000330    -9.814            1  2078.845
1108      0.692730   -0.001382    -9.442            1  1863.108
1109      0.692621   -0.000109    -8.944            1  1657.987
1110      0.691967   -0.000654    -8.476            1  1464.926
1111      0.690842   -0.001125    -8.026            1  1283.465
1112      0.690363   -0.000479    -7.512            1  1113.330
1113      0.689673   -0.000690    -6.992            1   955.191
1114      0.687940   -0.001734    -6.508            1   808.983
1115      0.686043   -0.001896        NA           NA        NA
1116      0.685158   -0.000886        NA           NA        NA
1117      0.683896   -0.001262        NA           NA        NA
1118      0.681928   -0.001968        NA           NA        NA
1119      0.681044   -0.000884        NA           NA        NA
1120      0.679588   -0.001456        NA           NA        NA
1121      0.669703   -0.009885        NA           NA        NA
1122      0.655707   -0.013997        NA           NA        NA
1123      0.415782   -0.239924        NA           NA        NA
    kurtosis           snps    indivs
 eigenvector    1     3.079     2.274
 eigenvector    2     2.999     2.689
 eigenvector    3     3.296     6.305
 eigenvector    4    15.981   111.451
lsqproj called!
doshrink called
trace:      1.000
writing eigenvecotrs for  2209 samples
doshrink exited :: cpu time : 28449.050
population:   0  construct_WE_NA_PCA 1124
number of blocks for block jackknife: 710
## end of Fst statistics between populations

fst *1000:
          c 
   c      0

std. err.  * 1000000:
          c 
   c      0

eigenvector 1:means
 construct_WE_NA_PCA      0.000
eigenvector 2:means
 construct_WE_NA_PCA      0.000
eigenvector 3:means
 construct_WE_NA_PCA     -0.000
eigenvector 4:means
 construct_WE_NA_PCA      0.000

## Statistical significance of differences beween populations:
                                pop1                  pop2      chisq          p-value   |pop1|   |pop2|

eigbestsnp    1            rs6714750  2    136783169     4.984
eigbestsnp    1             rs687039  6    100114091     4.739
eigbestsnp    1             rs498743  6    100087866     4.667
eigbestsnp    1            rs4839752  6    100160377     4.633
eigbestsnp    1           rs11758549  6    100184485     4.616
eigbestsnp    1           rs41521049  2    135693069     4.605
eigbestsnp    1             rs532213  6    100095294     4.603
eigbestsnp    1           rs11753726  6    100184404     4.542
eigbestsnp    1             rs603424 10    102075479     4.491
eigbestsnp    1            rs9403088  6    100227425     4.485
eigbestsnp    2           rs77225203  5    104872508     4.652
eigbestsnp    2           rs17073870 13     81787248     4.631
eigbestsnp    2            rs7711485  5     96929292     4.573
eigbestsnp    2          rs117405416  4     24223903     4.553
eigbestsnp    2           rs17027825  2    103342438     4.519
eigbestsnp    2            rs4290266 11    118285995     4.502
eigbestsnp    2           rs10199500  2    172008533     4.498
eigbestsnp    2            rs1344237  2    171984435     4.489
eigbestsnp    2     snp_11_114134195 11    114134195     4.484
eigbestsnp    2             rs392953  2     40455772     4.473
eigbestsnp    3             rs976198  1    230005249     5.363
eigbestsnp    3            rs6587359  1    229986881     5.302
eigbestsnp    3           rs16906251  8     79794072     5.297
eigbestsnp    3           rs12581401 12     61662800     5.254
eigbestsnp    3            rs7525031  1    239180189     5.250
eigbestsnp    3            rs1915246  1    239176050     5.241
eigbestsnp    3            rs6429115  1    239191598     5.213
eigbestsnp    3            rs6587361  1    230019048     5.193
eigbestsnp    3            rs7529116  1    230077046     5.170
eigbestsnp    3            rs6541338  1    230077332     5.167
eigbestsnp    4           rs12073879  1     57974012    14.853
eigbestsnp    4          rs112180457  7     31787275    14.847
eigbestsnp    4           rs74469905  5    171038401    14.846
eigbestsnp    4            rs6703115  1     57960915    14.840
eigbestsnp    4          rs114831046  9     75669011    13.881
eigbestsnp    4           rs16906251  8     79794072    12.219
eigbestsnp    4          rs111619280 20     41000034    12.216
eigbestsnp    4            rs6841340  4    140438766    12.207
eigbestsnp    4           rs76276182 21     37944257    12.203
eigbestsnp    4             rs335951  5     16392206    12.197
##end of primary run 
##end of smartpca:    29948.270 seconds cpu      336.716 Mbytes in use
