parameter file: ./run_WE_NA_PCA.par
### THE INPUT PARAMETERS
##PARAMETER NAME: VALUE
DATE: 20201116
BUILD: construct_WE_NA_PCA
BASE: /n/groups/reich/hringbauer/git/punic_aDNA
INDIR: BASE/eigenstrat/
GENO: punic1.v44_HO
OUTDIR: BASE/output/pca/v44
genotypename: /n/groups/reich/hringbauer/git/punic_aDNA/eigenstrat//punic1.v44_HO.geno
snpname: /n/groups/reich/hringbauer/git/punic_aDNA/eigenstrat//punic1.v44_HO.snp
indivname: /n/groups/reich/hringbauer/git/punic_aDNA/eigenstrat//punic1.v44_HO_mod.ind
evecoutname: /n/groups/reich/hringbauer/git/punic_aDNA/output/pca/v44/20201116.punic1.v44_HO.construct_WE_NA_PCA.shrinkmode.evec.txt
evaloutname: /n/groups/reich/hringbauer/git/punic_aDNA/output/pca/v44/20201116.punic1.v44_HO.construct_WE_NA_PCA.shrinkmode.eval.txt
poplistname: /n/groups/reich/hringbauer/git/punic_aDNA/parfiles/pca/construct_WE_NA_PCA
lsqproject: YES
shrinkmode: NO
hiprecision: NO
numoutevec: 4
topright: Georgian
## smartpca version: 18140
norm used

lsqproject used
packed geno read OK
end of inpack
snps deleted (nodata): 0.  deletesnpoutname: for detailsnumber of samples used: 1033 number of snps used: 593124
number of pops for axes: 1
Using 31 threads, and partial sum lookup algorithm.
 snp        snp_1_1330931 ignored . allelecnt:     0  missing:   125
 snp          rs143379804 ignored . allelecnt:     0  missing:     0
 snp        snp_1_1603935 ignored . allelecnt:     0  missing:     5
 snp        Affx-50013327 ignored . allelecnt:     0  missing:     0
 snp        snp_1_1934796 ignored . allelecnt:     0  missing:   120
 snp          rs149932247 ignored . allelecnt:     0  missing:     0
 snp          rs111514148 ignored . allelecnt:     0  missing:   120
 snp          rs144277239 ignored . allelecnt:     0  missing:     0
 snp           rs77602667 ignored . allelecnt:     0  missing:     0
 snp          rs201250599 ignored . allelecnt:     0  missing:     0
total number of snps killed in pass: 57340  used: 535784
REMOVED outlier HGDP01257 iter 1 evec 7 sigmage 8.016 pop: construct_WE_NA_PCA
REMOVED outlier HGDP01274 iter 1 evec 7 sigmage -26.401 pop: construct_WE_NA_PCA
REMOVED outlier Algerian43A22 iter 1 evec 3 sigmage -16.595 pop: construct_WE_NA_PCA
REMOVED outlier SAH27 iter 1 evec 6 sigmage -7.593 pop: construct_WE_NA_PCA
REMOVED outlier Algerian43A13 iter 1 evec 3 sigmage -6.525 pop: construct_WE_NA_PCA
REMOVED outlier SAH24 iter 1 evec 6 sigmage -8.108 pop: construct_WE_NA_PCA
REMOVED outlier Tunisian20D4 iter 1 evec 8 sigmage -8.812 pop: construct_WE_NA_PCA
REMOVED outlier SAH34 iter 1 evec 6 sigmage -16.308 pop: construct_WE_NA_PCA
REMOVED outlier Algerian43A24 iter 1 evec 3 sigmage -8.124 pop: construct_WE_NA_PCA
REMOVED outlier SAH9 iter 1 evec 6 sigmage -12.286 pop: construct_WE_NA_PCA
REMOVED outlier Algerian43A32 iter 1 evec 3 sigmage -15.237 pop: construct_WE_NA_PCA
REMOVED outlier Algerian43A23 iter 1 evec 4 sigmage -12.422 pop: construct_WE_NA_PCA
REMOVED outlier Tunisian20D1 iter 1 evec 8 sigmage -7.552 pop: construct_WE_NA_PCA
number of samples after outlier removal: 1020
total number of snps killed in pass: 58648  used: 534476
REMOVED outlier HGDP01256 iter 2 evec 6 sigmage 7.468 pop: construct_WE_NA_PCA
REMOVED outlier HGDP01259 iter 2 evec 6 sigmage 25.993 pop: construct_WE_NA_PCA
REMOVED outlier HGDP01262 iter 2 evec 6 sigmage 10.369 pop: construct_WE_NA_PCA
REMOVED outlier HGDP01276 iter 2 evec 7 sigmage -9.733 pop: construct_WE_NA_PCA
REMOVED outlier Tunisian200000 iter 2 evec 8 sigmage 11.509 pop: construct_WE_NA_PCA
REMOVED outlier Algerian43A21 iter 2 evec 5 sigmage 7.241 pop: construct_WE_NA_PCA
REMOVED outlier SAH21 iter 2 evec 4 sigmage 9.607 pop: construct_WE_NA_PCA
REMOVED outlier Tunisian20A5 iter 2 evec 4 sigmage 7.221 pop: construct_WE_NA_PCA
number of samples after outlier removal: 1012
total number of snps killed in pass: 59661  used: 533463
REMOVED outlier HGDP01253 iter 3 evec 9 sigmage -7.139 pop: construct_WE_NA_PCA
REMOVED outlier HGDP01265 iter 3 evec 9 sigmage -9.617 pop: construct_WE_NA_PCA
REMOVED outlier HGDP01277 iter 3 evec 9 sigmage 14.628 pop: construct_WE_NA_PCA
REMOVED outlier Egypt3 iter 3 evec 4 sigmage 7.100 pop: construct_WE_NA_PCA
REMOVED outlier Egypt11 iter 3 evec 4 sigmage 6.868 pop: construct_WE_NA_PCA
REMOVED outlier Tunisian20F4 iter 3 evec 4 sigmage 6.853 pop: construct_WE_NA_PCA
REMOVED outlier SAH18 iter 3 evec 5 sigmage -27.138 pop: construct_WE_NA_PCA
REMOVED outlier Egypt9AQ177 iter 3 evec 9 sigmage -7.774 pop: construct_WE_NA_PCA
REMOVED outlier LIB13 iter 3 evec 7 sigmage 27.161 pop: construct_WE_NA_PCA
number of samples after outlier removal: 1003
total number of snps killed in pass: 60775  used: 532349
REMOVED outlier HGDP00630 iter 4 evec 3 sigmage -6.068 pop: construct_WE_NA_PCA
REMOVED outlier HGDP01254 iter 4 evec 6 sigmage 8.278 pop: construct_WE_NA_PCA
REMOVED outlier HGDP01255 iter 4 evec 6 sigmage -6.294 pop: construct_WE_NA_PCA
REMOVED outlier HGDP01264 iter 4 evec 9 sigmage 6.553 pop: construct_WE_NA_PCA
REMOVED outlier HGDP01268 iter 4 evec 4 sigmage -6.024 pop: construct_WE_NA_PCA
REMOVED outlier HGDP01275 iter 4 evec 7 sigmage -9.969 pop: construct_WE_NA_PCA
REMOVED outlier HGDP01279 iter 4 evec 7 sigmage 17.911 pop: construct_WE_NA_PCA
REMOVED outlier HGDP01280 iter 4 evec 4 sigmage -6.166 pop: construct_WE_NA_PCA
REMOVED outlier HGDP01282 iter 4 evec 9 sigmage -8.559 pop: construct_WE_NA_PCA
REMOVED outlier Egypt1 iter 4 evec 4 sigmage 6.825 pop: construct_WE_NA_PCA
REMOVED outlier Tunisian20C1 iter 4 evec 6 sigmage -17.887 pop: construct_WE_NA_PCA
REMOVED outlier Algerian43A34 iter 4 evec 7 sigmage 7.178 pop: construct_WE_NA_PCA
REMOVED outlier Tunisian20B4 iter 4 evec 4 sigmage 6.568 pop: construct_WE_NA_PCA
REMOVED outlier LIB27 iter 4 evec 6 sigmage 19.495 pop: construct_WE_NA_PCA
number of samples after outlier removal: 989
total number of snps killed in pass: 62407  used: 530717
REMOVED outlier HGDP00610 iter 5 evec 3 sigmage -6.013 pop: construct_WE_NA_PCA
REMOVED outlier HGDP00611 iter 5 evec 8 sigmage -7.951 pop: construct_WE_NA_PCA
REMOVED outlier HGDP00612 iter 5 evec 3 sigmage -6.149 pop: construct_WE_NA_PCA
REMOVED outlier HGDP00616 iter 5 evec 3 sigmage -6.351 pop: construct_WE_NA_PCA
REMOVED outlier HGDP00631 iter 5 evec 3 sigmage -6.258 pop: construct_WE_NA_PCA
REMOVED outlier HGDP00646 iter 5 evec 4 sigmage 6.095 pop: construct_WE_NA_PCA
REMOVED outlier HGDP00649 iter 5 evec 3 sigmage -6.376 pop: construct_WE_NA_PCA
REMOVED outlier HGDP01258 iter 5 evec 2 sigmage 6.747 pop: construct_WE_NA_PCA
REMOVED outlier HGDP01272 iter 5 evec 3 sigmage 7.164 pop: construct_WE_NA_PCA
REMOVED outlier HGDP01278 iter 5 evec 2 sigmage 7.144 pop: construct_WE_NA_PCA
REMOVED outlier Egypt12 iter 5 evec 4 sigmage 6.312 pop: construct_WE_NA_PCA
REMOVED outlier Tunisian20C4 iter 5 evec 6 sigmage 6.529 pop: construct_WE_NA_PCA
REMOVED outlier Egypt8AT113 iter 5 evec 8 sigmage -13.949 pop: construct_WE_NA_PCA
REMOVED outlier LIB18 iter 5 evec 7 sigmage -8.211 pop: construct_WE_NA_PCA
REMOVED outlier LIB30 iter 5 evec 5 sigmage 7.119 pop: construct_WE_NA_PCA
number of samples after outlier removal: 974
total number of snps killed in pass: 64082  used: 529042
mpstats:     0.814    0.920    1.067    0.274691

## Tracy-Widom statistics: rows: 974  cols: 530717
  #N    eigenvalue  difference    twstat      p-value effect. n
   1      7.501222          NA  1066.811            0  7932.639
   2      3.891828   -3.609394   563.231            0 12086.983
   3      2.841814   -1.050014   334.930            0 13453.849
   4      2.212155   -0.629660   176.239            0 14075.801
   5      2.074250   -0.137905   142.241            0 14339.433
   6      2.047885   -0.026365   138.140            0 14546.470
   7      2.036645   -0.011241   138.150            0 14749.413
   8      2.017763   -0.018882   135.916            0 14955.117
   9      2.011705   -0.006057   137.293            0 15159.754
  10      2.010162   -0.001543   140.023            0 15369.518
  11      1.995802   -0.014360   139.019            0 15586.964
  12      1.986024   -0.009778   139.311            0 15805.580
  13      1.975660   -0.010364   139.401            0 16027.717
  14      1.969049   -0.006611   140.610            0 16253.062
  15      1.960115   -0.008934   141.113            0 16483.774
  16      1.955591   -0.004525   142.979            0 16718.641
  17      1.938738   -0.016853   140.995            0 16960.410
  18      1.929624   -0.009114   141.356            0 17201.665
  19      1.920017   -0.009607   141.536            0 17446.996
  20      1.880252   -0.039765   131.878            0 17696.115
  21      1.871810   -0.008442   132.073            0 17929.252
  22      1.855588   -0.016222   129.669            0 18165.833
  23      1.848588   -0.007000   130.222            0 18400.656
  24      1.840819   -0.007769   130.509            0 18639.639
  25      1.833998   -0.006822   131.100            0 18882.316
  26      1.821520   -0.012477   129.743            0 19129.390
  27      1.788845   -0.032676   121.308            0 19376.817
  28      1.780856   -0.007989   121.155            0 19609.673
  29      1.760609   -0.020247   116.656            0 19845.052
  30      1.748645   -0.011964   114.915            0 20073.846
  31      1.741924   -0.006721   114.968            0 20301.687
  32      1.695730   -0.046194   100.770 5.84005e-295 20532.300
  33      1.694919   -0.000811   102.575 7.26252e-303 20736.078
  34      1.683391   -0.011528   100.503   8.556e-294 20945.688
  35      1.678780   -0.004611   100.897 1.63592e-295 21153.243
  36      1.669661   -0.009119    99.618  6.0176e-290 21363.793
  37      1.662534   -0.007127    99.027 2.16234e-287 21573.874
  38      1.651909   -0.010625    97.091 4.61897e-279 21784.899
  39      1.642055   -0.009854    95.374 9.57082e-272 21994.008
  40      1.637342   -0.004713    95.550 1.71517e-272 22201.608
  41      1.623780   -0.013562    92.328  6.3128e-259 22411.683
  42      1.613137   -0.010643    90.126 8.64356e-250 22616.968
  43      1.607932   -0.005205    89.959 4.20147e-249 22819.564
  44      1.595989   -0.011943    87.147 1.31615e-237 23023.768
  45      1.588992   -0.006997    86.188 9.95091e-234 23223.886
  46      1.585977   -0.003015    86.765  4.6536e-236 23423.831
  47      1.579047   -0.006929    85.792 3.93439e-232 23626.916
  48      1.573032   -0.006016    85.147 1.53163e-229 23829.788
  49      1.567553   -0.005479    84.690 1.03068e-227 24033.146
  50      1.563638   -0.003915    84.843 2.51689e-228 24237.394
  51      1.554714   -0.008924    82.954 8.31127e-221 24443.894
  52      1.546890   -0.007824    81.454 6.69733e-215 24648.070
  53      1.542257   -0.004633    81.219 5.60315e-214 24850.746
  54      1.536028   -0.006229    80.308 2.01709e-210 25054.735
  55      1.531119   -0.004909    79.914 6.90218e-209 25258.503
  56      1.528544   -0.002575    80.476  4.4875e-211 25463.209
  57      1.518243   -0.010301    77.795 1.02735e-200 25671.065
  58      1.513303   -0.004940    77.305 7.73289e-199 25874.572
  59      1.508460   -0.004843    76.835 4.79529e-197 26078.743
  60      1.500411   -0.008049    74.975 5.25147e-190 26283.619
  61      1.495854   -0.004557    74.561 1.87873e-188 26485.926
  62      1.489839   -0.006015    73.500 1.73598e-184 26689.015
  63      1.487964   -0.001874    74.203 4.12479e-187 26891.346
  64      1.486394   -0.001570    75.048 2.79055e-190 27097.096
  65      1.476618   -0.009776    72.307  4.6437e-180 27306.671
  66      1.473976   -0.002642    72.637 2.78748e-181 27511.417
  67      1.463611   -0.010365    69.547 5.82204e-170 27718.714
  68      1.460455   -0.003156    69.587  4.1808e-170 27920.242
  69      1.453396   -0.007059    67.875 6.13536e-164 28123.546
  70      1.450912   -0.002485    68.173  5.2465e-165 28324.345
  71      1.441276   -0.009636    65.242 1.32393e-154 28527.529
  72      1.440535   -0.000741    66.275 3.03602e-158 28725.149
  73      1.436551   -0.003984    65.846 9.94354e-157 28926.917
  74      1.435473   -0.001078    66.732 7.27434e-160 29129.252
  75      1.428133   -0.007340    64.750 6.99233e-153 29335.466
  76      1.427153   -0.000981    65.658 4.54891e-156 29538.334
  77      1.426250   -0.000903    66.617 1.86777e-159 29745.152
  78      1.419708   -0.006542    64.958  1.3085e-153 29956.129
  79      1.415954   -0.003754    64.564 3.12426e-152 30164.522
  80      1.411680   -0.004274    63.910 5.91252e-150 30373.572
  81      1.408036   -0.003644    63.534 1.18902e-148 30582.593
  82      1.406433   -0.001603    64.115 1.14924e-150 30792.300
  83      1.396635   -0.009799    60.787 3.06059e-139 31005.232
  84      1.390320   -0.006315    59.054 2.06795e-133 31211.016
  85      1.384872   -0.005448    57.697 6.60846e-129 31413.810
  86      1.384138   -0.000733    58.589 7.34378e-132 31614.566
  87      1.381711   -0.002428    58.670 3.93118e-132 31819.225
  88      1.376659   -0.005051    57.468 3.77171e-128 32025.675
  89      1.375813   -0.000846    58.297 6.85252e-131 32230.454
  90      1.370771   -0.005043    57.072 7.55487e-127 32439.052
  91      1.369673   -0.001097    57.767 3.86959e-129 32645.889
  92      1.364932   -0.004741    56.663 1.64656e-125 32856.220
  93      1.363001   -0.001932    56.933 2.16345e-126 33065.091
  94      1.359122   -0.003878    56.228 4.36075e-124 33276.299
  95      1.356132   -0.002991    55.950 3.49436e-123 33487.132
  96      1.349044   -0.007088    53.593  1.3288e-115 33698.775
  97      1.347875   -0.001169    54.185 1.71305e-117 33905.345
  98      1.341676   -0.006200    52.224 2.82626e-111 34115.122
  99      1.339136   -0.002540    52.090 7.42329e-111 34320.869
 100      1.335981   -0.003155    51.634 1.98864e-109 34527.735
 101      1.335435   -0.000546    52.509 3.58211e-112 34734.800
 102      1.331972   -0.003463    51.888 3.20132e-110 34945.906
 103      1.328333   -0.003639    51.159 6.01744e-108 35156.749
 104      1.322715   -0.005618    49.380 1.82452e-102 35366.996
 105      1.317736   -0.004979    47.897  5.69102e-98 35573.551
 106      1.315498   -0.002238    47.823  9.49917e-98 35777.235
 107      1.312966   -0.002532    47.589  4.80046e-97 35982.134
 108      1.310271   -0.002696    47.259  4.63751e-96 36187.780
 109      1.306355   -0.003916    46.272  3.99212e-93 36393.891
 110      1.300580   -0.005775    44.271  2.83753e-87 36598.500
 111      1.298749   -0.001831    44.342  1.77072e-87 36798.562
 112      1.294952   -0.003797    43.354  1.23261e-84 37000.195
 113      1.294062   -0.000890    43.913  3.06617e-86 37200.237
 114      1.290311   -0.003752    42.930  2.00858e-83 37403.314
 115      1.288885   -0.001426    43.189  3.66375e-84 37604.787
 116      1.285217   -0.003668    42.227  1.97209e-81 37808.405
 117      1.284166   -0.001052    42.676  1.05554e-82 38010.453
 118      1.275277   -0.008889    38.829  5.00041e-72 38215.236
 119      1.272393   -0.002884    38.219  2.21529e-70 38409.571
 120      1.267785   -0.004608    36.643  3.44952e-66 38603.294
 121      1.263417   -0.004368    35.170  2.36429e-62 38793.438
 122      1.260737   -0.002680    34.610  6.50103e-61 38980.284
 123      1.255592   -0.005145    32.663   5.2882e-56 39166.575
 124      1.255343   -0.000249    33.422  6.69977e-58 39348.070
 125      1.252817   -0.002526    32.912  1.26558e-56 39532.979
 126      1.251309   -0.001508    32.966  9.32264e-57 39717.442
 127      1.249004   -0.002305    32.567  9.16126e-56 39903.186
 128      1.247396   -0.001608    32.554  9.83945e-56 40088.814
 129      1.242683   -0.004713    30.775  2.22003e-51 40275.523
 130      1.239502   -0.003181    29.839   3.8817e-49 40457.790
 131      1.234857   -0.004644    28.049  5.97695e-45 40638.207
 132      1.233536   -0.001321    28.135   3.7874e-45 40814.094
 133      1.231247   -0.002289    27.664  4.57529e-44 40991.256
 134      1.228521   -0.002726    26.932  2.11396e-42 41167.956
 135      1.226836   -0.001685    26.789  4.44892e-42 41343.360
 136      1.224226   -0.002610    26.105  1.50675e-40 41519.305
 137      1.223108   -0.001118    26.276  6.25636e-41 41694.079
 138      1.219348   -0.003760    24.909  6.41102e-38 41870.379
 139      1.217183   -0.002165    24.451  6.25192e-37 42043.311
 140      1.215478   -0.001705    24.255   1.6508e-36 42215.740
 141      1.213800   -0.001678    24.070  4.11475e-36 42388.491
 142      1.211488   -0.002312    23.506  6.46249e-35 42561.595
 143      1.210068   -0.001420    23.460  8.08785e-35 42733.830
 144      1.209020   -0.001047    23.632   3.4996e-35 42906.856
 145      1.205620   -0.003400    22.407  1.26411e-32 43081.389
 146      1.201535   -0.004085    20.755  2.77107e-29 43252.875
 147      1.197651   -0.003884    19.199  2.96857e-26 43419.902
 148      1.196757   -0.000894    19.409  1.17634e-26 43582.759
 149      1.195553   -0.001203    19.435  1.04988e-26 43747.139
 150      1.193823   -0.001731    19.142  3.80871e-26 43912.454
 151      1.190314   -0.003509    17.772  1.39731e-23 44077.666
 152      1.188605   -0.001710    17.469  5.00223e-23 44239.232
 153      1.183852   -0.004752    15.317  3.13902e-19 44400.622
 154      1.181971   -0.001881    14.879  1.73305e-18 44555.772
 155      1.179811   -0.002160    14.264  1.83075e-17 44710.251
 156      1.179151   -0.000660    14.556  6.03272e-18 44863.468
 157      1.175678   -0.003473    13.129  1.24893e-15 45018.382
 158      1.174266   -0.001412    12.946   2.4249e-15 45169.349
 159      1.172176   -0.002090    12.343  2.09351e-14 45320.431
 160      1.169864   -0.002312    11.595  2.83143e-13 45470.238
 161      1.167472   -0.002391    10.787  4.30001e-12 45618.277
 162      1.166710   -0.000762    10.975  2.30221e-12 45764.334
 163      1.165147   -0.001564    10.668  6.36634e-12 45911.685
 164      1.163132   -0.002015    10.076   4.3463e-11 46058.693
 165      1.160199   -0.002933     8.905   1.6541e-09 46204.400
 166      1.159180   -0.001019     8.911   1.6249e-09 46346.866
 167      1.156526   -0.002654     7.894  1.11707e-08 46489.987
 168      1.155463   -0.001062     7.861  1.20764e-08 46630.352
 169      1.153964   -0.001499     7.553  2.89582e-08 46771.223
 170      1.151364   -0.002600     6.548   4.6331e-07 46911.677
 171      1.150102   -0.001262     6.373  7.37194e-07 47049.370
 172      1.149815   -0.000287     6.810  2.28991e-07 47187.066
 173      1.148632   -0.001182     6.685  3.21059e-07 47326.829
 174      1.147365   -0.001267     6.503  5.22257e-07 47466.774
 175      1.144919   -0.002446     5.571  5.72429e-06 47606.706
 176      1.142112   -0.002807     4.398  9.17315e-05 47744.057
 177      1.141308   -0.000803     4.486  7.51772e-05 47877.992
 178      1.140108   -0.001201     4.321  0.000108884 48012.785
 179      1.139750   -0.000358     4.692  4.69684e-05 48147.576
 180      1.136829   -0.002920     3.425  0.000734545 48284.205
 181      1.135641   -0.001188     3.255   0.00103528 48417.036
 182      1.134514   -0.001128     3.120   0.00135035 48549.824
 183      1.131924   -0.002589     2.042   0.00968566 48682.689
 184      1.130696   -0.001228     1.830     0.013794 48812.364
 185      1.130428   -0.000268     2.234   0.00697011 48941.820
 186      1.127615   -0.002813     0.995     0.048937 49073.201
 187      1.125925   -0.001690     0.469    0.0977093 49200.789
 188      1.125137   -0.000788     0.523    0.0913608 49327.047
 189      1.123428   -0.001709    -0.023     0.172231 49453.985
 190      1.122291   -0.001137    -0.202     0.207608 49579.508
 191      1.121728   -0.000563    -0.009     0.169816 49704.885
 192      1.119649   -0.002078    -0.806     0.358931 49831.422
 193      1.119223   -0.000426    -0.530     0.283992 49955.634
 194      1.118337   -0.000886    -0.554     0.290008 50081.295
 195      1.116992   -0.001344    -0.880     0.380171 50207.354
 196      1.114782   -0.002210    -1.779     0.660902 50332.734
 197      1.113223   -0.001560    -2.260     0.794402 50455.381
 198      1.112352   -0.000870    -2.292      0.80207 50576.770
 199      1.111705   -0.000647    -2.177     0.773363 50698.494
 200      1.110445   -0.001261    -2.468     0.841842 50821.083
 201      1.108769   -0.001676    -3.038     0.934902 50943.077
 202      1.108368   -0.000401    -2.767      0.89757 51063.464
 203      1.106840   -0.001528    -3.245     0.955854 51185.269
 204      1.106108   -0.000732    -3.197     0.951564 51305.787
 205      1.104600   -0.001507    -3.667     0.982346 51426.916
 206      1.104328   -0.000272    -3.317     0.961825 51546.769
 207      1.102729   -0.001598    -3.852     0.988817 51668.337
 208      1.100825   -0.001905    -4.599      0.99879 51788.379
 209      1.099977   -0.000847    -4.644     0.998962 51906.106
 210      1.098741   -0.001237    -4.951     0.999664 52024.084
 211      1.097546   -0.001194    -5.234     0.999893 52141.343
 212      1.096857   -0.000689    -5.179     0.999865 52257.967
 213      1.096326   -0.000532    -5.018     0.999741 52375.200
 214      1.094125   -0.002201    -5.986     0.999997 52493.445
 215      1.093890   -0.000235    -5.631     0.999982 52608.490
 216      1.093464   -0.000426    -5.403     0.999949 52725.256
 217      1.092680   -0.000784    -5.417     0.999952 52843.284
 218      1.092247   -0.000433    -5.193     0.999873 52961.672
 219      1.090920   -0.001327    -5.576     0.999977 53081.327
 220      1.089617   -0.001303    -5.948     0.999996 53199.940
 221      1.089048   -0.000569    -5.822     0.999993 53317.546
 222      1.088570   -0.000478    -5.632     0.999982 53436.041
 223      1.086841   -0.001729    -6.300     0.999999 53555.677
 224      1.085412   -0.001430    -6.770            1 53673.150
 225      1.084884   -0.000527    -6.623            1 53789.213
 226      1.083020   -0.001864    -7.397            1 53906.236
 227      1.082110   -0.000910    -7.521            1 54020.652
 228      1.080788   -0.001322    -7.932            1 54134.969
 229      1.080518   -0.000270    -7.619            1 54248.068
 230      1.079082   -0.001435    -8.111            1 54362.762
 231      1.078795   -0.000287    -7.812            1 54475.909
 232      1.078023   -0.000772    -7.847            1 54590.604
 233      1.077496   -0.000527    -7.713            1 54705.539
 234      1.076411   -0.001085    -7.966            1 54821.390
 235      1.075459   -0.000952    -8.130            1 54936.617
 236      1.074331   -0.001128    -8.419            1 55051.569
 237      1.073908   -0.000423    -8.218            1 55165.745
 238      1.072825   -0.001083    -8.478            1 55281.101
 239      1.070933   -0.001892    -9.308            1 55395.787
 240      1.070525   -0.000408    -9.105            1 55507.499
 241      1.069692   -0.000833    -9.199            1 55620.391
 242      1.068567   -0.001125    -9.500            1 55733.262
 243      1.068168   -0.000399    -9.293            1 55845.270
 244      1.066625   -0.001543    -9.892            1 55958.480
 245      1.066091   -0.000533    -9.784            1 56069.600
 246      1.065371   -0.000720    -9.807            1 56181.515
 247      1.064882   -0.000489    -9.667            1 56293.689
 248      1.063887   -0.000995    -9.885            1 56406.798
 249      1.062920   -0.000967   -10.086            1 56519.359
 250      1.061311   -0.001608   -10.746            1 56631.439
 251      1.060724   -0.000587   -10.685            1 56741.121
 252      1.059167   -0.001557   -11.315            1 56851.396
 253      1.058960   -0.000207   -10.988            1 56959.373
 254      1.057948   -0.001012   -11.234            1 57069.049
 255      1.057424   -0.000524   -11.134            1 57178.024
 256      1.056760   -0.000664   -11.133            1 57287.754
 257      1.055943   -0.000817   -11.242            1 57397.823
 258      1.055254   -0.000688   -11.261            1 57507.760
 259      1.054376   -0.000879   -11.417            1 57617.953
 260      1.053271   -0.001105   -11.738            1 57727.811
 261      1.052266   -0.001005   -11.990            1 57836.623
 262      1.051686   -0.000580   -11.938            1 57944.675
 263      1.050820   -0.000866   -12.093            1 58053.272
 264      1.050359   -0.000461   -11.957            1 58161.521
 265      1.049709   -0.000650   -11.957            1 58270.684
 266      1.049253   -0.000457   -11.817            1 58380.172
 267      1.048141   -0.001111   -12.152            1 58490.602
 268      1.047041   -0.001100   -12.482            1 58599.889
 269      1.046059   -0.000982   -12.730            1 58708.045
 270      1.046057   -0.000002   -12.266            1 58815.425
 271      1.045075   -0.000982   -12.513            1 58925.175
 272      1.044663   -0.000412   -12.347            1 59034.146
 273      1.043702   -0.000961   -12.581            1 59144.182
 274      1.042608   -0.001094   -12.916            1 59253.490
 275      1.042074   -0.000534   -12.843            1 59361.615
 276      1.041194   -0.000880   -13.024            1 59470.382
 277      1.040682   -0.000512   -12.936            1 59578.648
 278      1.039841   -0.000841   -13.090            1 59687.625
 279      1.039282   -0.000559   -13.039            1 59796.214
 280      1.038040   -0.001242   -13.491            1 59905.353
 281      1.037594   -0.000445   -13.359            1 60012.733
 282      1.037253   -0.000341   -13.150            1 60121.023
 283      1.036140   -0.001114   -13.511            1 60230.593
 284      1.035511   -0.000629   -13.516            1 60338.805
 285      1.035115   -0.000395   -13.349            1 60447.300
 286      1.033870   -0.001245   -13.811            1 60556.885
 287      1.033496   -0.000374   -13.631            1 60664.620
 288      1.032544   -0.000952   -13.880            1 60773.505
 289      1.031875   -0.000669   -13.920            1 60881.526
 290      1.031165   -0.000710   -13.992            1 60989.661
 291      1.030406   -0.000758   -14.101            1 61097.758
 292      1.029172   -0.001235   -14.568            1 61205.641
 293      1.028813   -0.000359   -14.383            1 61311.601
 294      1.028231   -0.000582   -14.365            1 61418.734
 295      1.027151   -0.001080   -14.720            1 61526.249
 296      1.026361   -0.000790   -14.861            1 61632.350
 297      1.025446   -0.000915   -15.099            1 61738.060
 298      1.025321   -0.000125   -14.743            1 61842.909
 299      1.024354   -0.000968   -15.020            1 61949.766
 300      1.024018   -0.000335   -14.822            1 62055.563
 301      1.023337   -0.000681   -14.885            1 62162.610
 302      1.022550   -0.000787   -15.028            1 62269.640
 303      1.021996   -0.000555   -14.998            1 62376.252
 304      1.021804   -0.000192   -14.692            1 62483.304
 305      1.020938   -0.000866   -14.896            1 62592.161
 306      1.019921   -0.001017   -15.217            1 62700.300
 307      1.019291   -0.000630   -15.246            1 62807.131
 308      1.018932   -0.000359   -15.070            1 62914.098
 309      1.017964   -0.000968   -15.357            1 63022.240
 310      1.017456   -0.000509   -15.296            1 63129.224
 311      1.016386   -0.001070   -15.664            1 63236.800
 312      1.015862   -0.000524   -15.618            1 63342.792
 313      1.015163   -0.000699   -15.706            1 63449.296
 314      1.014305   -0.000858   -15.918            1 63555.629
 315      1.013641   -0.000664   -15.982            1 63661.157
 316      1.012968   -0.000673   -16.055            1 63766.626
 317      1.012176   -0.000792   -16.220            1 63871.991
 318      1.011717   -0.000458   -16.130            1 63976.773
 319      1.010724   -0.000993   -16.452            1 64082.290
 320      1.009848   -0.000876   -16.687            1 64186.402
 321      1.009387   -0.000461   -16.604            1 64289.552
 322      1.009201   -0.000186   -16.307            1 64393.392
 323      1.008169   -0.001032   -16.663            1 64499.051
 324      1.007973   -0.000196   -16.376            1 64603.097
 325      1.006728   -0.001245   -16.899            1 64708.926
 326      1.006597   -0.000131   -16.563            1 64812.246
 327      1.005828   -0.000769   -16.719            1 64917.609
 328      1.005601   -0.000226   -16.455            1 65022.398
 329      1.005097   -0.000504   -16.406            1 65128.865
 330      1.004031   -0.001066   -16.795            1 65235.868
 331      1.003286   -0.000746   -16.937            1 65341.038
 332      1.002724   -0.000561   -16.937            1 65445.696
 333      1.002207   -0.000517   -16.903            1 65550.610
 334      1.001745   -0.000462   -16.825            1 65655.969
 335      1.001413   -0.000333   -16.647            1 65762.012
 336      1.000920   -0.000492   -16.592            1 65869.303
 337      0.999788   -0.001132   -17.039            1 65977.168
 338      0.998518   -0.001270   -17.599            1 66082.821
 339      0.998371   -0.000147   -17.280            1 66185.623
 340      0.997803   -0.000568   -17.292            1 66290.438
 341      0.997126   -0.000677   -17.389            1 66395.443
 342      0.996447   -0.000679   -17.489            1 66500.155
 343      0.995835   -0.000612   -17.538            1 66604.552
 344      0.995806   -0.000029   -17.126            1 66708.922
 345      0.994485   -0.001321   -17.733            1 66815.878
 346      0.994159   -0.000326   -17.558            1 66919.634
 347      0.993735   -0.000424   -17.460            1 67024.630
 348      0.993112   -0.000623   -17.519            1 67130.441
 349      0.992574   -0.000537   -17.510            1 67236.164
 350      0.992236   -0.000338   -17.344            1 67342.185
 351      0.991916   -0.000319   -17.162            1 67449.425
 352      0.991062   -0.000855   -17.404            1 67557.990
 353      0.990534   -0.000528   -17.388            1 67665.396
 354      0.990153   -0.000381   -17.256            1 67773.152
 355      0.989363   -0.000790   -17.450            1 67881.950
 356      0.988890   -0.000473   -17.391            1 67989.863
 357      0.988688   -0.000203   -17.117            1 68098.381
 358      0.987487   -0.001201   -17.640            1 68208.803
 359      0.987049   -0.000437   -17.556            1 68316.355
 360      0.986777   -0.000272   -17.338            1 68424.666
 361      0.986404   -0.000373   -17.201            1 68534.551
 362      0.985574   -0.000830   -17.430            1 68645.538
 363      0.984600   -0.000974   -17.777            1 68755.397
 364      0.984137   -0.000463   -17.716            1 68863.397
 365      0.983892   -0.000246   -17.479            1 68972.024
 366      0.983110   -0.000782   -17.674            1 69082.366
 367      0.982277   -0.000833   -17.912            1 69191.767
 368      0.982077   -0.000200   -17.640            1 69299.950
 369      0.981569   -0.000508   -17.615            1 69410.077
 370      0.980402   -0.001167   -18.126            1 69520.619
 371      0.979294   -0.001108   -18.593            1 69628.221
 372      0.978985   -0.000309   -18.416            1 69733.141
 373      0.978586   -0.000399   -18.310            1 69839.401
 374      0.978003   -0.000584   -18.355            1 69946.564
 375      0.977096   -0.000906   -18.663            1 70053.685
 376      0.976750   -0.000346   -18.517            1 70159.087
 377      0.976064   -0.000686   -18.648            1 70265.645
 378      0.975370   -0.000694   -18.786            1 70371.602
 379      0.975231   -0.000139   -18.473            1 70476.898
 380      0.974339   -0.000892   -18.773            1 70584.443
 381      0.973521   -0.000818   -19.016            1 70690.279
 382      0.973335   -0.000186   -18.743            1 70794.767
 383      0.972937   -0.000398   -18.641            1 70901.252
 384      0.972324   -0.000613   -18.716            1 71008.628
 385      0.972102   -0.000222   -18.470            1 71115.747
 386      0.971183   -0.000919   -18.796            1 71224.722
 387      0.970801   -0.000382   -18.683            1 71331.773
 388      0.970286   -0.000515   -18.679            1 71439.804
 389      0.969809   -0.000477   -18.643            1 71548.098
 390      0.968953   -0.000856   -18.921            1 71656.862
 391      0.968725   -0.000228   -18.683            1 71763.991
 392      0.968180   -0.000545   -18.704            1 71872.957
 393      0.967261   -0.000919   -19.037            1 71982.010
 394      0.967246   -0.000015   -18.623            1 72089.033
 395      0.967021   -0.000225   -18.380            1 72199.108
 396      0.965947   -0.001074   -18.840            1 72311.095
 397      0.964800   -0.001147   -19.366            1 72420.151
 398      0.964578   -0.000222   -19.126            1 72525.810
 399      0.963930   -0.000648   -19.240            1 72633.338
 400      0.963198   -0.000732   -19.425            1 72740.296
 401      0.962754   -0.000444   -19.372            1 72846.179
 402      0.962313   -0.000441   -19.316            1 72952.643
 403      0.961900   -0.000414   -19.237            1 73059.713
 404      0.961263   -0.000636   -19.344            1 73167.553
 405      0.960587   -0.000677   -19.486            1 73274.852
 406      0.960223   -0.000363   -19.367            1 73381.355
 407      0.959732   -0.000491   -19.355            1 73488.916
 408      0.959442   -0.000290   -19.173            1 73596.779
 409      0.958455   -0.000987   -19.577            1 73706.163
 410      0.958126   -0.000329   -19.430            1 73812.856
 411      0.957787   -0.000339   -19.291            1 73920.813
 412      0.957690   -0.000097   -18.947            1 74029.996
 413      0.956855   -0.000835   -19.223            1 74141.918
 414      0.956291   -0.000564   -19.273            1 74252.038
 415      0.955716   -0.000575   -19.332            1 74362.014
 416      0.955364   -0.000353   -19.205            1 74471.767
 417      0.954917   -0.000447   -19.157            1 74582.683
 418      0.954500   -0.000417   -19.083            1 74694.185
 419      0.953819   -0.000681   -19.232            1 74806.468
 420      0.953182   -0.000637   -19.346            1 74917.850
 421      0.952297   -0.000885   -19.672            1 75028.594
 422      0.951802   -0.000494   -19.670            1 75137.081
 423      0.951347   -0.000455   -19.634            1 75245.795
 424      0.950967   -0.000380   -19.534            1 75354.984
 425      0.950565   -0.000403   -19.452            1 75465.147
 426      0.949731   -0.000833   -19.738            1 75576.145
 427      0.949224   -0.000508   -19.749            1 75685.148
 428      0.948722   -0.000501   -19.755            1 75794.270
 429      0.948389   -0.000333   -19.617            1 75903.549
 430      0.947783   -0.000606   -19.711            1 76014.106
 431      0.947316   -0.000467   -19.688            1 76124.129
 432      0.946849   -0.000467   -19.665            1 76234.536
 433      0.946589   -0.000260   -19.464            1 76345.329
 434      0.945710   -0.000879   -19.794            1 76457.925
 435      0.945471   -0.000238   -19.575            1 76568.103
 436      0.944720   -0.000752   -19.798            1 76680.230
 437      0.944573   -0.000146   -19.501            1 76790.778
 438      0.943749   -0.000824   -19.785            1 76903.927
 439      0.943180   -0.000570   -19.853            1 77014.978
 440      0.942902   -0.000278   -19.670            1 77125.674
 441      0.942810   -0.000092   -19.325            1 77238.064
 442      0.942539   -0.000271   -19.132            1 77353.502
 443      0.942056   -0.000484   -19.121            1 77470.763
 444      0.941287   -0.000768   -19.358            1 77588.344
 445      0.940956   -0.000331   -19.218            1 77704.179
 446      0.940271   -0.000685   -19.384            1 77821.410
 447      0.939284   -0.000987   -19.814            1 77937.469
 448      0.938989   -0.000295   -19.646            1 78050.118
 449      0.938661   -0.000328   -19.507            1 78164.383
 450      0.937757   -0.000904   -19.868            1 78280.041
 451      0.937485   -0.000271   -19.681            1 78392.826
 452      0.936999   -0.000486   -19.681            1 78507.409
 453      0.936536   -0.000463   -19.660            1 78622.203
 454      0.935880   -0.000655   -19.807            1 78737.377
 455      0.935338   -0.000542   -19.858            1 78851.479
 456      0.934949   -0.000389   -19.774            1 78965.339
 457      0.934576   -0.000373   -19.676            1 79080.125
 458      0.933983   -0.000594   -19.771            1 79195.971
 459      0.933714   -0.000268   -19.582            1 79311.183
 460      0.933259   -0.000455   -19.555            1 79428.275
 461      0.932771   -0.000488   -19.558            1 79545.814
 462      0.932458   -0.000314   -19.407            1 79663.544
 463      0.932005   -0.000452   -19.377            1 79782.843
 464      0.931656   -0.000349   -19.256            1 79902.630
 465      0.931187   -0.000469   -19.240            1 80023.739
 466      0.930676   -0.000511   -19.261            1 80145.219
 467      0.929952   -0.000724   -19.472            1 80266.734
 468      0.929769   -0.000183   -19.205            1 80386.535
 469      0.929341   -0.000429   -19.154            1 80509.021
 470      0.928971   -0.000369   -19.050            1 80632.209
 471      0.928686   -0.000285   -18.871            1 80756.603
 472      0.927952   -0.000734   -19.089            1 80882.924
 473      0.927329   -0.000623   -19.211            1 81007.429
 474      0.926735   -0.000594   -19.309            1 81131.014
 475      0.926328   -0.000406   -19.240            1 81253.897
 476      0.925641   -0.000688   -19.422            1 81377.659
 477      0.924911   -0.000730   -19.644            1 81499.901
 478      0.924712   -0.000199   -19.394            1 81620.227
 479      0.923946   -0.000767   -19.649            1 81743.171
 480      0.922736   -0.001210   -20.304            1 81863.852
 481      0.922560   -0.000176   -20.039            1 81978.386
 482      0.922435   -0.000125   -19.728            1 82095.655
 483      0.921996   -0.000439   -19.695            1 82216.157
 484      0.921567   -0.000429   -19.652            1 82337.182
 485      0.921313   -0.000254   -19.452            1 82458.826
 486      0.920730   -0.000583   -19.547            1 82582.661
 487      0.920170   -0.000559   -19.621            1 82705.762
 488      0.919614   -0.000557   -19.694            1 82828.321
 489      0.919218   -0.000396   -19.623            1 82950.346
 490      0.918687   -0.000531   -19.674            1 83073.289
 491      0.918482   -0.000204   -19.430            1 83195.914
 492      0.917706   -0.000776   -19.701            1 83321.230
 493      0.917252   -0.000454   -19.684            1 83443.970
 494      0.916468   -0.000784   -19.965            1 83567.086
 495      0.916202   -0.000266   -19.780            1 83687.485
 496      0.915632   -0.000571   -19.870            1 83809.980
 497      0.915392   -0.000239   -19.661            1 83931.724
 498      0.914807   -0.000586   -19.764            1 84055.847
 499      0.914500   -0.000307   -19.615            1 84179.075
 500      0.914357   -0.000143   -19.316            1 84304.067
 501      0.913315   -0.001042   -19.832            1 84432.451
 502      0.912976   -0.000339   -19.714            1 84555.522
 503      0.912553   -0.000424   -19.672            1 84680.044
 504      0.912075   -0.000478   -19.679            1 84805.210
 505      0.911816   -0.000260   -19.487            1 84930.492
 506      0.910990   -0.000826   -19.811            1 85058.054
 507      0.910620   -0.000370   -19.722            1 85182.269
 508      0.910416   -0.000204   -19.480            1 85307.646
 509      0.909850   -0.000567   -19.568            1 85435.883
 510      0.909491   -0.000358   -19.466            1 85563.342
 511      0.909263   -0.000228   -19.244            1 85692.129
 512      0.908850   -0.000413   -19.190            1 85823.612
 513      0.908346   -0.000504   -19.220            1 85955.921
 514      0.907585   -0.000761   -19.486            1 86088.112
 515      0.906897   -0.000689   -19.689            1 86217.484
 516      0.906567   -0.000330   -19.564            1 86344.736
 517      0.905956   -0.000611   -19.696            1 86473.604
 518      0.905824   -0.000132   -19.389            1 86601.131
 519      0.905066   -0.000758   -19.657            1 86732.402
 520      0.904233   -0.000832   -19.996            1 86860.753
 521      0.904093   -0.000140   -19.700            1 86985.321
 522      0.903488   -0.000605   -19.831            1 87113.520
 523      0.902744   -0.000744   -20.092            1 87240.349
 524      0.902408   -0.000336   -19.977            1 87364.258
 525      0.901629   -0.000779   -20.273            1 87489.671
 526      0.901266   -0.000362   -20.186            1 87611.710
 527      0.900958   -0.000308   -20.047            1 87734.923
 528      0.900681   -0.000277   -19.878            1 87859.934
 529      0.900048   -0.000633   -20.040            1 87987.127
 530      0.899774   -0.000274   -19.868            1 88112.517
 531      0.899304   -0.000469   -19.877            1 88240.138
 532      0.898826   -0.000478   -19.895            1 88367.800
 533      0.898115   -0.000712   -20.131            1 88495.396
 534      0.897774   -0.000341   -20.024            1 88620.213
 535      0.897421   -0.000353   -19.927            1 88746.494
 536      0.896916   -0.000505   -19.972            1 88874.119
 537      0.896830   -0.000085   -19.624            1 89001.327
 538      0.896466   -0.000364   -19.534            1 89133.070
 539      0.895661   -0.000805   -19.858            1 89266.119
 540      0.895146   -0.000515   -19.913            1 89395.200
 541      0.894887   -0.000258   -19.727            1 89523.722
 542      0.894587   -0.000300   -19.579            1 89654.774
 543      0.894115   -0.000472   -19.591            1 89787.895
 544      0.893308   -0.000807   -19.919            1 89921.017
 545      0.893097   -0.000212   -19.690            1 90050.005
 546      0.892175   -0.000922   -20.129            1 90182.131
 547      0.891522   -0.000653   -20.318            1 90308.620
 548      0.891328   -0.000194   -20.077            1 90432.712
 549      0.891035   -0.000294   -19.927            1 90560.100
 550      0.890809   -0.000226   -19.712            1 90689.599
 551      0.890205   -0.000604   -19.853            1 90822.116
 552      0.889976   -0.000229   -19.640            1 90952.858
 553      0.889598   -0.000378   -19.567            1 91086.616
 554      0.889152   -0.000446   -19.558            1 91221.517
 555      0.888827   -0.000324   -19.433            1 91356.691
 556      0.888512   -0.000315   -19.299            1 91493.734
 557      0.887758   -0.000754   -19.580            1 91632.808
 558      0.887545   -0.000213   -19.350            1 91768.103
 559      0.887073   -0.000472   -19.365            1 91906.770
 560      0.886194   -0.000879   -19.769            1 92045.383
 561      0.885907   -0.000287   -19.612            1 92178.426
 562      0.885550   -0.000357   -19.520            1 92313.814
 563      0.885324   -0.000226   -19.303            1 92450.642
 564      0.884998   -0.000326   -19.179            1 92590.744
 565      0.884362   -0.000636   -19.351            1 92732.797
 566      0.883713   -0.000649   -19.537            1 92872.503
 567      0.883109   -0.000604   -19.682            1 93009.624
 568      0.882751   -0.000358   -19.594            1 93144.732
 569      0.881999   -0.000752   -19.883            1 93281.258
 570      0.881422   -0.000577   -20.007            1 93413.617
 571      0.881059   -0.000363   -19.928            1 93544.207
 572      0.880796   -0.000263   -19.751            1 93676.054
 573      0.880509   -0.000286   -19.595            1 93810.632
 574      0.879945   -0.000564   -19.705            1 93947.654
 575      0.879519   -0.000426   -19.684            1 94083.100
 576      0.879021   -0.000498   -19.732            1 94218.954
 577      0.877871   -0.001150   -20.412            1 94354.158
 578      0.877789   -0.000082   -20.066            1 94479.010
 579      0.877371   -0.000418   -20.041            1 94609.203
 580      0.877032   -0.000339   -19.941            1 94739.811
 581      0.876754   -0.000279   -19.780            1 94872.033
 582      0.876663   -0.000091   -19.437            1 95006.820
 583      0.875701   -0.000962   -19.934            1 95147.115
 584      0.875482   -0.000220   -19.717            1 95279.586
 585      0.875043   -0.000439   -19.711            1 95415.562
 586      0.874695   -0.000348   -19.617            1 95551.694
 587      0.874529   -0.000165   -19.344            1 95689.408
 588      0.874064   -0.000466   -19.361            1 95831.630
 589      0.873780   -0.000283   -19.201            1 95973.669
 590      0.873287   -0.000494   -19.244            1 96118.441
 591      0.872973   -0.000313   -19.112            1 96262.599
 592      0.872102   -0.000872   -19.524            1 96409.058
 593      0.871589   -0.000513   -19.590            1 96548.719
 594      0.871159   -0.000430   -19.576            1 96687.318
 595      0.870727   -0.000432   -19.564            1 96826.199
 596      0.870288   -0.000439   -19.560            1 96965.325
 597      0.870051   -0.000238   -19.358            1 97104.572
 598      0.869766   -0.000284   -19.200            1 97247.320
 599      0.869040   -0.000727   -19.475            1 97392.865
 600      0.868612   -0.000428   -19.459            1 97533.708
 601      0.868279   -0.000333   -19.350            1 97674.863
 602      0.867151   -0.001129   -20.023            1 97817.963
 603      0.866854   -0.000297   -19.886            1 97949.273
 604      0.866491   -0.000363   -19.812            1 98082.965
 605      0.865936   -0.000555   -19.927            1 98217.938
 606      0.865807   -0.000129   -19.623            1 98350.844
 607      0.865471   -0.000336   -19.520            1 98489.159
 608      0.865212   -0.000259   -19.341            1 98629.329
 609      0.864913   -0.000299   -19.199            1 98772.772
 610      0.864339   -0.000575   -19.328            1 98918.842
 611      0.864030   -0.000309   -19.196            1 99062.562
 612      0.863565   -0.000465   -19.217            1 99208.743
 613      0.862932   -0.000633   -19.406            1 99354.552
 614      0.862601   -0.000331   -19.297            1 99496.848
 615      0.862178   -0.000424   -19.279            1 99641.188
 616      0.861828   -0.000350   -19.188            1 99785.858
 617      0.861349   -0.000479   -19.225            1 99932.263
 618      0.861277   -0.000072   -18.858            1 100077.971
 619      0.860601   -0.000676   -19.087            1 100230.785
 620      0.859851   -0.000750   -19.393            1 100379.164
 621      0.859483   -0.000368   -19.323            1 100521.580
 622      0.858936   -0.000547   -19.430            1 100665.335
 623      0.858615   -0.000322   -19.314            1 100806.941
 624      0.857996   -0.000619   -19.494            1 100950.784
 625      0.857897   -0.000099   -19.157            1 101090.995
 626      0.857334   -0.000562   -19.280            1 101237.886
 627      0.857130   -0.000205   -19.046            1 101382.278
 628      0.856624   -0.000506   -19.111            1 101531.365
 629      0.856334   -0.000290   -18.961            1 101679.081
 630      0.856057   -0.000276   -18.796            1 101829.842
 631      0.855505   -0.000553   -18.906            1 101984.007
 632      0.855084   -0.000421   -18.886            1 102135.865
 633      0.854628   -0.000455   -18.900            1 102288.129
 634      0.854308   -0.000320   -18.779            1 102440.061
 635      0.853712   -0.000596   -18.934            1 102594.528
 636      0.853312   -0.000400   -18.894            1 102745.657
 637      0.852735   -0.000577   -19.032            1 102897.587
 638      0.852192   -0.000543   -19.138            1 103046.476
 639      0.852005   -0.000186   -18.886            1 103192.997
 640      0.851693   -0.000312   -18.757            1 103344.915
 641      0.850795   -0.000899   -19.220            1 103499.589
 642      0.850656   -0.000139   -18.921            1 103643.989
 643      0.850259   -0.000396   -18.879            1 103794.878
 644      0.850219   -0.000040   -18.476            1 103946.618
 645      0.849838   -0.000381   -18.413            1 104107.352
 646      0.849120   -0.000718   -18.692            1 104269.468
 647      0.848891   -0.000229   -18.478            1 104425.193
 648      0.848594   -0.000298   -18.331            1 104585.755
 649      0.848037   -0.000557   -18.446            1 104749.662
 650      0.847782   -0.000255   -18.257            1 104910.844
 651      0.847332   -0.000450   -18.263            1 105076.417
 652      0.847128   -0.000204   -18.019            1 105241.801
 653      0.846509   -0.000619   -18.195            1 105412.968
 654      0.846154   -0.000356   -18.106            1 105579.906
 655      0.845700   -0.000453   -18.115            1 105748.961
 656      0.844830   -0.000870   -18.550            1 105917.764
 657      0.844725   -0.000105   -18.209            1 106075.915
 658      0.844569   -0.000157   -17.917            1 106242.292
 659      0.844245   -0.000324   -17.792            1 106415.832
 660      0.843918   -0.000327   -17.669            1 106592.467
 661      0.843352   -0.000566   -17.790            1 106772.189
 662      0.842823   -0.000529   -17.876            1 106948.849
 663      0.842058   -0.000765   -18.204            1 107123.312
 664      0.841953   -0.000105   -17.859            1 107289.325
 665      0.841446   -0.000507   -17.924            1 107464.094
 666      0.840873   -0.000572   -18.056            1 107637.128
 667      0.840758   -0.000115   -17.720            1 107806.623
 668      0.839958   -0.000801   -18.086            1 107984.834
 669      0.839797   -0.000161   -17.798            1 108153.310
 670      0.839323   -0.000474   -17.829            1 108329.322
 671      0.838775   -0.000548   -17.937            1 108504.415
 672      0.838397   -0.000379   -17.872            1 108676.491
 673      0.838097   -0.000299   -17.724            1 108850.194
 674      0.837696   -0.000401   -17.680            1 109027.800
 675      0.837331   -0.000365   -17.598            1 109206.503
 676      0.836855   -0.000477   -17.631            1 109387.380
 677      0.836351   -0.000504   -17.694            1 109567.232
 678      0.835977   -0.000374   -17.622            1 109745.222
 679      0.835489   -0.000488   -17.668            1 109925.092
 680      0.835267   -0.000222   -17.439            1 110103.518
 681      0.834650   -0.000617   -17.617            1 110288.391
 682      0.834109   -0.000541   -17.719            1 110467.985
 683      0.833395   -0.000715   -18.004            1 110644.449
 684      0.833016   -0.000378   -17.943            1 110812.399
 685      0.832729   -0.000287   -17.786            1 110981.865
 686      0.832190   -0.000539   -17.890            1 111155.693
 687      0.832046   -0.000144   -17.584            1 111326.174
 688      0.831890   -0.000156   -17.286            1 111505.572
 689      0.831352   -0.000538   -17.383            1 111693.798
 690      0.830805   -0.000547   -17.490            1 111878.906
 691      0.830086   -0.000719   -17.780            1 112060.501
 692      0.829684   -0.000402   -17.743            1 112232.912
 693      0.829379   -0.000306   -17.604            1 112406.157
 694      0.829116   -0.000262   -17.419            1 112583.414
 695      0.828703   -0.000414   -17.389            1 112766.234
 696      0.828203   -0.000499   -17.450            1 112949.729
 697      0.827646   -0.000558   -17.572            1 113131.022
 698      0.827491   -0.000155   -17.274            1 113308.056
 699      0.827099   -0.000391   -17.221            1 113494.429
 700      0.826630   -0.000469   -17.249            1 113682.288
 701      0.826104   -0.000526   -17.337            1 113868.949
 702      0.825660   -0.000443   -17.340            1 114052.376
 703      0.825447   -0.000213   -17.100            1 114235.376
 704      0.825058   -0.000389   -17.043            1 114426.101
 705      0.824833   -0.000225   -16.811            1 114618.486
 706      0.824266   -0.000567   -16.939            1 114818.538
 707      0.823909   -0.000357   -16.846            1 115013.941
 708      0.823542   -0.000367   -16.763            1 115212.273
 709      0.822955   -0.000587   -16.911            1 115413.262
 710      0.822385   -0.000570   -17.045            1 115608.724
 711      0.821805   -0.000580   -17.191            1 115799.109
 712      0.821605   -0.000200   -16.936            1 115983.863
 713      0.821322   -0.000283   -16.767            1 116177.354
 714      0.821131   -0.000191   -16.497            1 116376.651
 715      0.820486   -0.000645   -16.706            1 116585.543
 716      0.819947   -0.000538   -16.805            1 116786.390
 717      0.819614   -0.000334   -16.688            1 116983.172
 718      0.819133   -0.000481   -16.726            1 117183.950
 719      0.818851   -0.000282   -16.554            1 117382.883
 720      0.818662   -0.000188   -16.279            1 117588.000
 721      0.817457   -0.001205   -17.085            1 117803.386
 722      0.817150   -0.000307   -16.944            1 117987.185
 723      0.817000   -0.000150   -16.635            1 118175.828
 724      0.815924   -0.001077   -17.311            1 118376.057
 725      0.815863   -0.000060   -16.911            1 118549.102
 726      0.815602   -0.000261   -16.720            1 118737.274
 727      0.815414   -0.000188   -16.448            1 118932.479
 728      0.814776   -0.000638   -16.654            1 119138.175
 729      0.814280   -0.000497   -16.712            1 119334.927
 730      0.813862   -0.000417   -16.687            1 119528.672
 731      0.813646   -0.000216   -16.445            1 119722.831
 732      0.813279   -0.000367   -16.361            1 119926.459
 733      0.813067   -0.000212   -16.110            1 120133.042
 734      0.812477   -0.000590   -16.262            1 120349.792
 735      0.811997   -0.000480   -16.298            1 120559.508
 736      0.811519   -0.000478   -16.334            1 120767.058
 737      0.811348   -0.000171   -16.039            1 120972.434
 738      0.810529   -0.000819   -16.438            1 121190.186
 739      0.810290   -0.000239   -16.218            1 121389.606
 740      0.810151   -0.000139   -15.887            1 121598.108
 741      0.809641   -0.000510   -15.952            1 121820.941
 742      0.809331   -0.000310   -15.802            1 122040.254
 743      0.808802   -0.000529   -15.886            1 122265.880
 744      0.808588   -0.000214   -15.631            1 122486.999
 745      0.808327   -0.000261   -15.424            1 122719.488
 746      0.807722   -0.000605   -15.586            1 122961.318
 747      0.807468   -0.000254   -15.370            1 123194.879
 748      0.806944   -0.000524   -15.444            1 123438.347
 749      0.806710   -0.000234   -15.204            1 123677.674
 750      0.806120   -0.000590   -15.348            1 123928.321
 751      0.805096   -0.001024   -15.967            1 124171.294
 752      0.805069   -0.000026   -15.511            1 124382.705
 753      0.804789   -0.000280   -15.323            1 124616.182
 754      0.804658   -0.000131   -14.970            1 124858.520
 755      0.804025   -0.000633   -15.159            1 125118.494
 756      0.803312   -0.000713   -15.439            1 125368.093
 757      0.802922   -0.000390   -15.371            1 125602.345
 758      0.802310   -0.000612   -15.546            1 125839.374
 759      0.802124   -0.000186   -15.257            1 126066.309
 760      0.801730   -0.000394   -15.192            1 126307.824
 761      0.801068   -0.000662   -15.418            1 126552.102
 762      0.800615   -0.000453   -15.420            1 126783.133
 763      0.800276   -0.000340   -15.299            1 127013.057
 764      0.799407   -0.000869   -15.756            1 127248.732
 765      0.799212   -0.000195   -15.482            1 127457.764
 766      0.798826   -0.000386   -15.413            1 127680.981
 767      0.798583   -0.000243   -15.186            1 127906.947
 768      0.797853   -0.000731   -15.492            1 128144.878
 769      0.797276   -0.000577   -15.634            1 128363.919
 770      0.796872   -0.000404   -15.589            1 128573.324
 771      0.796665   -0.000206   -15.325            1 128783.936
 772      0.796295   -0.000370   -15.238            1 129008.816
 773      0.795973   -0.000322   -15.095            1 129237.627
 774      0.795814   -0.000160   -14.772            1 129473.789
 775      0.795378   -0.000436   -14.748            1 129728.705
 776      0.794654   -0.000724   -15.041            1 129984.033
 777      0.794064   -0.000591   -15.194            1 130219.666
 778      0.793750   -0.000314   -15.044            1 130444.230
 779      0.793572   -0.000177   -14.740            1 130676.843
 780      0.793090   -0.000482   -14.767            1 130927.684
 781      0.792875   -0.000215   -14.500            1 131175.386
 782      0.792266   -0.000609   -14.665            1 131439.433
 783      0.791789   -0.000477   -14.687            1 131691.158
 784      0.791592   -0.000197   -14.398            1 131939.953
 785      0.790600   -0.000992   -14.988            1 132206.988
 786      0.790203   -0.000397   -14.928            1 132432.023
 787      0.789690   -0.000513   -14.996            1 132659.324
 788      0.789418   -0.000272   -14.799            1 132879.967
 789      0.789068   -0.000349   -14.683            1 133112.571
 790      0.788459   -0.000609   -14.854            1 133351.548
 791      0.788221   -0.000238   -14.616            1 133576.258
 792      0.787937   -0.000285   -14.425            1 133816.267
 793      0.787474   -0.000463   -14.429            1 134068.420
 794      0.787132   -0.000342   -14.299            1 134318.397
 795      0.786922   -0.000210   -14.020            1 134576.298
 796      0.786358   -0.000564   -14.130            1 134853.757
 797      0.785772   -0.000586   -14.268            1 135120.938
 798      0.785350   -0.000422   -14.226            1 135375.464
 799      0.784895   -0.000454   -14.219            1 135631.236
 800      0.784383   -0.000513   -14.277            1 135885.445
 801      0.783589   -0.000794   -14.651            1 136132.763
 802      0.783382   -0.000207   -14.377            1 136347.398
 803      0.783371   -0.000011   -13.878            1 136581.692
 804      0.782849   -0.000522   -13.941            1 136854.978
 805      0.782192   -0.000657   -14.157            1 137120.771
 806      0.781663   -0.000529   -14.234            1 137365.790
 807      0.781456   -0.000207   -13.953            1 137601.546
 808      0.780805   -0.000650   -14.163            1 137858.965
 809      0.780304   -0.000502   -14.210            1 138095.307
 810      0.780066   -0.000237   -13.963            1 138324.462
 811      0.779729   -0.000337   -13.822            1 138572.758
 812      0.779387   -0.000342   -13.684            1 138830.936
 813      0.778928   -0.000460   -13.676            1 139099.026
 814      0.778802   -0.000126   -13.292            1 139365.077
 815      0.778402   -0.000400   -13.208            1 139664.690
 816      0.777824   -0.000578   -13.323            1 139969.908
 817      0.776807   -0.001018   -13.936            1 140261.373
 818      0.776783   -0.000024   -13.444            1 140489.928
 819      0.776667   -0.000115   -13.044            1 140763.472
 820      0.775889   -0.000779   -13.383            1 141074.258
 821      0.775052   -0.000837   -13.796            1 141347.565
 822      0.774934   -0.000118   -13.408            1 141575.171
 823      0.774581   -0.000353   -13.276            1 141839.008
 824      0.773663   -0.000918   -13.780            1 142113.079
 825      0.773587   -0.000075   -13.343            1 142330.044
 826      0.773210   -0.000377   -13.238            1 142589.418
 827      0.772995   -0.000215   -12.947            1 142856.317
 828      0.772640   -0.000355   -12.808            1 143151.590
 829      0.771764   -0.000877   -13.256            1 143458.923
 830      0.771625   -0.000139   -12.880            1 143711.584
 831      0.771168   -0.000457   -12.856            1 144003.121
 832      0.770998   -0.000170   -12.506            1 144293.467
 833      0.769991   -0.001006   -13.095            1 144621.434
 834      0.769329   -0.000662   -13.310            1 144874.764
 835      0.769123   -0.000206   -13.013            1 145097.416
 836      0.768937   -0.000185   -12.685            1 145350.868
 837      0.768770   -0.000167   -12.329            1 145640.027
 838      0.768021   -0.000749   -12.624            1 145969.859
 839      0.767620   -0.000401   -12.532            1 146257.404
 840      0.767023   -0.000596   -12.660            1 146551.898
 841      0.766882   -0.000142   -12.275            1 146824.541
 842      0.766043   -0.000839   -12.672            1 147143.318
 843      0.765699   -0.000344   -12.518            1 147403.279
 844      0.765311   -0.000388   -12.410            1 147678.530
 845      0.765059   -0.000252   -12.144            1 147962.943
 846      0.764513   -0.000546   -12.206            1 148279.181
 847      0.763956   -0.000557   -12.283            1 148581.005
 848      0.763756   -0.000201   -11.956            1 148865.811
 849      0.763228   -0.000528   -11.994            1 149192.734
 850      0.762589   -0.000639   -12.159            1 149508.263
 851      0.761675   -0.000914   -12.642            1 149792.465
 852      0.760774   -0.000901   -13.124            1 149995.893
 853      0.760494   -0.000280   -12.911            1 150117.548
 854      0.760190   -0.000304   -12.720            1 150262.428
 855      0.759704   -0.000486   -12.732            1 150427.919
 856      0.759236   -0.000468   -12.724            1 150582.275
 857      0.758850   -0.000386   -12.623            1 150728.337
 858      0.758442   -0.000407   -12.542            1 150881.042
 859      0.758149   -0.000294   -12.331            1 151037.081
 860      0.757876   -0.000273   -12.091            1 151218.721
 861      0.757553   -0.000322   -11.901            1 151431.860
 862      0.756892   -0.000661   -12.089            1 151668.906
 863      0.756216   -0.000676   -12.299            1 151862.604
 864      0.755734   -0.000482   -12.296            1 152007.853
 865      0.755214   -0.000520   -12.335            1 152142.082
 866      0.755136   -0.000079   -11.877            1 152257.102
 867      0.754478   -0.000658   -12.061            1 152446.137
 868      0.753991   -0.000487   -12.056            1 152588.220
 869      0.753832   -0.000159   -11.682            1 152718.604
 870      0.753104   -0.000728   -11.939            1 152910.232
 871      0.752899   -0.000205   -11.613            1 153037.634
 872      0.752345   -0.000553   -11.670            1 153218.048
 873      0.752102   -0.000243   -11.380            1 153373.320
 874      0.751797   -0.000306   -11.151            1 153576.510
 875      0.751244   -0.000553   -11.194            1 153816.178
 876      0.750818   -0.000426   -11.095            1 154033.193
 877      0.750378   -0.000440   -11.009            1 154258.643
 878      0.749536   -0.000842   -11.373            1 154489.913
 879      0.749109   -0.000427   -11.282            1 154622.195
 880      0.748685   -0.000424   -11.185            1 154759.417
 881      0.748261   -0.000424   -11.085            1 154903.272
 882      0.747904   -0.000356   -10.905            1 155054.594
 883      0.747607   -0.000297   -10.653            1 155233.464
 884      0.746846   -0.000760   -10.912            1 155459.483
 885      0.746587   -0.000259   -10.619            1 155601.277
 886      0.745584   -0.001003   -11.148            1 155801.935
 887      0.745261   -0.000323   -10.935            1 155842.395
 888      0.745079   -0.000182   -10.556            1 155919.123
 889      0.745023   -0.000056   -10.025            1 156079.679
 890      0.744148   -0.000874   -10.386            1 156373.140
 891      0.744029   -0.000120    -9.920            1 156541.568
 892      0.743308   -0.000721   -10.106            1 156828.760
 893      0.742498   -0.000810   -10.398            1 157038.850
 894      0.742313   -0.000184   -10.006            1 157136.043
 895      0.741491   -0.000823   -10.308            1 157332.903
 896      0.740729   -0.000762   -10.554            1 157408.371
 897      0.740537   -0.000192   -10.178            1 157377.146
 898      0.739416   -0.001121   -10.814            1 157441.755
 899      0.739355   -0.000061   -10.304            1 157263.767
 900      0.738851   -0.000503   -10.262            1 157226.650
 901      0.738759   -0.000093    -9.767            1 157172.483
 902      0.738383   -0.000376    -9.563            1 157265.188
 903      0.737897   -0.000485    -9.470            1 157403.532
 904      0.737275   -0.000622    -9.524            1 157546.676
 905      0.736362   -0.000913    -9.897            1 157636.978
 906      0.736010   -0.000352    -9.674            1 157544.209
 907      0.735866   -0.000144    -9.215            1 157503.049
 908      0.734943   -0.000923    -9.582            1 157616.165
 909      0.734554   -0.000389    -9.386            1 157534.424
 910      0.733986   -0.000568    -9.375            1 157496.269
 911      0.733733   -0.000253    -9.022            1 157420.592
 912      0.732404   -0.001329    -9.814            1 157463.321
 913      0.731785   -0.000620    -9.877            1 157092.774
 914      0.731129   -0.000656    -9.979            1 156639.837
 915      0.730795   -0.000334    -9.742            1 156082.285
 916      0.730369   -0.000426    -9.592            1 155579.589
 917      0.729854   -0.000514    -9.528            1 155091.233
 918      0.729302   -0.000553    -9.501            1 154573.590
 919      0.728633   -0.000669    -9.594            1 154005.768
 920      0.728047   -0.000586    -9.602            1 153321.653
 921      0.727526   -0.000521    -9.543            1 152561.705
 922      0.727023   -0.000503    -9.461            1 151760.240
 923      0.726682   -0.000341    -9.207            1 150927.752
 924      0.726269   -0.000413    -9.013            1 150162.547
 925      0.725505   -0.000764    -9.168            1 149431.631
 926      0.725137   -0.000368    -8.927            1 148521.408
 927      0.724452   -0.000685    -8.993            1 147673.070
 928      0.724079   -0.000372    -8.746            1 146690.573
 929      0.723228   -0.000851    -8.963            1 145774.547
 930      0.722998   -0.000231    -8.574            1 144612.147
 931      0.721789   -0.001208    -9.125            1 143613.750
 932      0.721198   -0.000591    -9.097            1 142117.734
 933      0.720641   -0.000557    -9.033            1 140522.993
 934      0.720203   -0.000438    -8.848            1 138851.730
 935      0.719922   -0.000282    -8.505            1 137189.072
 936      0.719599   -0.000323    -8.181            1 135658.319
 937      0.719096   -0.000503    -8.005            1 134252.627
 938      0.717897   -0.001199    -8.457            1 132854.244
 939      0.717553   -0.000344    -8.150            1 130922.969
 940      0.717170   -0.000383    -7.859            1 129098.679
 941      0.716714   -0.000457    -7.614            1 127373.480
 942      0.716124   -0.000590    -7.469            1 125709.515
 943      0.715707   -0.000417    -7.160            1 124011.007
 944      0.714316   -0.001391    -7.668            1 122444.805
 945      0.714010   -0.000306    -7.278            1 120148.959
 946      0.712886   -0.001124    -7.547            1 118057.953
 947      0.712230   -0.000656    -7.438            1 115451.700
 948      0.711368   -0.000862    -7.484            1 112733.198
 949      0.710992   -0.000375    -7.137            1 109719.585
 950      0.710751   -0.000241    -6.660            1 106855.929
 951      0.708821   -0.001931    -7.438            1 104318.817
 952      0.708321   -0.000499    -7.179            1 100521.547
 953      0.707153   -0.001168    -7.383            1 96756.149
 954      0.706543   -0.000610    -7.188            1 92442.893
 955      0.705674   -0.000869    -7.149            1 88073.782
 956      0.705563   -0.000111    -6.592            1 83448.984
 957      0.704499   -0.001064    -6.604            1 79233.553
 958      0.703903   -0.000595    -6.310            1 74655.221
 959      0.703623   -0.000281    -5.799     0.999992 70132.105
 960      0.702891   -0.000732    -5.495     0.999966 65984.428
 961      0.701822   -0.001068    -5.332      0.99993 61892.306
 962      0.700638   -0.001184    -5.193     0.999873 57606.620
 963      0.699972   -0.000666    -4.762     0.999319 53068.720
 964      0.698485   -0.001487    -4.648      0.99898 48796.081
 965      0.697273   -0.001213        NA           NA        NA
 966      0.695236   -0.002037        NA           NA        NA
 967      0.694404   -0.000832        NA           NA        NA
 968      0.693389   -0.001015        NA           NA        NA
 969      0.692120   -0.001268        NA           NA        NA
 970      0.690608   -0.001512        NA           NA        NA
 971      0.687115   -0.003493        NA           NA        NA
 972      0.676990   -0.010126        NA           NA        NA
 973      0.661406   -0.015584        NA           NA        NA
    kurtosis           snps    indivs
 eigenvector    1     3.045     2.417
 eigenvector    2     2.981     2.461
 eigenvector    3     3.180     4.986
 eigenvector    4     6.210    32.384
lsqproj called!
population:   0  construct_WE_NA_PCA  974
number of blocks for block jackknife: 710
## end of Fst statistics between populations

fst *1000:
          c 
   c      0

std. err.  * 1000000:
          c 
   c      0

eigenvector 1:means
 construct_WE_NA_PCA     -0.000
eigenvector 2:means
 construct_WE_NA_PCA     -0.000
eigenvector 3:means
 construct_WE_NA_PCA     -0.000
eigenvector 4:means
 construct_WE_NA_PCA     -0.000

## Statistical significance of differences beween populations:
                                pop1                  pop2      chisq          p-value   |pop1|   |pop2|

eigbestsnp    1            rs6714750  2    136783169     4.679
eigbestsnp    1             rs687039  6    100114091     4.586
eigbestsnp    1             rs498743  6    100087866     4.509
eigbestsnp    1            rs4839752  6    100160377     4.501
eigbestsnp    1             rs532213  6    100095294     4.489
eigbestsnp    1           rs11758549  6    100184485     4.485
eigbestsnp    1           rs41521049  2    135693069     4.449
eigbestsnp    1           rs11753726  6    100184404     4.441
eigbestsnp    1             rs603424 10    102075479     4.433
eigbestsnp    1            rs1011361  2    136553639     4.352
eigbestsnp    2            rs1344237  2    171984435     4.795
eigbestsnp    2           rs10199500  2    172008533     4.786
eigbestsnp    2           rs10177560  2    172013729     4.724
eigbestsnp    2           rs10210791  2    171988809     4.630
eigbestsnp    2             rs218312  2    172060198     4.571
eigbestsnp    2            rs2555922  2    171908008     4.551
eigbestsnp    2            rs7570701  2    171800686     4.546
eigbestsnp    2           rs17215755  3      5894166     4.536
eigbestsnp    2            rs2557794  2    171868342     4.509
eigbestsnp    2            rs2676151  2    171876212     4.461
eigbestsnp    3            rs7525031  1    239180189     5.275
eigbestsnp    3            rs1915246  1    239176050     5.265
eigbestsnp    3            rs6429115  1    239191598     5.245
eigbestsnp    3            rs1958133 14     88061751     5.010
eigbestsnp    3            rs4953454  2     47290028     4.922
eigbestsnp    3          rs117505341 12     88733282     4.856
eigbestsnp    3             rs976198  1    230005249     4.841
eigbestsnp    3           rs17123606 14     88069412     4.840
eigbestsnp    3           rs16944600 17     11245099     4.756
eigbestsnp    3            rs4946669  6    105980094     4.730
eigbestsnp    4          rs150211123 20     50705919     8.985
eigbestsnp    4          rs112067784  6     14657750     8.962
eigbestsnp    4          rs115537187  8    105347934     8.792
eigbestsnp    4           rs60699824 18     72126932     8.763
eigbestsnp    4          rs141436204  2      5757764     8.732
eigbestsnp    4           rs74492383  1     46880370     8.637
eigbestsnp    4           rs79991385  1     46881679     8.633
eigbestsnp    4           rs55695318 12     21219516     8.611
eigbestsnp    4           rs72910968  1     35696404     8.398
eigbestsnp    4           rs73764908  5     74762246     8.269
##end of smartpca:     1906.570 seconds cpu      329.802 Mbytes in use
