parameter file: ./run_WE_NA_PCA.par
### THE INPUT PARAMETERS
##PARAMETER NAME: VALUE
DATE: 20201116
BUILD: construct_WE_NA_PCA
BASE: /n/groups/reich/hringbauer/git/punic_aDNA
INDIR: BASE/eigenstrat/
GENO: punic1.v44_HO
OUTDIR: BASE/output/pca/v44
genotypename: /n/groups/reich/hringbauer/git/punic_aDNA/eigenstrat//punic1.v44_HO.geno
snpname: /n/groups/reich/hringbauer/git/punic_aDNA/eigenstrat//punic1.v44_HO.snp
indivname: /n/groups/reich/hringbauer/git/punic_aDNA/eigenstrat//punic1.v44_HO_mod.ind
evecoutname: /n/groups/reich/hringbauer/git/punic_aDNA/output/pca/v44/20201116.punic1.v44_HO.construct_WE_NA_PCA.shrinkmode.evec.txt
evaloutname: /n/groups/reich/hringbauer/git/punic_aDNA/output/pca/v44/20201116.punic1.v44_HO.construct_WE_NA_PCA.shrinkmode.eval.txt
poplistname: /n/groups/reich/hringbauer/git/punic_aDNA/parfiles/pca/construct_WE_NA_PCA
lsqproject: YES
shrinkmode: YES
hiprecision: YES
numoutevec: 4
topright: Georgian
## smartpca version: 18140
high precision evec output
norm used

lsqproject used
shrinkmode used
shrinkmode set!
packed geno read OK
end of inpack
snps deleted (nodata): 0.  deletesnpoutname: for detailsnumber of samples used: 1196 number of snps used: 593124
number of pops for axes: 1
Using 31 threads, and partial sum lookup algorithm.
 snp        snp_1_1330931 ignored . allelecnt:     0  missing:   177
 snp          rs143379804 ignored . allelecnt:     0  missing:     0
 snp        Affx-50013327 ignored . allelecnt:     0  missing:    52
 snp        snp_1_1934796 ignored . allelecnt:     0  missing:   172
 snp          rs149932247 ignored . allelecnt:     0  missing:     0
 snp          rs111514148 ignored . allelecnt:     0  missing:   120
 snp          rs144277239 ignored . allelecnt:     0  missing:     0
 snp           rs77602667 ignored . allelecnt:     0  missing:     1
 snp          rs201250599 ignored . allelecnt:     0  missing:     0
 snp        snp_1_2113592 ignored . allelecnt:     0  missing:    53
total number of snps killed in pass: 55153  used: 537971
REMOVED outlier HGDP01257 iter 1 evec 7 sigmage 8.442 pop: construct_WE_NA_PCA
REMOVED outlier HGDP01274 iter 1 evec 6 sigmage 6.580 pop: construct_WE_NA_PCA
REMOVED outlier Egypt3 iter 1 evec 8 sigmage -6.357 pop: construct_WE_NA_PCA
REMOVED outlier Algerian43A22 iter 1 evec 3 sigmage -16.968 pop: construct_WE_NA_PCA
REMOVED outlier SAH27 iter 1 evec 6 sigmage -8.385 pop: construct_WE_NA_PCA
REMOVED outlier Algerian43A13 iter 1 evec 3 sigmage -7.525 pop: construct_WE_NA_PCA
REMOVED outlier SAH24 iter 1 evec 6 sigmage -8.712 pop: construct_WE_NA_PCA
REMOVED outlier Tunisian20D4 iter 1 evec 8 sigmage -10.236 pop: construct_WE_NA_PCA
REMOVED outlier SAH34 iter 1 evec 6 sigmage -17.731 pop: construct_WE_NA_PCA
REMOVED outlier Algerian43A24 iter 1 evec 3 sigmage -9.482 pop: construct_WE_NA_PCA
REMOVED outlier SAH9 iter 1 evec 6 sigmage -13.030 pop: construct_WE_NA_PCA
REMOVED outlier Algerian43A32 iter 1 evec 3 sigmage -15.586 pop: construct_WE_NA_PCA
REMOVED outlier Algerian43A23 iter 1 evec 3 sigmage -6.379 pop: construct_WE_NA_PCA
REMOVED outlier Tunisian20D1 iter 1 evec 8 sigmage -8.779 pop: construct_WE_NA_PCA
number of samples after outlier removal: 1182
total number of snps killed in pass: 56379  used: 536745
REMOVED outlier HGDP00630 iter 2 evec 3 sigmage 6.035 pop: construct_WE_NA_PCA
REMOVED outlier HGDP01256 iter 2 evec 6 sigmage 12.224 pop: construct_WE_NA_PCA
REMOVED outlier HGDP01259 iter 2 evec 6 sigmage 26.841 pop: construct_WE_NA_PCA
REMOVED outlier HGDP01262 iter 2 evec 6 sigmage 10.371 pop: construct_WE_NA_PCA
REMOVED outlier HGDP01276 iter 2 evec 7 sigmage -8.060 pop: construct_WE_NA_PCA
REMOVED outlier HGDP01277 iter 2 evec 4 sigmage -6.181 pop: construct_WE_NA_PCA
REMOVED outlier Tunisian200000 iter 2 evec 8 sigmage -9.696 pop: construct_WE_NA_PCA
REMOVED outlier Algerian43A21 iter 2 evec 4 sigmage 6.090 pop: construct_WE_NA_PCA
REMOVED outlier SAH21 iter 2 evec 4 sigmage 11.441 pop: construct_WE_NA_PCA
REMOVED outlier Tunisian20A5 iter 2 evec 4 sigmage 8.315 pop: construct_WE_NA_PCA
number of samples after outlier removal: 1172
total number of snps killed in pass: 57349  used: 535775
REMOVED outlier Egypt11 iter 3 evec 4 sigmage 8.152 pop: construct_WE_NA_PCA
REMOVED outlier Egypt12 iter 3 evec 8 sigmage -6.040 pop: construct_WE_NA_PCA
REMOVED outlier Tunisian20C1 iter 3 evec 9 sigmage 15.913 pop: construct_WE_NA_PCA
REMOVED outlier Tunisian20F4 iter 3 evec 4 sigmage 8.863 pop: construct_WE_NA_PCA
REMOVED outlier SAH18 iter 3 evec 4 sigmage 6.329 pop: construct_WE_NA_PCA
REMOVED outlier Egypt9AQ177 iter 3 evec 8 sigmage -7.522 pop: construct_WE_NA_PCA
REMOVED outlier Tunisian20B4 iter 3 evec 9 sigmage 23.300 pop: construct_WE_NA_PCA
REMOVED outlier LIB13 iter 3 evec 7 sigmage 27.114 pop: construct_WE_NA_PCA
number of samples after outlier removal: 1164
total number of snps killed in pass: 58238  used: 534886
REMOVED outlier HGDP00646 iter 4 evec 9 sigmage 9.607 pop: construct_WE_NA_PCA
REMOVED outlier HGDP01253 iter 4 evec 5 sigmage -16.175 pop: construct_WE_NA_PCA
REMOVED outlier HGDP01254 iter 4 evec 5 sigmage 11.154 pop: construct_WE_NA_PCA
REMOVED outlier HGDP01255 iter 4 evec 5 sigmage -6.718 pop: construct_WE_NA_PCA
REMOVED outlier HGDP01265 iter 4 evec 1 sigmage 6.264 pop: construct_WE_NA_PCA
REMOVED outlier HGDP01268 iter 4 evec 7 sigmage -11.039 pop: construct_WE_NA_PCA
REMOVED outlier HGDP01275 iter 4 evec 7 sigmage -7.076 pop: construct_WE_NA_PCA
REMOVED outlier HGDP01278 iter 4 evec 5 sigmage 9.947 pop: construct_WE_NA_PCA
REMOVED outlier HGDP01279 iter 4 evec 5 sigmage 10.529 pop: construct_WE_NA_PCA
REMOVED outlier HGDP01280 iter 4 evec 1 sigmage 6.020 pop: construct_WE_NA_PCA
REMOVED outlier HGDP01282 iter 4 evec 7 sigmage -7.655 pop: construct_WE_NA_PCA
REMOVED outlier Egypt1 iter 4 evec 4 sigmage 9.230 pop: construct_WE_NA_PCA
REMOVED outlier Algerian43A34 iter 4 evec 7 sigmage 8.725 pop: construct_WE_NA_PCA
REMOVED outlier LIB27 iter 4 evec 5 sigmage -10.101 pop: construct_WE_NA_PCA
number of samples after outlier removal: 1150
total number of snps killed in pass: 59635  used: 533489
REMOVED outlier HGDP00610 iter 5 evec 3 sigmage 6.448 pop: construct_WE_NA_PCA
REMOVED outlier HGDP00611 iter 5 evec 6 sigmage -12.275 pop: construct_WE_NA_PCA
REMOVED outlier HGDP00612 iter 5 evec 3 sigmage 6.652 pop: construct_WE_NA_PCA
REMOVED outlier HGDP00616 iter 5 evec 3 sigmage 6.873 pop: construct_WE_NA_PCA
REMOVED outlier HGDP00618 iter 5 evec 3 sigmage 6.582 pop: construct_WE_NA_PCA
REMOVED outlier HGDP00623 iter 5 evec 3 sigmage 6.329 pop: construct_WE_NA_PCA
REMOVED outlier HGDP00631 iter 5 evec 3 sigmage 6.674 pop: construct_WE_NA_PCA
REMOVED outlier HGDP00634 iter 5 evec 9 sigmage 8.853 pop: construct_WE_NA_PCA
REMOVED outlier HGDP00649 iter 5 evec 3 sigmage 6.888 pop: construct_WE_NA_PCA
REMOVED outlier HGDP00701 iter 5 evec 3 sigmage 6.377 pop: construct_WE_NA_PCA
REMOVED outlier HGDP01258 iter 5 evec 2 sigmage -6.942 pop: construct_WE_NA_PCA
REMOVED outlier HGDP01264 iter 5 evec 2 sigmage -6.057 pop: construct_WE_NA_PCA
REMOVED outlier HGDP01272 iter 5 evec 2 sigmage -6.063 pop: construct_WE_NA_PCA
REMOVED outlier Tunisian20C4 iter 5 evec 6 sigmage 6.501 pop: construct_WE_NA_PCA
REMOVED outlier Egypt8AT113 iter 5 evec 5 sigmage 7.332 pop: construct_WE_NA_PCA
REMOVED outlier LIB7 iter 5 evec 8 sigmage 6.419 pop: construct_WE_NA_PCA
REMOVED outlier LIB18 iter 5 evec 7 sigmage 6.542 pop: construct_WE_NA_PCA
REMOVED outlier LIB30 iter 5 evec 5 sigmage -10.665 pop: construct_WE_NA_PCA
number of samples after outlier removal: 1132
total number of snps killed in pass: 61055  used: 532069
mpstats:     0.811    0.925    1.082    0.292681

## Tracy-Widom statistics: rows: 1132  cols: 533489
  #N    eigenvalue  difference    twstat      p-value effect. n
   1      8.021236          NA  1291.973            0  9264.776
   2      3.993004   -4.028231   655.580            0 14199.333
   3      2.947587   -1.045417   401.994            0 15685.884
   4      2.140556   -0.807032   172.583            0 16388.537
   5      2.089464   -0.051092   160.465            0 16615.208
   6      2.057666   -0.031797   153.843            0 16825.890
   7      2.055233   -0.002433   156.173            0 17028.977
   8      2.049812   -0.005421   157.610            0 17238.021
   9      2.041929   -0.007883   158.282            0 17451.797
  10      2.031373   -0.010556   158.083            0 17669.200
  11      2.018386   -0.012987   157.053            0 17888.896
  12      2.012179   -0.006206   158.179            0 18109.558
  13      2.002010   -0.010169   158.002            0 18334.709
  14      1.987455   -0.014555   156.320            0 18562.275
  15      1.979396   -0.008058   156.735            0 18789.756
  16      1.973120   -0.006277   157.740            0 19020.651
  17      1.967950   -0.005170   159.130            0 19256.035
  18      1.958259   -0.009691   158.977            0 19496.682
  19      1.922787   -0.035472   149.787            0 19739.981
  20      1.898849   -0.023937   144.296            0 19970.034
  21      1.893588   -0.005262   145.214            0 20193.182
  22      1.889746   -0.003842   146.646            0 20420.407
  23      1.875099   -0.014647   144.209            0 20652.704
  24      1.870713   -0.004386   145.390            0 20883.271
  25      1.863665   -0.007048   145.612            0 21118.529
  26      1.836929   -0.026736   138.558            0 21356.830
  27      1.817171   -0.019757   133.841            0 21584.948
  28      1.801029   -0.016142   130.307            0 21807.005
  29      1.792907   -0.008122   129.666            0 22025.029
  30      1.770781   -0.022126   123.676            0 22244.121
  31      1.752517   -0.018264   118.967            0 22454.675
  32      1.733417   -0.019100   113.788            0 22658.907
  33      1.726609   -0.006809   113.206            0 22855.941
  34      1.713015   -0.013594   109.955            0 23053.746
  35      1.706022   -0.006993   109.189            0 23247.622
  36      1.696493   -0.009529   107.392 4.94066e-324 23441.869
  37      1.688644   -0.007849   106.203 5.76688e-319 23634.654
  38      1.684337   -0.004307   106.381 9.16838e-320 23827.012
  39      1.672539   -0.011798   103.555  3.4789e-307 24021.355
  40      1.665545   -0.006994   102.580 6.90473e-303 24212.321
  41      1.648514   -0.017031    97.510 7.42622e-281 24403.165
  42      1.642694   -0.005821    96.867 4.17288e-278 24586.563
  43      1.640637   -0.002057    97.740  7.6146e-282 24770.311
  44      1.630973   -0.009663    95.497 2.87193e-272 24957.116
  45      1.626242   -0.004731    95.231 3.87765e-271 25141.401
  46      1.620525   -0.005717    94.540 3.25826e-268 25326.685
  47      1.607672   -0.012853    90.846 9.18453e-253 25512.199
  48      1.604636   -0.003036    91.177 3.87012e-254 25692.478
  49      1.594090   -0.010546    88.343 1.79226e-242 25874.763
  50      1.587279   -0.006811    87.020 4.32273e-237 26053.299
  51      1.580324   -0.006955    85.599  2.3361e-231 26230.786
  52      1.576057   -0.004266    85.291 4.05841e-230 26407.022
  53      1.570414   -0.005643    84.377 1.83709e-226 26584.011
  54      1.565589   -0.004826    83.790 4.01651e-224 26760.641
  55      1.561798   -0.003791    83.632 1.70729e-223 26937.496
  56      1.555737   -0.006061    82.475  6.4703e-219 27115.366
  57      1.548243   -0.007494    80.661 8.51693e-212 27292.391
  58      1.544003   -0.004240    80.232 3.97755e-210 27467.322
  59      1.528411   -0.015592    74.779 2.85823e-189 27642.714
  60      1.522866   -0.005545    73.664 4.26071e-185 27809.206
  61      1.517378   -0.005488    72.548 5.98616e-181 27974.781
  62      1.515580   -0.001798    73.053 8.02415e-183 28139.418
  63      1.513235   -0.002345    73.317 8.33844e-184 28306.111
  64      1.506630   -0.006605    71.662 1.10447e-177 28474.438
  65      1.505299   -0.001331    72.356 3.04712e-180 28640.792
  66      1.499311   -0.005988    70.943 4.79572e-175 28809.584
  67      1.494106   -0.005204    69.856 4.41879e-171 28976.831
  68      1.492703   -0.001403    70.483 2.30093e-173 29143.126
  69      1.488049   -0.004654    69.623 3.08861e-170 29311.733
  70      1.478271   -0.009778    66.378 1.31062e-158 29479.810
  71      1.475198   -0.003073    66.174  6.8715e-158 29642.760
  72      1.471603   -0.003595    65.720  2.7584e-156 29806.374
  73      1.465971   -0.005632    64.302 2.56165e-151 29970.169
  74      1.465079   -0.000891    65.075 5.07024e-154 30132.275
  75      1.461034   -0.004045    64.375 1.41865e-151 30296.919
  76      1.457217   -0.003817    63.766 1.86515e-149 30461.251
  77      1.451773   -0.005444    62.371 1.21218e-144 30625.436
  78      1.450700   -0.001073    63.026 6.77278e-147 30787.921
  79      1.445073   -0.005627    61.515 1.02967e-141 30952.722
  80      1.441064   -0.004009    60.748 4.13527e-139 31115.567
  81      1.437696   -0.003367    60.273 1.66983e-137 31277.906
  82      1.434581   -0.003116    59.908 2.84617e-136 31440.306
  83      1.430946   -0.003634    59.281 3.60603e-134 31602.980
  84      1.424493   -0.006453    57.270 1.69093e-127 31765.398
  85      1.420984   -0.003508    56.657 1.72711e-125 31924.772
  86      1.418140   -0.002844    56.356  1.6647e-124 32083.877
  87      1.417352   -0.000788    57.055 8.55059e-127 32243.329
  88      1.412566   -0.004786    55.794  1.1247e-122 32405.160
  89      1.409258   -0.003308    55.238 7.07242e-121 32565.393
  90      1.405770   -0.003488    54.581 9.24902e-119 32725.448
  91      1.401803   -0.003967    53.671 7.48943e-116 32885.107
  92      1.399842   -0.001960    53.745 4.34324e-116 33043.842
  93      1.396948   -0.002895    53.350 7.88329e-115 33203.662
  94      1.394549   -0.002399    53.193 2.46473e-114 33363.602
  95      1.389551   -0.004998    51.721 1.06275e-109 33524.155
  96      1.386796   -0.002755    51.356 1.45907e-108 33682.575
  97      1.385182   -0.001613    51.563 3.32023e-109 33841.150
  98      1.383347   -0.001836    51.656 1.69958e-109 34001.074
  99      1.377002   -0.006345    49.444 1.16029e-102 34162.121
 100      1.370762   -0.006239    47.249  4.98975e-96 34319.419
 101      1.368923   -0.001839    47.279  4.06511e-96 34472.983
 102      1.367002   -0.001921    47.264  4.49416e-96 34627.463
 103      1.363725   -0.003276    46.546  6.18207e-94 34782.774
 104      1.361586   -0.002139    46.403  1.63012e-93 34937.420
 105      1.356614   -0.004972    44.783  9.31018e-89 35092.620
 106      1.356330   -0.000283    45.582  4.30761e-91 35245.213
 107      1.353663   -0.002668    45.142  8.32934e-90 35400.353
 108      1.348882   -0.004780    43.585   2.6938e-85 35555.397
 109      1.348346   -0.000537    44.236  3.58917e-87 35707.924
 110      1.345248   -0.003098    43.541  3.58297e-85 35862.687
 111      1.344484   -0.000764    44.071  1.07472e-86 36016.778
 112      1.340322   -0.004162    42.800  4.69444e-83 36172.863
 113      1.339605   -0.000717    43.344  1.31903e-84 36327.004
 114      1.335773   -0.003832    42.229    1.953e-81 36483.174
 115      1.330747   -0.005026    40.455  1.76827e-76 36637.719
 116      1.329176   -0.001571    40.510  1.24492e-76 36789.169
 117      1.326677   -0.002499    40.064    2.121e-75 36941.537
 118      1.322645   -0.004032    38.780   6.7677e-72 37093.716
 119      1.319304   -0.003341    37.851  2.14318e-69 37243.837
 120      1.317938   -0.001366    37.980  9.69562e-70 37392.667
 121      1.316048   -0.001890    37.823  2.54861e-69 37542.548
 122      1.313201   -0.002847    37.139  1.68812e-67 37692.849
 123      1.311198   -0.002003    36.906  6.98774e-67 37842.382
 124      1.310663   -0.000535    37.473  2.18272e-68 37992.154
 125      1.307263   -0.003400    36.469  9.87719e-66 38143.979
 126      1.305732   -0.001531    36.481  9.18373e-66 38294.294
 127      1.303219   -0.002513    35.947  2.28733e-64 38445.401
 128      1.301100   -0.002120    35.623  1.59905e-63 38596.053
 129      1.297223   -0.003877    34.313  3.72527e-60 38746.722
 130      1.290323   -0.006900    31.296  1.21371e-52 38895.134
 131      1.288905   -0.001417    31.306  1.14934e-52 39037.377
 132      1.286402   -0.002503    30.705  3.28147e-51 39180.328
 133      1.286118   -0.000283    31.343  9.34894e-53 39322.591
 134      1.282327   -0.003791    30.010  1.52226e-49 39467.004
 135      1.281804   -0.000523    30.504  9.96876e-51 39609.036
 136      1.279401   -0.002403    29.939  2.24365e-49 39752.890
 137      1.277067   -0.002333    29.404  4.15331e-48 39896.118
 138      1.272260   -0.004808    27.452  1.40039e-43 40038.783
 139      1.271279   -0.000980    27.657  4.74681e-44 40177.578
 140      1.269260   -0.002019    27.270  3.62732e-43 40317.497
 141      1.265952   -0.003308    26.137  1.27855e-40 40457.161
 142      1.263129   -0.002823    25.267  1.06022e-38 40594.821
 143      1.262864   -0.000265    25.859  5.29429e-40 40731.076
 144      1.260547   -0.002317    25.272  1.03807e-38 40869.339
 145      1.257629   -0.002918    24.328  1.15319e-36 41006.847
 146      1.257207   -0.000422    24.819  1.00551e-37 41142.751
 147      1.253442   -0.003765    23.371  1.24714e-34 41280.429
 148      1.251789   -0.001653    23.134  3.90591e-34 41415.293
 149      1.249247   -0.002542    22.375  1.47721e-32 41550.196
 150      1.248323   -0.000924    22.552   6.3723e-33 41683.891
 151      1.245825   -0.002498    21.806  2.15351e-31 41818.595
 152      1.242638   -0.003187    20.645  4.58779e-29 41952.110
 153      1.240802   -0.001836    20.265  2.56781e-28 42083.434
 154      1.240606   -0.000195    20.848  1.81518e-29 42214.415
 155      1.238511   -0.002095    20.313  2.07318e-28 42347.360
 156      1.236122   -0.002389    19.595  5.15089e-27 42479.587
 157      1.235722   -0.000400    20.050  6.75379e-28 42610.651
 158      1.234507   -0.001215    20.024  7.59242e-28 42743.377
 159      1.232239   -0.002268    19.368  1.40786e-26 42876.611
 160      1.228819   -0.003420    18.015  4.98548e-24 43008.812
 161      1.228398   -0.000420    18.442  8.01012e-25 43138.272
 162      1.226817   -0.001581    18.175   2.5116e-24 43269.319
 163      1.226101   -0.000716    18.425  8.60116e-25 43400.264
 164      1.223401   -0.002700    17.481  4.76443e-23 43532.378
 165      1.221214   -0.002186    16.835  6.98276e-22 43662.712
 166      1.218950   -0.002264    16.133  1.21754e-20 43791.991
 167      1.216632   -0.002318    15.390  2.35468e-19 43920.069
 168      1.215363   -0.001269    15.275  3.70415e-19 44046.831
 169      1.214565   -0.000798    15.444  1.90148e-19 44173.823
 170      1.212039   -0.002526    14.560  5.91883e-18 44301.754
 171      1.210876   -0.001163    14.499   7.4882e-18 44427.998
 172      1.208685   -0.002191    13.806  1.02732e-16 44554.597
 173      1.207884   -0.000801    13.958  5.82558e-17 44679.968
 174      1.206270   -0.001614    13.610   2.1338e-16 44806.222
 175      1.205199   -0.001071    13.592  2.28147e-16 44932.103
 176      1.201118   -0.004081    11.715   1.8737e-13 45058.441
 177      1.199783   -0.001335    11.515  3.72729e-13 45180.538
 178      1.197514   -0.002268    10.733  5.13888e-12 45302.603
 179      1.195434   -0.002080    10.060  4.58258e-11 45423.165
 180      1.193065   -0.002370     9.198  6.79003e-10 45542.488
 181      1.192157   -0.000908     9.237  6.03008e-10 45660.088
 182      1.191916   -0.000241     9.691  1.47388e-10 45778.226
 183      1.189264   -0.002652     8.642   3.6261e-09 45897.963
 184      1.188049   -0.001215     8.482  5.82882e-09 46015.480
 185      1.186817   -0.001232     8.308  9.69127e-09 46133.026
 186      1.185370   -0.001447     7.996  8.09031e-09 46250.564
 187      1.184547   -0.000823     8.073  1.91054e-08 46367.740
 188      1.182691   -0.001856     7.499  3.40885e-08 46485.547
 189      1.180998   -0.001692     7.022  1.28198e-07 46602.310
 190      1.179136   -0.001863     6.431  6.32444e-07 46718.269
 191      1.178143   -0.000992     6.385  7.14082e-07 46833.125
 192      1.176899   -0.001244     6.177  1.22782e-06 46948.277
 193      1.173565   -0.003334     4.639  5.30898e-05 47063.307
 194      1.173047   -0.000518     4.877  3.05529e-05 47174.761
 195      1.172459   -0.000588     5.073  1.92503e-05 47287.225
 196      1.170741   -0.001718     4.547   6.5439e-05 47400.596
 197      1.169712   -0.001028     4.458  8.02113e-05 47512.996
 198      1.168357   -0.001355     4.157  0.000156732 47625.558
 199      1.166138   -0.002219     3.297  0.000951333 47737.724
 200      1.164853   -0.001285     3.030   0.00161168 47848.026
 201      1.163124   -0.001729     2.473   0.00456803 47958.004
 202      1.160866   -0.002258     1.569    0.0209279 48066.896
 203      1.160261   -0.000605     1.723     0.016392 48173.781
 204      1.159383   -0.000878     1.701    0.0169714 48281.431
 205      1.158926   -0.000457     1.952    0.0112799 48389.386
 206      1.157760   -0.001165     1.744     0.015848 48498.370
 207      1.157252   -0.000509     1.961    0.0111103 48607.170
 208      1.155968   -0.001284     1.674    0.0177332 48716.917
 209      1.154998   -0.000969     1.589    0.0202813 48826.267
 210      1.154267   -0.000732     1.658    0.0181976 48935.758
 211      1.152780   -0.001487     1.232    0.0348251 49045.806
 212      1.150677   -0.002103     0.399     0.106379 49155.073
 213      1.149593   -0.001084     0.226     0.130627 49262.450
 214      1.147743   -0.001850    -0.453     0.264652 49369.711
 215      1.146194   -0.001549    -0.940     0.398251 49475.484
 216      1.145900   -0.000294    -0.607     0.303877 49580.279
 217      1.144171   -0.001729    -1.217      0.48381 49686.321
 218      1.142505   -0.001666    -1.793      0.66498 49791.042
 219      1.141785   -0.000720    -1.747     0.651213 49894.529
 220      1.141384   -0.000401    -1.491     0.570985 49998.470
 221      1.140338   -0.001046    -1.661     0.624553 50103.448
 222      1.139687   -0.000652    -1.571     0.596415 50208.294
 223      1.138695   -0.000991    -1.707     0.638959 50313.724
 224      1.137210   -0.001485    -2.174     0.772738 50419.116
 225      1.136959   -0.000251    -1.822     0.673993 50523.547
 226      1.135145   -0.001814    -2.512     0.851155 50629.292
 227      1.134345   -0.000800    -2.531     0.854907 50733.445
 228      1.132460   -0.001885    -3.277     0.958622 50837.876
 229      1.131938   -0.000522    -3.116     0.943541 50940.542
 230      1.130847   -0.001091    -3.336     0.963292 51043.982
 231      1.130195   -0.000651    -3.263     0.957463 51147.125
 232      1.128301   -0.001894    -4.028     0.992985 51250.796
 233      1.127927   -0.000375    -3.774     0.986381 51352.625
 234      1.126529   -0.001397    -4.210     0.995825 51455.488
 235      1.125196   -0.001334    -4.607     0.998822 51557.430
 236      1.124726   -0.000470    -4.423     0.997833 51658.552
 237      1.123746   -0.000980    -4.584     0.998725 51760.509
 238      1.122313   -0.001433    -5.054     0.999776 51862.317
 239      1.121065   -0.001247    -5.403     0.999949 51963.083
 240      1.119812   -0.001253    -5.760     0.999991 52063.151
 241      1.118835   -0.000977    -5.932     0.999996 52162.493
 242      1.117813   -0.001022    -6.137     0.999999 52261.634
 243      1.116324   -0.001489    -6.663            1 52360.478
 244      1.115109   -0.001215    -7.006            1 52458.092
 245      1.114176   -0.000933    -7.160            1 52554.997
 246      1.113559   -0.000617    -7.099            1 52651.737
 247      1.112861   -0.000697    -7.093            1 52748.934
 248      1.110959   -0.001903    -7.917            1 52846.431
 249      1.110330   -0.000629    -7.871            1 52941.803
 250      1.109397   -0.000933    -8.034            1 53037.582
 251      1.109045   -0.000351    -7.798            1 53133.154
 252      1.108219   -0.000826    -7.888            1 53229.694
 253      1.107584   -0.000635    -7.848            1 53326.243
 254      1.107062   -0.000523    -7.729            1 53423.188
 255      1.105697   -0.001364    -8.195            1 53520.763
 256      1.105395   -0.000303    -7.927            1 53617.231
 257      1.103902   -0.001492    -8.484            1 53714.775
 258      1.103413   -0.000489    -8.349            1 53810.925
 259      1.102402   -0.001011    -8.576            1 53907.755
 260      1.101804   -0.000598    -8.518            1 54004.174
 261      1.100664   -0.001140    -8.838            1 54101.042
 262      1.099698   -0.000966    -9.040            1 54197.213
 263      1.097836   -0.001862    -9.872            1 54293.042
 264      1.097672   -0.000164    -9.519            1 54386.613
 265      1.097454   -0.000218    -9.203            1 54481.511
 266      1.096639   -0.000815    -9.304            1 54577.640
 267      1.094891   -0.001749   -10.063            1 54673.728
 268      1.094310   -0.000581   -10.006            1 54767.749
 269      1.093353   -0.000957   -10.215            1 54862.202
 270      1.092484   -0.000868   -10.363            1 54956.269
 271      1.091891   -0.000593   -10.318            1 55050.133
 272      1.091235   -0.000657   -10.318            1 55144.393
 273      1.090641   -0.000593   -10.274            1 55238.908
 274      1.090184   -0.000458   -10.134            1 55333.819
 275      1.088528   -0.001655   -10.844            1 55429.430
 276      1.088117   -0.000411   -10.674            1 55523.073
 277      1.087634   -0.000483   -10.556            1 55617.501
 278      1.086703   -0.000931   -10.756            1 55712.558
 279      1.084549   -0.002154   -11.831            1 55807.240
 280      1.083966   -0.000583   -11.793            1 55898.773
 281      1.083405   -0.000561   -11.739            1 55990.667
 282      1.082210   -0.001195   -12.140            1 56082.972
 283      1.081772   -0.000438   -12.000            1 56174.246
 284      1.081486   -0.000286   -11.751            1 56266.200
 285      1.080653   -0.000833   -11.894            1 56359.192
 286      1.078775   -0.001878   -12.790            1 56451.971
 287      1.078343   -0.000432   -12.653            1 56542.109
 288      1.077130   -0.001213   -13.077            1 56632.921
 289      1.076906   -0.000224   -12.792            1 56722.596
 290      1.076165   -0.000741   -12.878            1 56813.421
 291      1.075607   -0.000558   -12.833            1 56904.198
 292      1.074410   -0.001198   -13.251            1 56995.354
 293      1.074243   -0.000167   -12.926            1 57085.377
 294      1.073185   -0.001059   -13.245            1 57176.694
 295      1.072378   -0.000806   -13.385            1 57267.193
 296      1.071120   -0.001259   -13.855            1 57357.463
 297      1.071040   -0.000079   -13.470            1 57446.411
 298      1.069820   -0.001221   -13.914            1 57536.852
 299      1.068966   -0.000854   -14.095            1 57626.047
 300      1.068664   -0.000302   -13.874            1 57714.863
 301      1.068170   -0.000493   -13.792            1 57804.631
 302      1.067591   -0.000580   -13.773            1 57894.897
 303      1.066919   -0.000672   -13.822            1 57985.452
 304      1.066448   -0.000471   -13.724            1 58076.069
 305      1.065228   -0.001220   -14.176            1 58167.243
 306      1.064791   -0.000437   -14.056            1 58257.116
 307      1.063484   -0.001307   -14.576            1 58347.618
 308      1.062594   -0.000889   -14.792            1 58436.577
 309      1.061768   -0.000826   -14.964            1 58525.017
 310      1.060852   -0.000916   -15.204            1 58613.083
 311      1.060560   -0.000292   -14.985            1 58700.541
 312      1.059869   -0.000691   -15.060            1 58788.957
 313      1.059433   -0.000437   -14.948            1 58877.327
 314      1.058495   -0.000938   -15.207            1 58966.297
 315      1.057815   -0.000680   -15.276            1 59054.586
 316      1.057331   -0.000484   -15.201            1 59142.845
 317      1.056716   -0.000615   -15.223            1 59231.575
 318      1.056685   -0.000031   -14.811            1 59320.439
 319      1.055937   -0.000748   -14.930            1 59410.962
 320      1.054727   -0.001211   -15.396            1 59501.285
 321      1.053628   -0.001098   -15.782            1 59590.185
 322      1.053343   -0.000286   -15.563            1 59677.937
 323      1.052681   -0.000661   -15.625            1 59766.666
 324      1.052107   -0.000575   -15.622            1 59855.386
 325      1.051497   -0.000610   -15.646            1 59944.325
 326      1.050820   -0.000677   -15.721            1 60033.388
 327      1.050129   -0.000692   -15.808            1 60122.394
 328      1.049268   -0.000860   -16.023            1 60211.297
 329      1.048613   -0.000655   -16.085            1 60299.635
 330      1.047607   -0.001007   -16.413            1 60387.955
 331      1.047282   -0.000325   -16.230            1 60475.295
 332      1.046646   -0.000637   -16.281            1 60563.499
 333      1.045988   -0.000658   -16.349            1 60651.721
 334      1.045010   -0.000978   -16.660            1 60739.900
 335      1.044464   -0.000546   -16.647            1 60827.147
 336      1.043303   -0.001161   -17.099            1 60914.640
 337      1.042848   -0.000455   -17.021            1 61000.672
 338      1.042106   -0.000742   -17.159            1 61087.185
 339      1.041688   -0.000418   -17.053            1 61173.381
 340      1.041358   -0.000330   -16.880            1 61260.161
 341      1.039735   -0.001623   -17.689            1 61347.779
 342      1.039585   -0.000150   -17.384            1 61432.586
 343      1.038599   -0.000986   -17.714            1 61518.715
 344      1.038427   -0.000172   -17.425            1 61603.803
 345      1.037770   -0.000657   -17.505            1 61690.157
 346      1.037547   -0.000223   -17.253            1 61776.402
 347      1.036576   -0.000971   -17.573            1 61863.784
 348      1.036536   -0.000040   -17.182            1 61950.151
 349      1.035527   -0.001009   -17.532            1 62038.190
 350      1.035296   -0.000231   -17.287            1 62125.095
 351      1.034175   -0.001122   -17.726            1 62213.126
 352      1.033209   -0.000966   -18.048            1 62299.673
 353      1.032505   -0.000704   -18.171            1 62385.175
 354      1.032105   -0.000400   -18.061            1 62470.387
 355      1.031537   -0.000569   -18.081            1 62556.204
 356      1.030937   -0.000600   -18.126            1 62642.127
 357      1.030514   -0.000423   -18.034            1 62728.062
 358      1.029664   -0.000850   -18.273            1 62814.539
 359      1.029312   -0.000352   -18.127            1 62900.271
 360      1.027825   -0.001487   -18.861            1 62986.752
 361      1.027379   -0.000446   -18.793            1 63070.548
 362      1.027044   -0.000334   -18.639            1 63154.780
 363      1.026914   -0.000130   -18.325            1 63239.795
 364      1.026224   -0.000690   -18.444            1 63326.229
 365      1.025063   -0.001161   -18.931            1 63412.374
 366      1.024492   -0.000571   -18.962            1 63496.766
 367      1.024220   -0.000272   -18.761            1 63581.207
 368      1.023358   -0.000862   -19.018            1 63666.625
 369      1.022967   -0.000391   -18.911            1 63751.189
 370      1.022602   -0.000365   -18.782            1 63836.358
 371      1.022314   -0.000288   -18.592            1 63922.220
 372      1.021706   -0.000609   -18.653            1 64009.030
 373      1.021376   -0.000329   -18.495            1 64095.776
 374      1.020123   -0.001253   -19.061            1 64183.349
 375      1.019569   -0.000554   -19.083            1 64268.793
 376      1.018728   -0.000841   -19.331            1 64354.323
 377      1.018116   -0.000612   -19.400            1 64439.011
 378      1.017789   -0.000327   -19.247            1 64523.582
 379      1.017287   -0.000502   -19.230            1 64608.958
 380      1.016560   -0.000727   -19.390            1 64694.576
 381      1.016133   -0.000427   -19.316            1 64779.700
 382      1.014594   -0.001539   -20.120            1 64865.304
 383      1.014199   -0.000395   -20.026            1 64947.734
 384      1.013595   -0.000604   -20.097            1 65030.713
 385      1.013470   -0.000125   -19.789            1 65113.556
 386      1.012700   -0.000770   -19.991            1 65197.850
 387      1.011752   -0.000948   -20.335            1 65281.459
 388      1.011590   -0.000162   -20.058            1 65363.779
 389      1.010954   -0.000635   -20.156            1 65447.424
 390      1.010462   -0.000493   -20.141            1 65530.816
 391      1.009876   -0.000586   -20.200            1 65614.431
 392      1.009347   -0.000528   -20.215            1 65697.951
 393      1.008595   -0.000752   -20.408            1 65781.569
 394      1.007892   -0.000703   -20.564            1 65864.516
 395      1.007203   -0.000690   -20.710            1 65946.949
 396      1.007026   -0.000176   -20.448            1 66028.904
 397      1.006726   -0.000300   -20.282            1 66112.144
 398      1.006052   -0.000674   -20.416            1 66196.258
 399      1.005710   -0.000341   -20.284            1 66279.949
 400      1.004941   -0.000769   -20.494            1 66364.375
 401      1.004148   -0.000793   -20.726            1 66448.037
 402      1.003699   -0.000448   -20.683            1 66530.837
 403      1.003588   -0.000111   -20.368            1 66613.981
 404      1.002629   -0.000959   -20.734            1 66698.669
 405      1.002386   -0.000243   -20.526            1 66781.893
 406      1.001888   -0.000497   -20.521            1 66866.195
 407      1.001496   -0.000392   -20.432            1 66950.674
 408      1.001124   -0.000372   -20.326            1 67035.710
 409      0.999642   -0.001483   -21.118            1 67121.383
 410      0.999163   -0.000479   -21.104            1 67203.651
 411      0.998916   -0.000247   -20.902            1 67286.128
 412      0.998161   -0.000755   -21.110            1 67369.665
 413      0.998002   -0.000159   -20.837            1 67452.405
 414      0.997141   -0.000862   -21.132            1 67536.538
 415      0.996260   -0.000880   -21.445            1 67619.473
 416      0.996023   -0.000237   -21.238            1 67701.123
 417      0.995983   -0.000040   -20.870            1 67783.863
 418      0.995519   -0.000464   -20.844            1 67868.447
 419      0.994921   -0.000598   -20.928            1 67953.304
 420      0.994061   -0.000860   -21.225            1 68037.927
 421      0.993951   -0.000110   -20.913            1 68121.316
 422      0.993031   -0.000920   -21.261            1 68206.308
 423      0.992113   -0.000918   -21.610            1 68289.825
 424      0.991764   -0.000348   -21.496            1 68371.849
 425      0.991175   -0.000590   -21.579            1 68454.549
 426      0.990757   -0.000418   -21.522            1 68536.998
 427      0.990076   -0.000681   -21.681            1 68619.856
 428      0.989820   -0.000256   -21.492            1 68702.103
 429      0.989131   -0.000690   -21.658            1 68785.388
 430      0.988936   -0.000194   -21.419            1 68868.020
 431      0.988097   -0.000839   -21.708            1 68951.938
 432      0.987026   -0.001071   -22.191            1 69034.607
 433      0.986705   -0.000321   -22.060            1 69115.092
 434      0.986101   -0.000603   -22.161            1 69196.335
 435      0.985191   -0.000910   -22.516            1 69277.221
 436      0.984352   -0.000839   -22.816            1 69356.517
 437      0.984259   -0.000093   -22.501            1 69434.484
 438      0.983636   -0.000623   -22.623            1 69514.093
 439      0.983110   -0.000526   -22.665            1 69593.231
 440      0.982873   -0.000237   -22.469            1 69672.281
 441      0.982523   -0.000349   -22.364            1 69752.410
 442      0.982038   -0.000486   -22.372            1 69833.177
 443      0.981741   -0.000296   -22.223            1 69914.028
 444      0.981018   -0.000724   -22.428            1 69995.743
 445      0.980840   -0.000178   -22.181            1 70076.565
 446      0.980494   -0.000346   -22.073            1 70158.744
 447      0.979614   -0.000880   -22.409            1 70241.596
 448      0.979244   -0.000370   -22.322            1 70322.889
 449      0.978751   -0.000493   -22.338            1 70404.745
 450      0.978099   -0.000652   -22.486            1 70486.647
 451      0.977588   -0.000511   -22.519            1 70567.921
 452      0.977142   -0.000446   -22.497            1 70649.152
 453      0.976483   -0.000659   -22.654            1 70730.613
 454      0.975995   -0.000488   -22.669            1 70811.396
 455      0.975722   -0.000273   -22.504            1 70892.219
 456      0.975380   -0.000342   -22.396            1 70974.009
 457      0.974739   -0.000640   -22.538            1 71056.480
 458      0.974141   -0.000598   -22.646            1 71138.340
 459      0.973884   -0.000257   -22.468            1 71219.760
 460      0.973162   -0.000722   -22.680            1 71302.228
 461      0.972871   -0.000291   -22.531            1 71383.709
 462      0.972397   -0.000474   -22.535            1 71466.092
 463      0.972202   -0.000195   -22.305            1 71548.572
 464      0.971907   -0.000295   -22.157            1 71632.395
 465      0.971079   -0.000828   -22.459            1 71717.131
 466      0.970445   -0.000633   -22.598            1 71800.391
 467      0.969951   -0.000494   -22.621            1 71883.029
 468      0.969528   -0.000423   -22.584            1 71965.663
 469      0.968738   -0.000790   -22.858            1 72048.614
 470      0.967826   -0.000912   -23.238            1 72130.210
 471      0.967559   -0.000267   -23.074            1 72209.871
 472      0.967433   -0.000125   -22.789            1 72290.522
 473      0.967113   -0.000320   -22.667            1 72372.830
 474      0.966137   -0.000976   -23.102            1 72455.920
 475      0.965665   -0.000472   -23.111            1 72536.749
 476      0.965383   -0.000282   -22.960            1 72617.632
 477      0.964945   -0.000438   -22.941            1 72699.454
 478      0.964139   -0.000806   -23.234            1 72781.497
 479      0.963710   -0.000430   -23.210            1 72862.024
 480      0.963570   -0.000140   -22.938            1 72942.790
 481      0.963130   -0.000440   -22.921            1 73025.175
 482      0.962498   -0.000632   -23.068            1 73107.768
 483      0.962016   -0.000482   -23.088            1 73189.648
 484      0.961635   -0.000381   -23.022            1 73271.522
 485      0.961512   -0.000123   -22.735            1 73353.877
 486      0.960973   -0.000539   -22.802            1 73437.971
 487      0.960742   -0.000230   -22.606            1 73521.796
 488      0.960357   -0.000386   -22.541            1 73606.861
 489      0.959431   -0.000925   -22.939            1 73692.418
 490      0.959088   -0.000344   -22.842            1 73775.801
 491      0.958748   -0.000339   -22.739            1 73859.859
 492      0.958308   -0.000440   -22.723            1 73944.624
 493      0.957541   -0.000767   -22.989            1 74029.598
 494      0.956902   -0.000639   -23.146            1 74113.138
 495      0.956794   -0.000109   -22.848            1 74195.868
 496      0.955997   -0.000797   -23.141            1 74280.452
 497      0.955798   -0.000199   -22.921            1 74363.420
 498      0.955299   -0.000499   -22.958            1 74447.793
 499      0.954899   -0.000400   -22.910            1 74532.057
 500      0.954196   -0.000703   -23.125            1 74616.714
 501      0.953935   -0.000261   -22.959            1 74700.202
 502      0.953545   -0.000390   -22.903            1 74784.790
 503      0.952714   -0.000832   -23.230            1 74869.823
 504      0.952332   -0.000382   -23.169            1 74952.996
 505      0.952140   -0.000192   -22.944            1 75036.632
 506      0.951628   -0.000512   -22.995            1 75121.741
 507      0.951134   -0.000494   -23.030            1 75206.647
 508      0.950632   -0.000502   -23.074            1 75291.442
 509      0.950039   -0.000594   -23.197            1 75376.079
 510      0.949649   -0.000390   -23.145            1 75460.057
 511      0.948592   -0.001056   -23.673            1 75544.461
 512      0.948017   -0.000576   -23.787            1 75625.703
 513      0.947621   -0.000396   -23.744            1 75706.331
 514      0.947568   -0.000052   -23.402            1 75787.305
 515      0.947071   -0.000497   -23.445            1 75870.497
 516      0.946544   -0.000527   -23.516            1 75953.508
 517      0.946342   -0.000202   -23.303            1 76036.170
 518      0.945854   -0.000488   -23.338            1 76120.264
 519      0.945319   -0.000535   -23.415            1 76204.229
 520      0.945177   -0.000143   -23.149            1 76287.798
 521      0.944776   -0.000401   -23.109            1 76373.157
 522      0.944041   -0.000734   -23.360            1 76458.876
 523      0.943687   -0.000355   -23.280            1 76543.080
 524      0.942947   -0.000740   -23.539            1 76627.891
 525      0.942784   -0.000163   -23.292            1 76711.126
 526      0.942265   -0.000519   -23.357            1 76796.048
 527      0.941344   -0.000921   -23.777            1 76880.640
 528      0.941073   -0.000271   -23.627            1 76962.586
 529      0.940168   -0.000904   -24.035            1 77045.589
 530      0.939961   -0.000207   -23.831            1 77126.003
 531      0.939665   -0.000297   -23.705            1 77207.825
 532      0.939036   -0.000629   -23.872            1 77290.556
 533      0.938615   -0.000421   -23.856            1 77372.260
 534      0.938087   -0.000528   -23.935            1 77454.142
 535      0.937368   -0.000719   -24.184            1 77535.573
 536      0.936899   -0.000469   -24.214            1 77615.415
 537      0.936385   -0.000515   -24.285            1 77695.120
 538      0.936140   -0.000245   -24.117            1 77774.412
 539      0.935979   -0.000161   -23.873            1 77854.892
 540      0.935619   -0.000360   -23.805            1 77937.084
 541      0.935175   -0.000443   -23.810            1 78019.811
 542      0.934902   -0.000273   -23.665            1 78102.573
 543      0.934558   -0.000344   -23.581            1 78186.408
 544      0.933653   -0.000905   -23.996            1 78270.895
 545      0.933204   -0.000449   -24.009            1 78352.592
 546      0.932892   -0.000312   -23.900            1 78434.266
 547      0.932437   -0.000455   -23.917            1 78516.762
 548      0.931873   -0.000564   -24.033            1 78599.201
 549      0.931485   -0.000388   -23.993            1 78680.897
 550      0.931030   -0.000455   -24.012            1 78762.936
 551      0.930594   -0.000436   -24.014            1 78844.905
 552      0.930061   -0.000533   -24.104            1 78926.916
 553      0.929674   -0.000387   -24.063            1 79008.353
 554      0.929272   -0.000402   -24.037            1 79090.135
 555      0.929009   -0.000262   -23.885            1 79172.162
 556      0.928597   -0.000412   -23.866            1 79255.337
 557      0.928171   -0.000426   -23.859            1 79338.708
 558      0.927598   -0.000572   -23.985            1 79422.187
 559      0.927177   -0.000422   -23.976            1 79504.819
 560      0.926972   -0.000204   -23.772            1 79587.571
 561      0.926498   -0.000474   -23.809            1 79671.870
 562      0.926076   -0.000422   -23.800            1 79755.962
 563      0.925902   -0.000175   -23.567            1 79840.183
 564      0.925744   -0.000157   -23.318            1 79926.180
 565      0.925039   -0.000706   -23.562            1 80014.101
 566      0.924676   -0.000363   -23.498            1 80100.281
 567      0.924190   -0.000486   -23.545            1 80187.007
 568      0.923845   -0.000345   -23.465            1 80273.447
 569      0.923206   -0.000639   -23.651            1 80360.558
 570      0.922784   -0.000422   -23.642            1 80446.331
 571      0.922120   -0.000664   -23.853            1 80532.232
 572      0.921272   -0.000848   -24.232            1 80616.594
 573      0.920826   -0.000447   -24.251            1 80698.122
 574      0.920529   -0.000297   -24.134            1 80779.547
 575      0.920246   -0.000283   -24.004            1 80861.905
 576      0.919362   -0.000883   -24.418            1 80945.304
 577      0.918850   -0.000513   -24.499            1 81025.556
 578      0.918492   -0.000357   -24.440            1 81105.211
 579      0.918284   -0.000208   -24.244            1 81185.352
 580      0.918005   -0.000279   -24.111            1 81267.042
 581      0.917580   -0.000425   -24.111            1 81349.800
 582      0.917320   -0.000260   -23.961            1 81432.596
 583      0.917105   -0.000215   -23.768            1 81516.614
 584      0.916084   -0.001021   -24.309            1 81602.204
 585      0.915806   -0.000278   -24.177            1 81683.538
 586      0.915513   -0.000294   -24.058            1 81765.951
 587      0.915158   -0.000355   -23.995            1 81849.342
 588      0.914655   -0.000503   -24.066            1 81933.280
 589      0.914195   -0.000460   -24.099            1 82016.677
 590      0.913692   -0.000502   -24.172            1 82099.836
 591      0.912788   -0.000904   -24.614            1 82182.438
 592      0.912551   -0.000237   -24.447            1 82261.475
 593      0.912289   -0.000261   -24.302            1 82341.874
 594      0.912209   -0.000080   -23.989            1 82423.477
 595      0.911831   -0.000379   -23.948            1 82507.677
 596      0.911322   -0.000509   -24.026            1 82592.246
 597      0.910736   -0.000586   -24.176            1 82676.193
 598      0.910480   -0.000256   -24.024            1 82758.915
 599      0.909743   -0.000737   -24.315            1 82842.927
 600      0.909109   -0.000635   -24.513            1 82924.526
 601      0.908851   -0.000257   -24.366            1 83004.471
 602      0.908561   -0.000290   -24.247            1 83085.661
 603      0.908393   -0.000168   -24.015            1 83167.866
 604      0.907431   -0.000962   -24.515            1 83252.053
 605      0.907123   -0.000307   -24.414            1 83331.990
 606      0.906806   -0.000317   -24.321            1 83412.789
 607      0.906576   -0.000230   -24.148            1 83494.386
 608      0.905877   -0.000700   -24.407            1 83577.483
 609      0.905375   -0.000501   -24.486            1 83658.341
 610      0.905286   -0.000089   -24.183            1 83738.517
 611      0.904663   -0.000624   -24.373            1 83821.325
 612      0.904422   -0.000241   -24.211            1 83902.470
 613      0.904211   -0.000211   -24.019            1 83985.038
 614      0.903416   -0.000795   -24.368            1 84069.305
 615      0.903038   -0.000378   -24.333            1 84150.483
 616      0.902540   -0.000498   -24.409            1 84231.964
 617      0.901935   -0.000606   -24.587            1 84312.758
 618      0.901448   -0.000487   -24.655            1 84391.952
 619      0.901187   -0.000261   -24.514            1 84470.513
 620      0.900782   -0.000406   -24.507            1 84550.314
 621      0.900201   -0.000581   -24.663            1 84630.161
 622      0.899536   -0.000665   -24.899            1 84708.571
 623      0.899430   -0.000106   -24.615            1 84784.805
 624      0.899016   -0.000414   -24.617            1 84863.582
 625      0.898648   -0.000368   -24.577            1 84942.308
 626      0.898421   -0.000226   -24.404            1 85021.372
 627      0.897440   -0.000982   -24.936            1 85102.003
 628      0.897248   -0.000192   -24.734            1 85177.682
 629      0.896782   -0.000465   -24.786            1 85255.184
 630      0.895892   -0.000890   -25.237            1 85332.155
 631      0.895633   -0.000259   -25.100            1 85404.872
 632      0.895436   -0.000197   -24.904            1 85478.801
 633      0.894983   -0.000454   -24.947            1 85554.509
 634      0.894547   -0.000436   -24.974            1 85629.749
 635      0.894376   -0.000171   -24.753            1 85704.668
 636      0.893876   -0.000500   -24.839            1 85781.629
 637      0.893543   -0.000333   -24.769            1 85857.711
 638      0.893080   -0.000463   -24.821            1 85934.402
 639      0.892870   -0.000211   -24.636            1 86010.531
 640      0.892546   -0.000324   -24.556            1 86088.386
 641      0.892046   -0.000500   -24.642            1 86166.958
 642      0.891516   -0.000530   -24.757            1 86244.636
 643      0.891393   -0.000123   -24.489            1 86321.124
 644      0.890771   -0.000622   -24.690            1 86400.177
 645      0.890496   -0.000275   -24.565            1 86477.190
 646      0.889834   -0.000662   -24.805            1 86555.372
 647      0.889348   -0.000486   -24.882            1 86631.097
 648      0.888942   -0.000405   -24.882            1 86705.982
 649      0.888795   -0.000148   -24.639            1 86780.780
 650      0.888050   -0.000745   -24.960            1 86857.932
 651      0.887831   -0.000219   -24.785            1 86931.777
 652      0.887224   -0.000607   -24.976            1 87007.296
 653      0.887003   -0.000221   -24.804            1 87080.782
 654      0.886652   -0.000350   -24.753            1 87155.926
 655      0.886212   -0.000440   -24.786            1 87231.501
 656      0.885694   -0.000518   -24.895            1 87306.640
 657      0.885200   -0.000494   -24.981            1 87380.564
 658      0.885098   -0.000103   -24.696            1 87453.493
 659      0.884421   -0.000677   -24.955            1 87529.268
 660      0.884325   -0.000096   -24.665            1 87602.245
 661      0.883761   -0.000563   -24.816            1 87678.154
 662      0.883122   -0.000640   -25.042            1 87752.368
 663      0.882882   -0.000239   -24.888            1 87824.092
 664      0.882579   -0.000303   -24.794            1 87897.317
 665      0.882370   -0.000209   -24.610            1 87971.420
 666      0.881879   -0.000491   -24.693            1 88047.382
 667      0.881159   -0.000720   -24.996            1 88122.337
 668      0.880939   -0.000220   -24.824            1 88193.922
 669      0.880665   -0.000274   -24.702            1 88267.229
 670      0.880281   -0.000385   -24.685            1 88341.733
 671      0.879957   -0.000324   -24.610            1 88416.297
 672      0.879469   -0.000488   -24.692            1 88491.556
 673      0.879286   -0.000182   -24.482            1 88565.794
 674      0.878662   -0.000624   -24.693            1 88642.223
 675      0.878370   -0.000292   -24.588            1 88716.184
 676      0.877779   -0.000591   -24.769            1 88791.179
 677      0.877471   -0.000308   -24.680            1 88864.024
 678      0.876623   -0.000849   -25.109            1 88937.721
 679      0.876546   -0.000077   -24.803            1 89006.456
 680      0.876399   -0.000146   -24.559            1 89078.479
 681      0.876012   -0.000388   -24.546            1 89153.108
 682      0.875390   -0.000621   -24.758            1 89227.743
 683      0.875317   -0.000073   -24.444            1 89299.815
 684      0.874308   -0.001009   -25.027            1 89375.329
 685      0.874025   -0.000283   -24.918            1 89443.978
 686      0.873616   -0.000409   -24.929            1 89513.708
 687      0.873300   -0.000317   -24.851            1 89583.135
 688      0.872488   -0.000812   -25.250            1 89653.283
 689      0.872291   -0.000197   -25.060            1 89718.603
 690      0.871834   -0.000456   -25.119            1 89785.936
 691      0.871720   -0.000114   -24.848            1 89852.383
 692      0.871235   -0.000485   -24.933            1 89921.821
 693      0.870775   -0.000460   -24.995            1 89990.064
 694      0.870518   -0.000257   -24.861            1 90057.374
 695      0.869843   -0.000676   -25.130            1 90126.078
 696      0.869566   -0.000277   -25.017            1 90191.349
 697      0.869318   -0.000248   -24.875            1 90257.762
 698      0.869221   -0.000097   -24.586            1 90325.674
 699      0.868590   -0.000631   -24.811            1 90396.898
 700      0.868472   -0.000119   -24.543            1 90465.169
 701      0.867607   -0.000864   -24.994            1 90536.526
 702      0.867186   -0.000422   -25.020            1 90602.121
 703      0.866688   -0.000498   -25.121            1 90667.154
 704      0.866414   -0.000274   -25.006            1 90730.699
 705      0.865999   -0.000414   -25.027            1 90795.427
 706      0.865895   -0.000104   -24.747            1 90859.659
 707      0.865367   -0.000527   -24.874            1 90927.161
 708      0.865144   -0.000223   -24.708            1 90992.813
 709      0.864507   -0.000638   -24.943            1 91060.324
 710      0.864435   -0.000072   -24.631            1 91124.607
 711      0.864164   -0.000270   -24.509            1 91192.618
 712      0.863789   -0.000375   -24.488            1 91261.960
 713      0.863363   -0.000426   -24.517            1 91331.336
 714      0.862542   -0.000821   -24.929            1 91400.106
 715      0.861973   -0.000569   -25.101            1 91463.260
 716      0.861638   -0.000336   -25.047            1 91523.910
 717      0.861216   -0.000421   -25.076            1 91584.970
 718      0.860720   -0.000496   -25.179            1 91645.352
 719      0.860692   -0.000028   -24.826            1 91704.088
 720      0.860499   -0.000194   -24.632            1 91767.181
 721      0.859818   -0.000680   -24.911            1 91832.570
 722      0.859705   -0.000113   -24.640            1 91893.953
 723      0.858987   -0.000718   -24.956            1 91958.675
 724      0.858460   -0.000527   -25.089            1 92018.843
 725      0.858068   -0.000392   -25.090            1 92076.907
 726      0.857821   -0.000247   -24.951            1 92134.618
 727      0.857735   -0.000086   -24.654            1 92193.892
 728      0.857203   -0.000533   -24.790            1 92256.915
 729      0.857076   -0.000127   -24.531            1 92317.749
 730      0.856525   -0.000551   -24.684            1 92381.844
 731      0.856381   -0.000145   -24.442            1 92443.497
 732      0.856013   -0.000368   -24.416            1 92508.209
 733      0.855624   -0.000388   -24.410            1 92572.973
 734      0.855246   -0.000379   -24.394            1 92637.505
 735      0.855015   -0.000231   -24.234            1 92701.936
 736      0.854305   -0.000710   -24.542            1 92768.333
 737      0.853905   -0.000400   -24.549            1 92830.006
 738      0.853606   -0.000299   -24.457            1 92891.232
 739      0.852961   -0.000645   -24.704            1 92953.429
 740      0.852753   -0.000207   -24.524            1 93011.706
 741      0.852526   -0.000227   -24.362            1 93072.225
 742      0.851580   -0.000946   -24.903            1 93134.746
 743      0.851264   -0.000316   -24.833            1 93188.989
 744      0.850849   -0.000415   -24.858            1 93243.867
 745      0.850752   -0.000097   -24.572            1 93297.966
 746      0.850310   -0.000441   -24.621            1 93355.894
 747      0.850069   -0.000241   -24.475            1 93412.695
 748      0.849940   -0.000129   -24.217            1 93471.292
 749      0.849334   -0.000606   -24.424            1 93533.383
 750      0.848794   -0.000540   -24.570            1 93591.945
 751      0.848452   -0.000343   -24.523            1 93647.898
 752      0.848126   -0.000326   -24.459            1 93704.149
 753      0.847588   -0.000537   -24.603            1 93760.954
 754      0.847510   -0.000078   -24.296            1 93815.131
 755      0.846916   -0.000594   -24.494            1 93873.609
 756      0.846578   -0.000338   -24.442            1 93928.584
 757      0.845937   -0.000641   -24.689            1 93983.926
 758      0.845608   -0.000329   -24.630            1 94034.973
 759      0.844927   -0.000682   -24.918            1 94086.472
 760      0.844631   -0.000296   -24.830            1 94132.970
 761      0.844224   -0.000407   -24.850            1 94180.363
 762      0.843613   -0.000610   -25.070            1 94226.939
 763      0.843289   -0.000324   -25.011            1 94269.509
 764      0.843151   -0.000138   -24.769            1 94312.491
 765      0.842579   -0.000572   -24.951            1 94358.831
 766      0.842140   -0.000439   -25.004            1 94401.713
 767      0.841357   -0.000783   -25.398            1 94443.198
 768      0.840906   -0.000451   -25.467            1 94477.778
 769      0.840805   -0.000102   -25.193            1 94510.644
 770      0.840548   -0.000257   -25.069            1 94547.368
 771      0.840052   -0.000496   -25.180            1 94585.537
 772      0.839859   -0.000193   -24.994            1 94621.290
 773      0.839522   -0.000336   -24.947            1 94659.522
 774      0.839100   -0.000422   -24.985            1 94697.941
 775      0.838932   -0.000168   -24.772            1 94735.135
 776      0.838472   -0.000460   -24.846            1 94775.294
 777      0.837828   -0.000644   -25.102            1 94813.616
 778      0.837595   -0.000233   -24.954            1 94847.006
 779      0.837171   -0.000424   -24.995            1 94882.262
 780      0.836894   -0.000277   -24.890            1 94916.199
 781      0.836696   -0.000198   -24.706            1 94951.293
 782      0.836526   -0.000170   -24.493            1 94988.906
 783      0.836146   -0.000380   -24.486            1 95029.586
 784      0.835210   -0.000936   -25.027            1 95069.781
 785      0.834703   -0.000507   -25.151            1 95099.866
 786      0.834508   -0.000195   -24.967            1 95127.107
 787      0.834287   -0.000222   -24.808            1 95156.873
 788      0.834065   -0.000222   -24.648            1 95188.755
 789      0.833761   -0.000304   -24.567            1 95222.804
 790      0.833293   -0.000469   -24.649            1 95257.613
 791      0.832908   -0.000384   -24.648            1 95290.263
 792      0.832483   -0.000426   -24.688            1 95322.233
 793      0.832096   -0.000386   -24.690            1 95352.760
 794      0.831960   -0.000136   -24.444            1 95382.538
 795      0.831325   -0.000636   -24.690            1 95416.087
 796      0.830920   -0.000405   -24.710            1 95444.390
 797      0.830554   -0.000366   -24.693            1 95471.573
 798      0.829873   -0.000681   -24.987            1 95498.317
 799      0.829549   -0.000323   -24.930            1 95518.837
 800      0.829225   -0.000324   -24.873            1 95539.620
 801      0.828600   -0.000625   -25.114            1 95560.658
 802      0.828221   -0.000379   -25.113            1 95576.367
 803      0.827845   -0.000376   -25.110            1 95591.254
 804      0.827635   -0.000210   -24.942            1 95605.345
 805      0.827194   -0.000441   -25.002            1 95621.762
 806      0.826835   -0.000359   -24.981            1 95636.183
 807      0.826537   -0.000298   -24.899            1 95650.141
 808      0.825867   -0.000670   -25.185            1 95664.789
 809      0.825551   -0.000316   -25.123            1 95673.035
 810      0.825393   -0.000158   -24.905            1 95681.559
 811      0.825329   -0.000064   -24.592            1 95693.431
 812      0.824942   -0.000387   -24.595            1 95710.556
 813      0.824445   -0.000496   -24.706            1 95726.722
 814      0.823833   -0.000612   -24.933            1 95739.773
 815      0.823527   -0.000306   -24.860            1 95747.376
 816      0.823262   -0.000265   -24.745            1 95755.486
 817      0.823171   -0.000091   -24.457            1 95764.948
 818      0.822741   -0.000430   -24.502            1 95779.275
 819      0.822576   -0.000164   -24.285            1 95791.748
 820      0.822204   -0.000372   -24.270            1 95807.728
 821      0.821651   -0.000554   -24.435            1 95823.056
 822      0.820794   -0.000856   -24.901            1 95834.008
 823      0.820561   -0.000234   -24.756            1 95834.325
 824      0.820285   -0.000276   -24.652            1 95836.598
 825      0.819907   -0.000378   -24.647            1 95840.008
 826      0.819736   -0.000171   -24.439            1 95842.475
 827      0.819201   -0.000535   -24.587            1 95848.294
 828      0.818842   -0.000359   -24.564            1 95849.905
 829      0.818691   -0.000151   -24.335            1 95850.951
 830      0.818138   -0.000553   -24.500            1 95855.825
 831      0.817886   -0.000252   -24.370            1 95856.074
 832      0.817565   -0.000321   -24.307            1 95858.030
 833      0.817441   -0.000124   -24.049            1 95860.251
 834      0.816695   -0.000746   -24.402            1 95867.029
 835      0.816448   -0.000247   -24.266            1 95864.936
 836      0.815601   -0.000846   -24.720            1 95864.700
 837      0.815469   -0.000133   -24.476            1 95853.270
 838      0.814942   -0.000527   -24.617            1 95846.070
 839      0.814398   -0.000544   -24.776            1 95834.524
 840      0.813878   -0.000521   -24.914            1 95818.200
 841      0.813757   -0.000121   -24.660            1 95797.529
 842      0.813342   -0.000415   -24.693            1 95781.303
 843      0.812702   -0.000640   -24.948            1 95763.064
 844      0.812351   -0.000351   -24.921            1 95737.765
 845      0.812136   -0.000216   -24.761            1 95711.755
 846      0.811975   -0.000161   -24.545            1 95688.079
 847      0.811389   -0.000586   -24.745            1 95668.044
 848      0.811155   -0.000234   -24.601            1 95642.052
 849      0.810834   -0.000321   -24.541            1 95618.045
 850      0.809982   -0.000852   -25.002            1 95594.077
 851      0.809614   -0.000369   -24.993            1 95557.934
 852      0.809061   -0.000552   -25.165            1 95520.563
 853      0.808660   -0.000401   -25.189            1 95477.709
 854      0.808409   -0.000252   -25.068            1 95432.801
 855      0.808101   -0.000308   -25.001            1 95389.275
 856      0.807591   -0.000509   -25.130            1 95345.851
 857      0.807386   -0.000206   -24.963            1 95297.827
 858      0.807107   -0.000278   -24.865            1 95252.281
 859      0.806852   -0.000255   -24.745            1 95207.554
 860      0.806541   -0.000311   -24.677            1 95164.228
 861      0.805887   -0.000654   -24.944            1 95121.004
 862      0.805549   -0.000337   -24.904            1 95069.668
 863      0.805203   -0.000347   -24.873            1 95017.710
 864      0.804670   -0.000533   -25.023            1 94964.908
 865      0.804419   -0.000251   -24.899            1 94906.740
 866      0.804176   -0.000244   -24.768            1 94849.994
 867      0.803921   -0.000255   -24.645            1 94794.885
 868      0.803011   -0.000910   -25.160            1 94741.199
 869      0.802644   -0.000367   -25.151            1 94672.806
 870      0.802238   -0.000406   -25.180            1 94602.886
 871      0.802123   -0.000115   -24.927            1 94530.460
 872      0.801875   -0.000248   -24.800            1 94462.724
 873      0.801596   -0.000279   -24.702            1 94396.480
 874      0.801383   -0.000213   -24.539            1 94330.990
 875      0.801202   -0.000182   -24.343            1 94267.980
 876      0.800307   -0.000895   -24.837            1 94208.320
 877      0.799829   -0.000478   -24.932            1 94133.837
 878      0.799633   -0.000196   -24.756            1 94054.981
 879      0.799303   -0.000329   -24.706            1 93978.907
 880      0.798562   -0.000741   -25.053            1 93902.269
 881      0.798520   -0.000043   -24.730            1 93814.440
 882      0.798086   -0.000434   -24.780            1 93733.315
 883      0.797611   -0.000475   -24.872            1 93648.864
 884      0.797533   -0.000078   -24.581            1 93559.959
 885      0.796783   -0.000749   -24.933            1 93476.970
 886      0.796210   -0.000573   -25.120            1 93382.332
 887      0.795894   -0.000317   -25.062            1 93280.543
 888      0.795605   -0.000289   -24.976            1 93178.248
 889      0.795017   -0.000587   -25.176            1 93076.194
 890      0.794838   -0.000179   -24.987            1 92966.488
 891      0.794115   -0.000724   -25.317            1 92859.872
 892      0.793925   -0.000189   -25.139            1 92741.902
 893      0.793379   -0.000546   -25.300            1 92626.677
 894      0.793163   -0.000217   -25.148            1 92504.710
 895      0.792827   -0.000335   -25.108            1 92384.752
 896      0.792658   -0.000169   -24.909            1 92263.664
 897      0.792401   -0.000258   -24.792            1 92145.962
 898      0.791704   -0.000696   -25.090            1 92029.327
 899      0.791267   -0.000438   -25.146            1 91901.785
 900      0.791026   -0.000241   -25.016            1 91770.274
 901      0.790600   -0.000426   -25.060            1 91640.154
 902      0.790097   -0.000503   -25.177            1 91506.353
 903      0.789970   -0.000127   -24.939            1 91366.725
 904      0.789321   -0.000650   -25.193            1 91231.614
 905      0.789144   -0.000177   -25.002            1 91086.571
 906      0.788778   -0.000366   -24.988            1 90944.641
 907      0.788348   -0.000430   -25.034            1 90800.609
 908      0.788242   -0.000106   -24.776            1 90652.674
 909      0.787871   -0.000371   -24.764            1 90509.915
 910      0.787604   -0.000267   -24.654            1 90364.959
 911      0.786924   -0.000680   -24.930            1 90220.741
 912      0.786504   -0.000420   -24.965            1 90065.519
 913      0.786160   -0.000344   -24.930            1 89906.556
 914      0.785419   -0.000741   -25.264            1 89746.004
 915      0.785338   -0.000081   -24.986            1 89572.498
 916      0.784845   -0.000493   -25.089            1 89404.782
 917      0.784255   -0.000590   -25.283            1 89231.123
 918      0.784216   -0.000039   -24.966            1 89048.671
 919      0.783711   -0.000505   -25.079            1 88873.212
 920      0.783464   -0.000247   -24.954            1 88691.399
 921      0.783158   -0.000306   -24.881            1 88510.643
 922      0.782486   -0.000672   -25.146            1 88329.280
 923      0.782150   -0.000337   -25.104            1 88136.624
 924      0.781439   -0.000710   -25.406            1 87942.334
 925      0.781120   -0.000319   -25.350            1 87735.512
 926      0.780845   -0.000275   -25.254            1 87527.419
 927      0.780421   -0.000423   -25.292            1 87319.349
 928      0.780315   -0.000106   -25.040            1 87106.992
 929      0.779600   -0.000716   -25.342            1 86899.670
 930      0.779337   -0.000263   -25.233            1 86679.483
 931      0.779143   -0.000194   -25.061            1 86459.641
 932      0.778876   -0.000267   -24.953            1 86242.228
 933      0.778074   -0.000802   -25.330            1 86025.168
 934      0.777978   -0.000096   -25.070            1 85792.542
 935      0.777473   -0.000505   -25.177            1 85565.198
 936      0.776752   -0.000721   -25.479            1 85331.036
 937      0.776471   -0.000281   -25.388            1 85083.589
 938      0.776316   -0.000155   -25.183            1 84835.803
 939      0.775887   -0.000430   -25.221            1 84591.477
 940      0.775554   -0.000332   -25.173            1 84342.468
 941      0.774930   -0.000625   -25.385            1 84091.666
 942      0.774732   -0.000198   -25.218            1 83830.300
 943      0.774425   -0.000307   -25.146            1 83571.081
 944      0.773662   -0.000763   -25.478            1 83310.792
 945      0.773328   -0.000335   -25.434            1 83035.727
 946      0.772715   -0.000613   -25.635            1 82758.616
 947      0.772456   -0.000259   -25.525            1 82471.123
 948      0.772065   -0.000390   -25.529            1 82183.755
 949      0.771649   -0.000416   -25.555            1 81892.619
 950      0.771607   -0.000042   -25.253            1 81596.929
 951      0.771412   -0.000195   -25.083            1 81307.912
 952      0.770366   -0.001046   -25.652            1 81021.112
 953      0.770112   -0.000254   -25.537            1 80710.866
 954      0.769996   -0.000116   -25.301            1 80400.819
 955      0.769444   -0.000552   -25.439            1 80095.193
 956      0.768984   -0.000460   -25.499            1 79780.922
 957      0.768601   -0.000383   -25.493            1 79460.726
 958      0.768324   -0.000277   -25.395            1 79136.887
 959      0.767981   -0.000343   -25.352            1 78812.603
 960      0.767764   -0.000217   -25.201            1 78485.908
 961      0.767166   -0.000598   -25.373            1 78160.628
 962      0.766909   -0.000257   -25.256            1 77825.279
 963      0.766332   -0.000577   -25.408            1 77490.098
 964      0.765950   -0.000383   -25.397            1 77145.470
 965      0.765225   -0.000724   -25.674            1 76797.202
 966      0.764621   -0.000604   -25.850            1 76435.058
 967      0.764397   -0.000225   -25.710            1 76062.617
 968      0.764041   -0.000356   -25.678            1 75691.059
 969      0.763729   -0.000312   -25.609            1 75316.549
 970      0.763054   -0.000674   -25.839            1 74940.398
 971      0.762797   -0.000257   -25.725            1 74551.921
 972      0.762240   -0.000557   -25.857            1 74163.354
 973      0.761951   -0.000289   -25.770            1 73765.927
 974      0.761611   -0.000340   -25.722            1 73367.459
 975      0.761058   -0.000552   -25.847            1 72966.500
 976      0.760763   -0.000295   -25.762            1 72556.871
 977      0.760293   -0.000470   -25.819            1 72146.054
 978      0.759745   -0.000548   -25.937            1 71728.987
 979      0.759652   -0.000094   -25.691            1 71303.438
 980      0.759236   -0.000416   -25.700            1 70882.499
 981      0.759116   -0.000120   -25.472            1 70456.945
 982      0.758858   -0.000258   -25.352            1 70035.334
 983      0.757981   -0.000877   -25.721            1 69613.770
 984      0.757680   -0.000301   -25.637            1 69174.428
 985      0.757204   -0.000476   -25.689            1 68733.817
 986      0.757098   -0.000105   -25.450            1 68286.967
 987      0.756808   -0.000291   -25.354            1 67844.448
 988      0.756598   -0.000209   -25.193            1 67401.059
 989      0.755510   -0.001088   -25.709            1 66959.172
 990      0.755103   -0.000407   -25.704            1 66493.941
 991      0.754698   -0.000405   -25.696            1 66024.547
 992      0.754566   -0.000132   -25.479            1 65551.089
 993      0.754377   -0.000189   -25.302            1 65081.180
 994      0.753767   -0.000609   -25.442            1 64613.304
 995      0.753752   -0.000015   -25.134            1 64135.862
 996      0.753111   -0.000641   -25.293            1 63665.312
 997      0.752531   -0.000580   -25.406            1 63184.421
 998      0.752123   -0.000408   -25.391            1 62694.932
 999      0.751716   -0.000407   -25.373            1 62201.573
1000      0.751589   -0.000127   -25.149            1 61704.433
1001      0.750853   -0.000736   -25.369            1 61211.089
1002      0.750527   -0.000326   -25.290            1 60705.249
1003      0.749960   -0.000566   -25.383            1 60197.904
1004      0.749714   -0.000247   -25.245            1 59682.763
1005      0.749048   -0.000665   -25.406            1 59168.268
1006      0.749008   -0.000040   -25.120            1 58643.566
1007      0.748754   -0.000255   -24.984            1 58124.933
1008      0.748092   -0.000661   -25.133            1 57606.881
1009      0.747471   -0.000621   -25.253            1 57078.967
1010      0.746682   -0.000790   -25.489            1 56542.372
1011      0.746383   -0.000299   -25.385            1 55993.038
1012      0.745999   -0.000384   -25.339            1 55443.258
1013      0.745934   -0.000065   -25.071            1 54891.003
1014      0.745816   -0.000118   -24.838            1 54344.166
1015      0.745336   -0.000480   -24.847            1 53801.541
1016      0.744587   -0.000749   -25.036            1 53254.289
1017      0.744477   -0.000110   -24.797            1 52696.025
1018      0.744129   -0.000348   -24.714            1 52142.199
1019      0.743540   -0.000589   -24.788            1 51587.172
1020      0.742687   -0.000853   -25.033            1 51025.329
1021      0.742482   -0.000205   -24.856            1 50450.706
1022      0.741876   -0.000606   -24.935            1 49878.406
1023      0.741654   -0.000222   -24.767            1 49299.358
1024      0.741327   -0.000327   -24.663            1 48722.352
1025      0.740933   -0.000395   -24.601            1 48145.102
1026      0.740361   -0.000572   -24.647            1 47566.171
1027      0.740045   -0.000317   -24.533            1 46981.776
1028      0.738982   -0.001063   -24.878            1 46397.600
1029      0.738828   -0.000154   -24.664            1 45797.855
1030      0.738686   -0.000142   -24.441            1 45201.926
1031      0.737992   -0.000693   -24.548            1 44610.130
1032      0.737886   -0.000106   -24.301            1 44011.134
1033      0.737008   -0.000878   -24.511            1 43417.109
1034      0.736688   -0.000320   -24.389            1 42812.551
1035      0.736564   -0.000124   -24.152            1 42208.813
1036      0.735653   -0.000911   -24.367            1 41609.820
1037      0.735483   -0.000169   -24.155            1 41000.397
1038      0.734837   -0.000647   -24.211            1 40394.958
1039      0.734403   -0.000434   -24.145            1 39784.617
1040      0.733842   -0.000560   -24.147            1 39173.530
1041      0.733635   -0.000208   -23.952            1 38559.558
1042      0.733009   -0.000626   -23.983            1 37949.169
1043      0.732657   -0.000352   -23.863            1 37335.080
1044      0.732332   -0.000325   -23.726            1 36722.244
1045      0.731757   -0.000576   -23.719            1 36111.242
1046      0.731501   -0.000256   -23.541            1 35497.971
1047      0.730988   -0.000512   -23.495            1 34887.911
1048      0.730526   -0.000463   -23.420            1 34276.968
1049      0.729853   -0.000672   -23.448            1 33666.126
1050      0.729628   -0.000225   -23.248            1 33052.296
1051      0.728954   -0.000674   -23.269            1 32442.606
1052      0.728678   -0.000276   -23.091            1 31830.354
1053      0.728285   -0.000393   -22.966            1 31221.696
1054      0.727790   -0.000495   -22.888            1 30615.016
1055      0.727490   -0.000300   -22.714            1 30008.998
1056      0.726911   -0.000579   -22.668            1 29406.559
1057      0.726762   -0.000149   -22.418            1 28803.962
1058      0.725882   -0.000880   -22.502            1 28207.257
1059      0.725613   -0.000269   -22.304            1 27606.786
1060      0.724247   -0.001366   -22.594            1 27010.845
1061      0.723916   -0.000331   -22.420            1 26405.891
1062      0.723360   -0.000556   -22.342            1 25805.116
1063      0.723008   -0.000352   -22.171            1 25206.031
1064      0.722740   -0.000268   -21.962            1 24611.179
1065      0.722259   -0.000481   -21.839            1 24021.623
1066      0.721657   -0.000602   -21.761            1 23435.130
1067      0.721263   -0.000395   -21.595            1 22850.608
1068      0.720890   -0.000373   -21.416            1 22270.462
1069      0.720172   -0.000718   -21.370            1 21695.062
1070      0.719826   -0.000345   -21.174            1 21121.152
1071      0.719534   -0.000292   -20.954            1 20552.611
1072      0.719022   -0.000512   -20.813            1 19990.056
1073      0.718517   -0.000505   -20.665            1 19431.581
1074      0.718118   -0.000399   -20.474            1 18877.457
1075      0.717604   -0.000514   -20.319            1 18328.790
1076      0.717478   -0.000126   -20.025            1 17784.773
1077      0.717040   -0.000438   -19.834            1 17248.766
1078      0.716155   -0.000885   -19.789            1 16718.302
1079      0.715906   -0.000249   -19.528            1 16190.100
1080      0.714963   -0.000943   -19.487            1 15669.281
1081      0.714386   -0.000577   -19.324            1 15150.944
1082      0.714265   -0.000122   -19.013            1 14638.045
1083      0.713725   -0.000540   -18.826            1 14133.826
1084      0.712959   -0.000766   -18.701            1 13635.596
1085      0.712193   -0.000766   -18.569            1 13142.154
1086      0.711974   -0.000220   -18.275            1 12653.840
1087      0.711103   -0.000870   -18.158            1 12174.064
1088      0.710456   -0.000647   -17.973            1 11699.309
1089      0.709932   -0.000524   -17.748            1 11231.106
1090      0.709015   -0.000918   -17.619            1 10770.312
1091      0.708935   -0.000080   -17.271            1 10315.249
1092      0.708072   -0.000862   -17.111            1  9870.060
1093      0.707642   -0.000430   -16.839            1  9431.324
1094      0.706845   -0.000797   -16.647            1  9001.153
1095      0.706526   -0.000319   -16.339            1  8578.229
1096      0.705688   -0.000838   -16.139            1  8164.624
1097      0.705050   -0.000638   -15.888            1  7758.557
1098      0.704588   -0.000463   -15.593            1  7360.994
1099      0.704325   -0.000262   -15.250            1  6972.693
1100      0.703770   -0.000556   -14.959            1  6594.400
1101      0.702573   -0.001197   -14.781            1  6225.305
1102      0.702371   -0.000202   -14.411            1  5863.789
1103      0.701191   -0.001179   -14.205            1  5512.818
1104      0.700889   -0.000302   -13.840            1  5170.027
1105      0.700482   -0.000407   -13.485            1  4837.777
1106      0.699808   -0.000674   -13.164            1  4515.903
1107      0.698398   -0.001411   -12.942            1  4203.941
1108      0.697916   -0.000481   -12.574            1  3900.660
1109      0.697410   -0.000506   -12.200            1  3608.078
1110      0.697133   -0.000277   -11.787            1  3326.255
1111      0.696653   -0.000480   -11.390            1  3055.654
1112      0.695830   -0.000823   -11.022            1  2796.024
1113      0.694741   -0.001089   -10.671            1  2546.979
1114      0.693939   -0.000802   -10.276            1  2308.351
1115      0.693781   -0.000158    -9.804            1  2080.703
1116      0.692460   -0.001321    -9.427            1  1864.896
1117      0.692178   -0.000282    -8.943            1  1659.757
1118      0.691006   -0.001172    -8.516            1  1466.508
1119      0.690451   -0.000555    -8.025            1  1284.415
1120      0.689769   -0.000682    -7.525            1  1114.175
1121      0.688996   -0.000773    -7.010            1   955.782
1122      0.687626   -0.001371    -6.506            1   809.289
1123      0.685539   -0.002087        NA           NA        NA
1124      0.684415   -0.001124        NA           NA        NA
1125      0.683746   -0.000669        NA           NA        NA
1126      0.681788   -0.001958        NA           NA        NA
1127      0.680910   -0.000878        NA           NA        NA
1128      0.678947   -0.001963        NA           NA        NA
1129      0.669407   -0.009540        NA           NA        NA
1130      0.655483   -0.013924        NA           NA        NA
1131      0.415600   -0.239883        NA           NA        NA
    kurtosis           snps    indivs
 eigenvector    1     3.085     2.253
 eigenvector    2     3.006     2.598
 eigenvector    3     3.264     5.872
 eigenvector    4    12.688    87.889
lsqproj called!
doshrink called
trace:      1.000
writing eigenvecotrs for  2131 samples
doshrink exited :: cpu time : 12101.460
population:   0  construct_WE_NA_PCA 1132
number of blocks for block jackknife: 710
## end of Fst statistics between populations

fst *1000:
          c 
   c      0

std. err.  * 1000000:
          c 
   c      0

eigenvector 1:means
 construct_WE_NA_PCA      0.000
eigenvector 2:means
 construct_WE_NA_PCA      0.000
eigenvector 3:means
 construct_WE_NA_PCA     -0.000
eigenvector 4:means
 construct_WE_NA_PCA     -0.000

## Statistical significance of differences beween populations:
                                pop1                  pop2      chisq          p-value   |pop1|   |pop2|

eigbestsnp    1            rs6714750  2    136783169     4.971
eigbestsnp    1             rs687039  6    100114091     4.744
eigbestsnp    1             rs498743  6    100087866     4.673
eigbestsnp    1            rs4839752  6    100160377     4.639
eigbestsnp    1           rs11758549  6    100184485     4.621
eigbestsnp    1             rs532213  6    100095294     4.608
eigbestsnp    1           rs41521049  2    135693069     4.578
eigbestsnp    1           rs11753726  6    100184404     4.547
eigbestsnp    1            rs9403088  6    100227425     4.487
eigbestsnp    1             rs603424 10    102075479     4.462
eigbestsnp    2           rs77225203  5    104872508     4.648
eigbestsnp    2           rs17073870 13     81787248     4.631
eigbestsnp    2            rs7711485  5     96929292     4.572
eigbestsnp    2           rs17027825  2    103342438     4.564
eigbestsnp    2          rs117405416  4     24223903     4.551
eigbestsnp    2           rs10199500  2    172008533     4.495
eigbestsnp    2            rs4290266 11    118285995     4.483
eigbestsnp    2     snp_11_114134195 11    114134195     4.481
eigbestsnp    2            rs1344237  2    171984435     4.479
eigbestsnp    2           rs10177560  2    172013729     4.412
eigbestsnp    3            rs7525031  1    239180189     5.354
eigbestsnp    3            rs1915246  1    239176050     5.346
eigbestsnp    3            rs6429115  1    239191598     5.319
eigbestsnp    3             rs976198  1    230005249     5.095
eigbestsnp    3            rs4953454  2     47290028     5.090
eigbestsnp    3            rs6587359  1    229986881     5.015
eigbestsnp    3          rs117505341 12     88733282     5.014
eigbestsnp    3            rs1958133 14     88061751     5.011
eigbestsnp    3           rs12581401 12     61662800     4.968
eigbestsnp    3           rs11168288 12     48287786     4.940
eigbestsnp    4            rs1991580  2     38125725    11.497
eigbestsnp    4             rs501936 20      4404316    11.497
eigbestsnp    4           rs12073879  1     57974012    11.497
eigbestsnp    4           rs17092782  1     72941959    11.497
eigbestsnp    4          rs113567192  1    153695335    11.497
eigbestsnp    4           rs74150916  1    243053128    11.497
eigbestsnp    4           rs13385666  2     16661388    11.497
eigbestsnp    4          rs111791827  2     16706686    11.497
eigbestsnp    4          rs115399774  2     29454633    11.497
eigbestsnp    4           rs13392176  2    144518728    11.497
##end of primary run 
##end of smartpca:    14318.040 seconds cpu      336.720 Mbytes in use
