compute-f-17-16.o2.rc.hms.harvard.edu
HSM Computational partition detected.
/n/groups/reich/hringbauer/git/punic_aDNA
CPU Count: 20
3.7.4 (default, Sep 11 2019, 11:24:51) 
[GCC 6.2.0]
Loaded 127 IIDs to analyze with qpAdm.
Running Individual I22000 with sources ['Italy_Sicily_IA_Polizzello']...
Runtime: 54.598061
Running Individual I22000 with sources ['Tunisia_N']...
Runtime: 54.353967
Running Individual I22000 with sources ['Greece_BA_Mycenaean']...
Runtime: 53.654243
Running Individual I22000 with sources ['Israel_Phoenician']...
Runtime: 54.248671
Running Individual I22000 with sources ['Italy_Sardinia_BA_Nuragic']...
Runtime: 57.098232
Running Individual I22000 with sources ['Italy_Sicily_IA_Polizzello', 'Tunisia_N']...
Runtime: 56.802545
Running Individual I22000 with sources ['Italy_Sicily_IA_Polizzello', 'Greece_BA_Mycenaean']...
Runtime: 54.821585
Running Individual I22000 with sources ['Italy_Sicily_IA_Polizzello', 'Israel_Phoenician']...
Runtime: 54.537040
Running Individual I22000 with sources ['Italy_Sicily_IA_Polizzello', 'Italy_Sardinia_BA_Nuragic']...
Runtime: 54.464020
Running Individual I22000 with sources ['Tunisia_N', 'Greece_BA_Mycenaean']...
Runtime: 54.330621
Running Individual I22000 with sources ['Tunisia_N', 'Israel_Phoenician']...
Runtime: 56.732690
Running Individual I22000 with sources ['Tunisia_N', 'Italy_Sardinia_BA_Nuragic']...
Runtime: 56.549568
Running Individual I22000 with sources ['Greece_BA_Mycenaean', 'Israel_Phoenician']...
Runtime: 53.978658
Running Individual I22000 with sources ['Greece_BA_Mycenaean', 'Italy_Sardinia_BA_Nuragic']...
Runtime: 0.018400
Running Individual I22000 with sources ['Israel_Phoenician', 'Italy_Sardinia_BA_Nuragic']...
Runtime: 59.748885
Running Individual I22000 with sources ['Italy_Sicily_IA_Polizzello', 'Tunisia_N', 'Greece_BA_Mycenaean']...
Runtime: 54.191597
Running Individual I22000 with sources ['Italy_Sicily_IA_Polizzello', 'Tunisia_N', 'Israel_Phoenician']...
Runtime: 56.751379
Running Individual I22000 with sources ['Italy_Sicily_IA_Polizzello', 'Tunisia_N', 'Italy_Sardinia_BA_Nuragic']...
Runtime: 56.462578
Running Individual I22000 with sources ['Italy_Sicily_IA_Polizzello', 'Greece_BA_Mycenaean', 'Israel_Phoenician']...
Runtime: 59.149143
Running Individual I22000 with sources ['Italy_Sicily_IA_Polizzello', 'Greece_BA_Mycenaean', 'Italy_Sardinia_BA_Nuragic']...
Runtime: 59.410770
Running Individual I22000 with sources ['Italy_Sicily_IA_Polizzello', 'Israel_Phoenician', 'Italy_Sardinia_BA_Nuragic']...
Runtime: 55.998348
Running Individual I22000 with sources ['Tunisia_N', 'Greece_BA_Mycenaean', 'Israel_Phoenician']...
Runtime: 56.001687
Running Individual I22000 with sources ['Tunisia_N', 'Greece_BA_Mycenaean', 'Italy_Sardinia_BA_Nuragic']...
Runtime: 56.071760
Running Individual I22000 with sources ['Tunisia_N', 'Israel_Phoenician', 'Italy_Sardinia_BA_Nuragic']...
Runtime: 64.988512
Running Individual I22000 with sources ['Greece_BA_Mycenaean', 'Israel_Phoenician', 'Italy_Sardinia_BA_Nuragic']...
Runtime: 58.875215
Running Individual I22000 with sources ['Italy_Sicily_IA_Polizzello', 'Tunisia_N', 'Greece_BA_Mycenaean', 'Israel_Phoenician']...
Runtime: 58.904735
Running Individual I22000 with sources ['Italy_Sicily_IA_Polizzello', 'Tunisia_N', 'Greece_BA_Mycenaean', 'Italy_Sardinia_BA_Nuragic']...
Runtime: 58.571362
Running Individual I22000 with sources ['Italy_Sicily_IA_Polizzello', 'Tunisia_N', 'Israel_Phoenician', 'Italy_Sardinia_BA_Nuragic']...
Runtime: 64.408594
Running Individual I22000 with sources ['Italy_Sicily_IA_Polizzello', 'Greece_BA_Mycenaean', 'Israel_Phoenician', 'Italy_Sardinia_BA_Nuragic']...
Runtime: 58.615259
Running Individual I22000 with sources ['Tunisia_N', 'Greece_BA_Mycenaean', 'Israel_Phoenician', 'Italy_Sardinia_BA_Nuragic']...
Runtime: 64.490305
Running Individual I22000 with sources ['Italy_Sicily_IA_Polizzello', 'Tunisia_N', 'Greece_BA_Mycenaean', 'Israel_Phoenician', 'Italy_Sardinia_BA_Nuragic']...
Runtime: 63.875783
