compute-e-16-191.o2.rc.hms.harvard.edu
HSM Computational partition detected.
/n/groups/reich/hringbauer/git/punic_aDNA
CPU Count: 28
3.7.4 (default, Sep 11 2019, 11:24:51) 
[GCC 6.2.0]
Loaded 127 IIDs to analyze with qpAdm.
Running Individual I22117 with sources ['Italy_Sicily_IA_Polizzello']...
Runtime: 50.216256
Running Individual I22117 with sources ['Tunisia_N']...
Runtime: 51.981829
Running Individual I22117 with sources ['Greece_BA_Mycenaean']...
Runtime: 49.751929
Running Individual I22117 with sources ['Israel_Phoenician']...
Runtime: 49.993946
Running Individual I22117 with sources ['Italy_Sardinia_BA_Nuragic']...
Runtime: 49.715789
Running Individual I22117 with sources ['Italy_Sicily_IA_Polizzello', 'Tunisia_N']...
Runtime: 49.672326
Running Individual I22117 with sources ['Italy_Sicily_IA_Polizzello', 'Greece_BA_Mycenaean']...
Runtime: 53.779293
Running Individual I22117 with sources ['Italy_Sicily_IA_Polizzello', 'Israel_Phoenician']...
Runtime: 50.164374
Running Individual I22117 with sources ['Italy_Sicily_IA_Polizzello', 'Italy_Sardinia_BA_Nuragic']...
Runtime: 49.819450
Running Individual I22117 with sources ['Tunisia_N', 'Greece_BA_Mycenaean']...
Runtime: 49.938444
Running Individual I22117 with sources ['Tunisia_N', 'Israel_Phoenician']...
Runtime: 51.550099
Running Individual I22117 with sources ['Tunisia_N', 'Italy_Sardinia_BA_Nuragic']...
Runtime: 51.838443
Running Individual I22117 with sources ['Greece_BA_Mycenaean', 'Israel_Phoenician']...
Runtime: 52.012881
Running Individual I22117 with sources ['Greece_BA_Mycenaean', 'Italy_Sardinia_BA_Nuragic']...
Runtime: 52.263705
Running Individual I22117 with sources ['Israel_Phoenician', 'Italy_Sardinia_BA_Nuragic']...
Runtime: 52.103170
Running Individual I22117 with sources ['Italy_Sicily_IA_Polizzello', 'Tunisia_N', 'Greece_BA_Mycenaean']...
Runtime: 51.740675
Running Individual I22117 with sources ['Italy_Sicily_IA_Polizzello', 'Tunisia_N', 'Israel_Phoenician']...
Runtime: 52.391794
Running Individual I22117 with sources ['Italy_Sicily_IA_Polizzello', 'Tunisia_N', 'Italy_Sardinia_BA_Nuragic']...
Runtime: 51.940919
Running Individual I22117 with sources ['Italy_Sicily_IA_Polizzello', 'Greece_BA_Mycenaean', 'Israel_Phoenician']...
Runtime: 52.322109
Running Individual I22117 with sources ['Italy_Sicily_IA_Polizzello', 'Greece_BA_Mycenaean', 'Italy_Sardinia_BA_Nuragic']...
Runtime: 55.174908
Running Individual I22117 with sources ['Italy_Sicily_IA_Polizzello', 'Israel_Phoenician', 'Italy_Sardinia_BA_Nuragic']...
Runtime: 55.133037
Running Individual I22117 with sources ['Tunisia_N', 'Greece_BA_Mycenaean', 'Israel_Phoenician']...
Runtime: 55.513624
Running Individual I22117 with sources ['Tunisia_N', 'Greece_BA_Mycenaean', 'Italy_Sardinia_BA_Nuragic']...
Runtime: 51.883931
Running Individual I22117 with sources ['Tunisia_N', 'Israel_Phoenician', 'Italy_Sardinia_BA_Nuragic']...
Runtime: 53.975589
Running Individual I22117 with sources ['Greece_BA_Mycenaean', 'Israel_Phoenician', 'Italy_Sardinia_BA_Nuragic']...
Runtime: 51.660611
Running Individual I22117 with sources ['Italy_Sicily_IA_Polizzello', 'Tunisia_N', 'Greece_BA_Mycenaean', 'Israel_Phoenician']...
Runtime: 60.635126
Running Individual I22117 with sources ['Italy_Sicily_IA_Polizzello', 'Tunisia_N', 'Greece_BA_Mycenaean', 'Italy_Sardinia_BA_Nuragic']...
Runtime: 54.730251
Running Individual I22117 with sources ['Italy_Sicily_IA_Polizzello', 'Tunisia_N', 'Israel_Phoenician', 'Italy_Sardinia_BA_Nuragic']...
Runtime: 54.898135
Running Individual I22117 with sources ['Italy_Sicily_IA_Polizzello', 'Greece_BA_Mycenaean', 'Israel_Phoenician', 'Italy_Sardinia_BA_Nuragic']...
Runtime: 30.584772
Running Individual I22117 with sources ['Tunisia_N', 'Greece_BA_Mycenaean', 'Israel_Phoenician', 'Italy_Sardinia_BA_Nuragic']...
Runtime: 55.467563
Running Individual I22117 with sources ['Italy_Sicily_IA_Polizzello', 'Tunisia_N', 'Greece_BA_Mycenaean', 'Israel_Phoenician', 'Italy_Sardinia_BA_Nuragic']...
Runtime: 60.384944
