compute-e-16-189.o2.rc.hms.harvard.edu
HSM Computational partition detected.
/n/groups/reich/hringbauer/git/punic_aDNA
CPU Count: 28
3.7.4 (default, Sep 11 2019, 11:24:51) 
[GCC 6.2.0]
Loaded 127 IIDs to analyze with qpAdm.
Running Individual I4799 with sources ['Italy_Sicily_IA_Polizzello']...
Runtime: 51.169662
Running Individual I4799 with sources ['Tunisia_N']...
Runtime: 51.157995
Running Individual I4799 with sources ['Greece_BA_Mycenaean']...
Runtime: 50.738185
Running Individual I4799 with sources ['Israel_Phoenician']...
Runtime: 53.124016
Running Individual I4799 with sources ['Italy_Sardinia_BA_Nuragic']...
Runtime: 50.148934
Running Individual I4799 with sources ['Italy_Sicily_IA_Polizzello', 'Tunisia_N']...
Runtime: 50.044080
Running Individual I4799 with sources ['Italy_Sicily_IA_Polizzello', 'Greece_BA_Mycenaean']...
Runtime: 50.365378
Running Individual I4799 with sources ['Italy_Sicily_IA_Polizzello', 'Israel_Phoenician']...
Runtime: 50.466403
Running Individual I4799 with sources ['Italy_Sicily_IA_Polizzello', 'Italy_Sardinia_BA_Nuragic']...
Runtime: 52.398225
Running Individual I4799 with sources ['Tunisia_N', 'Greece_BA_Mycenaean']...
Runtime: 52.031539
Running Individual I4799 with sources ['Tunisia_N', 'Israel_Phoenician']...
Runtime: 52.658036
Running Individual I4799 with sources ['Tunisia_N', 'Italy_Sardinia_BA_Nuragic']...
Runtime: 52.564090
Running Individual I4799 with sources ['Greece_BA_Mycenaean', 'Israel_Phoenician']...
Runtime: 50.250158
Running Individual I4799 with sources ['Greece_BA_Mycenaean', 'Italy_Sardinia_BA_Nuragic']...
Runtime: 0.029302
Running Individual I4799 with sources ['Israel_Phoenician', 'Italy_Sardinia_BA_Nuragic']...
Runtime: 50.673962
Running Individual I4799 with sources ['Italy_Sicily_IA_Polizzello', 'Tunisia_N', 'Greece_BA_Mycenaean']...
Runtime: 55.825940
Running Individual I4799 with sources ['Italy_Sicily_IA_Polizzello', 'Tunisia_N', 'Israel_Phoenician']...
Runtime: 50.624965
Running Individual I4799 with sources ['Italy_Sicily_IA_Polizzello', 'Tunisia_N', 'Italy_Sardinia_BA_Nuragic']...
Runtime: 56.600223
Running Individual I4799 with sources ['Italy_Sicily_IA_Polizzello', 'Greece_BA_Mycenaean', 'Israel_Phoenician']...
Runtime: 52.135756
Running Individual I4799 with sources ['Italy_Sicily_IA_Polizzello', 'Greece_BA_Mycenaean', 'Italy_Sardinia_BA_Nuragic']...
Runtime: 52.336296
Running Individual I4799 with sources ['Italy_Sicily_IA_Polizzello', 'Israel_Phoenician', 'Italy_Sardinia_BA_Nuragic']...
Runtime: 52.285153
Running Individual I4799 with sources ['Tunisia_N', 'Greece_BA_Mycenaean', 'Israel_Phoenician']...
Runtime: 52.369489
Running Individual I4799 with sources ['Tunisia_N', 'Greece_BA_Mycenaean', 'Italy_Sardinia_BA_Nuragic']...
Runtime: 52.385213
Running Individual I4799 with sources ['Tunisia_N', 'Israel_Phoenician', 'Italy_Sardinia_BA_Nuragic']...
Runtime: 55.850874
Running Individual I4799 with sources ['Greece_BA_Mycenaean', 'Israel_Phoenician', 'Italy_Sardinia_BA_Nuragic']...
Runtime: 55.881591
Running Individual I4799 with sources ['Italy_Sicily_IA_Polizzello', 'Tunisia_N', 'Greece_BA_Mycenaean', 'Israel_Phoenician']...
Runtime: 31.362204
Running Individual I4799 with sources ['Italy_Sicily_IA_Polizzello', 'Tunisia_N', 'Greece_BA_Mycenaean', 'Italy_Sardinia_BA_Nuragic']...
Runtime: 52.886227
Running Individual I4799 with sources ['Italy_Sicily_IA_Polizzello', 'Tunisia_N', 'Israel_Phoenician', 'Italy_Sardinia_BA_Nuragic']...
Runtime: 56.706190
Running Individual I4799 with sources ['Italy_Sicily_IA_Polizzello', 'Greece_BA_Mycenaean', 'Israel_Phoenician', 'Italy_Sardinia_BA_Nuragic']...
Runtime: 56.315223
Running Individual I4799 with sources ['Tunisia_N', 'Greece_BA_Mycenaean', 'Israel_Phoenician', 'Italy_Sardinia_BA_Nuragic']...
Runtime: 55.337079
Running Individual I4799 with sources ['Italy_Sicily_IA_Polizzello', 'Tunisia_N', 'Greece_BA_Mycenaean', 'Israel_Phoenician', 'Italy_Sardinia_BA_Nuragic']...
Runtime: 62.033807
