*** Error in `/n/groups/reich/hringbauer/git/AdmixTools/bin/qpAdm': corrupted size vs. prev_size: 0x0000000003fe0710 ***
======= Backtrace: =========
/lib64/libc.so.6(+0x7f7c4)[0x7f62744427c4]
/lib64/libc.so.6(+0x818bb)[0x7f62744448bb]
/lib64/libc.so.6(fclose+0x177)[0x7f6274431167]
/n/groups/reich/hringbauer/git/AdmixTools/bin/qpAdm[0x40b271]
/n/groups/reich/hringbauer/git/AdmixTools/bin/qpAdm[0x40b3ea]
/n/groups/reich/hringbauer/git/AdmixTools/bin/qpAdm[0x4023f4]
/lib64/libc.so.6(__libc_start_main+0xf5)[0x7f62743e5505]
/n/groups/reich/hringbauer/git/AdmixTools/bin/qpAdm[0x401eb9]
======= Memory map: ========
00400000-0047f000 r-xp 00000000 00:2e 63121248249                        /n/groups/reich/hringbauer/git/AdmixTools/bin/qpAdm
0067e000-0067f000 r--p 0007e000 00:2e 63121248249                        /n/groups/reich/hringbauer/git/AdmixTools/bin/qpAdm
0067f000-00680000 rw-p 0007f000 00:2e 63121248249                        /n/groups/reich/hringbauer/git/AdmixTools/bin/qpAdm
00680000-00683000 rw-p 00000000 00:00 0 
01b07000-2da29000 rw-p 00000000 00:00 0                                  [heap]
7f6258000000-7f6258021000 rw-p 00000000 00:00 0 
7f6258021000-7f625c000000 ---p 00000000 00:00 0 
7f625caab000-7f6273108000 rw-p 00000000 00:00 0 
7f6273a2a000-7f6273a40000 r-xp 00000000 00:26 5898226537                 /n/app/gcc/6.2.0/lib64/libgcc_s.so.1
7f6273a40000-7f6273c3f000 ---p 00016000 00:26 5898226537                 /n/app/gcc/6.2.0/lib64/libgcc_s.so.1
7f6273c3f000-7f6273c40000 r--p 00015000 00:26 5898226537                 /n/app/gcc/6.2.0/lib64/libgcc_s.so.1
7f6273c40000-7f6273c41000 rw-p 00016000 00:26 5898226537                 /n/app/gcc/6.2.0/lib64/libgcc_s.so.1
7f6273c41000-7f6273c7f000 r-xp 00000000 00:26 5898517627                 /n/app/gcc/6.2.0/lib64/libquadmath.so.0.0.0
7f6273c7f000-7f6273e7e000 ---p 0003e000 00:26 5898517627                 /n/app/gcc/6.2.0/lib64/libquadmath.so.0.0.0
7f6273e7e000-7f6273e7f000 r--p 0003d000 00:26 5898517627                 /n/app/gcc/6.2.0/lib64/libquadmath.so.0.0.0
7f6273e7f000-7f6273e80000 rw-p 0003e000 00:26 5898517627                 /n/app/gcc/6.2.0/lib64/libquadmath.so.0.0.0
7f6273e80000-7f6273fa4000 r-xp 00000000 00:26 5898226539                 /n/app/gcc/6.2.0/lib64/libgfortran.so.3.0.0
7f6273fa4000-7f62741a4000 ---p 00124000 00:26 5898226539                 /n/app/gcc/6.2.0/lib64/libgfortran.so.3.0.0
7f62741a4000-7f62741a5000 r--p 00124000 00:26 5898226539                 /n/app/gcc/6.2.0/lib64/libgfortran.so.3.0.0
7f62741a5000-7f62741a7000 rw-p 00125000 00:26 5898226539                 /n/app/gcc/6.2.0/lib64/libgfortran.so.3.0.0
7f62741a7000-7f62741be000 r-xp 00000000 fd:00 50340264                   /usr/lib64/libpthread-2.17.so
7f62741be000-7f62743bd000 ---p 00017000 fd:00 50340264                   /usr/lib64/libpthread-2.17.so
7f62743bd000-7f62743be000 r--p 00016000 fd:00 50340264                   /usr/lib64/libpthread-2.17.so
7f62743be000-7f62743bf000 rw-p 00017000 fd:00 50340264                   /usr/lib64/libpthread-2.17.so
7f62743bf000-7f62743c3000 rw-p 00000000 00:00 0 
7f62743c3000-7f6274586000 r-xp 00000000 fd:00 50340238                   /usr/lib64/libc-2.17.so
7f6274586000-7f6274786000 ---p 001c3000 fd:00 50340238                   /usr/lib64/libc-2.17.so
7f6274786000-7f627478a000 r--p 001c3000 fd:00 50340238                   /usr/lib64/libc-2.17.so
7f627478a000-7f627478c000 rw-p 001c7000 fd:00 50340238                   /usr/lib64/libc-2.17.so
7f627478c000-7f6274791000 rw-p 00000000 00:00 0 
7f6274791000-7f6274892000 r-xp 00000000 fd:00 50340246                   /usr/lib64/libm-2.17.so
7f6274892000-7f6274a91000 ---p 00101000 fd:00 50340246                   /usr/lib64/libm-2.17.so
7f6274a91000-7f6274a92000 r--p 00100000 fd:00 50340246                   /usr/lib64/libm-2.17.so
7f6274a92000-7f6274a93000 rw-p 00101000 fd:00 50340246                   /usr/lib64/libm-2.17.so
7f6274a93000-7f62757d9000 r-xp 00000000 00:26 5906170643                 /n/app/openblas/0.2.19/lib/libopenblas_core2p-r0.2.19.so
7f62757d9000-7f62759d9000 ---p 00d46000 00:26 5906170643                 /n/app/openblas/0.2.19/lib/libopenblas_core2p-r0.2.19.so
7f62759d9000-7f62759df000 r--p 00d46000 00:26 5906170643                 /n/app/openblas/0.2.19/lib/libopenblas_core2p-r0.2.19.so
7f62759df000-7f62759e8000 rw-p 00d4c000 00:26 5906170643                 /n/app/openblas/0.2.19/lib/libopenblas_core2p-r0.2.19.so
7f62759e8000-7f6275a42000 rw-p 00000000 00:00 0 
7f6275a42000-7f6275c8c000 r-xp 00000000 00:26 5898523378                 /n/app/gsl/2.3/lib/libgsl.so.19.3.0
7f6275c8c000-7f6275e8c000 ---p 0024a000 00:26 5898523378                 /n/app/gsl/2.3/lib/libgsl.so.19.3.0
7f6275e8c000-7f6275e8f000 r--p 0024a000 00:26 5898523378                 /n/app/gsl/2.3/lib/libgsl.so.19.3.0
7f6275e8f000-7f6275ea0000 rw-p 0024d000 00:26 5898523378                 /n/app/gsl/2.3/lib/libgsl.so.19.3.0
7f6275ea0000-7f6275ec2000 r-xp 00000000 fd:00 50340231                   /usr/lib64/ld-2.17.so
7f62760aa000-7f62760af000 rw-p 00000000 00:00 0 
7f62760ba000-7f62760c1000 rw-p 00000000 00:00 0 
7f62760c1000-7f62760c2000 r--p 00021000 fd:00 50340231                   /usr/lib64/ld-2.17.so
7f62760c2000-7f62760c3000 rw-p 00022000 fd:00 50340231                   /usr/lib64/ld-2.17.so
7f62760c3000-7f62760c4000 rw-p 00000000 00:00 0 
7fff184a2000-7fff184c4000 rw-p 00000000 00:00 0                          [stack]
7fff185f2000-7fff185f4000 r-xp 00000000 00:00 0                          [vdso]
ffffffffff600000-ffffffffff601000 r-xp 00000000 00:00 0                  [vsyscall]
sh: line 1: 13508 Aborted                 /n/groups/reich/hringbauer/git/AdmixTools/bin/qpAdm -p /n/groups/reich/hringbauer/git/punic_aDNA/parfiles/parfile_qpAdm > /n/groups/reich/hringbauer/git/punic_aDNA/output/qpAdm/v46.3/3way/I24557.Italy_Sicily_IA_Polizzello.Greece_BA_Mycenaean.Israel_Phoenician.log
