compute-e-16-193.o2.rc.hms.harvard.edu
HSM Computational partition detected.
/n/groups/reich/hringbauer/git/punic_aDNA
CPU Count: 28
3.7.4 (default, Sep 11 2019, 11:24:51) 
[GCC 6.2.0]
Loaded 127 IIDs to analyze with qpAdm.
Running Individual I24555 with sources ['Italy_Sicily_IA_Polizzello']...
Runtime: 49.228045
Running Individual I24555 with sources ['Tunisia_N']...
Runtime: 47.738084
Running Individual I24555 with sources ['Greece_BA_Mycenaean']...
Runtime: 48.277776
Running Individual I24555 with sources ['Israel_Phoenician']...
Runtime: 49.223766
Running Individual I24555 with sources ['Italy_Sardinia_BA_Nuragic']...
Runtime: 48.141817
Running Individual I24555 with sources ['Italy_Sicily_IA_Polizzello', 'Tunisia_N']...
Runtime: 48.706093
Running Individual I24555 with sources ['Italy_Sicily_IA_Polizzello', 'Greece_BA_Mycenaean']...
Runtime: 50.677171
Running Individual I24555 with sources ['Italy_Sicily_IA_Polizzello', 'Israel_Phoenician']...
Runtime: 50.640167
Running Individual I24555 with sources ['Italy_Sicily_IA_Polizzello', 'Italy_Sardinia_BA_Nuragic']...
Runtime: 50.232893
Running Individual I24555 with sources ['Tunisia_N', 'Greece_BA_Mycenaean']...
Runtime: 48.396607
Running Individual I24555 with sources ['Tunisia_N', 'Israel_Phoenician']...
Runtime: 29.599310
Running Individual I24555 with sources ['Tunisia_N', 'Italy_Sardinia_BA_Nuragic']...
Runtime: 48.070316
Running Individual I24555 with sources ['Greece_BA_Mycenaean', 'Israel_Phoenician']...
Runtime: 48.706877
Running Individual I24555 with sources ['Greece_BA_Mycenaean', 'Italy_Sardinia_BA_Nuragic']...
Runtime: 48.291150
Running Individual I24555 with sources ['Israel_Phoenician', 'Italy_Sardinia_BA_Nuragic']...
Runtime: 48.432120
Running Individual I24555 with sources ['Italy_Sicily_IA_Polizzello', 'Tunisia_N', 'Greece_BA_Mycenaean']...
Runtime: 49.526198
Running Individual I24555 with sources ['Italy_Sicily_IA_Polizzello', 'Tunisia_N', 'Israel_Phoenician']...
Runtime: 49.605756
Running Individual I24555 with sources ['Italy_Sicily_IA_Polizzello', 'Tunisia_N', 'Italy_Sardinia_BA_Nuragic']...
Runtime: 49.982792
Running Individual I24555 with sources ['Italy_Sicily_IA_Polizzello', 'Greece_BA_Mycenaean', 'Israel_Phoenician']...
Runtime: 47.540623
Running Individual I24555 with sources ['Italy_Sicily_IA_Polizzello', 'Greece_BA_Mycenaean', 'Italy_Sardinia_BA_Nuragic']...
Runtime: 49.236428
Running Individual I24555 with sources ['Italy_Sicily_IA_Polizzello', 'Israel_Phoenician', 'Italy_Sardinia_BA_Nuragic']...
Runtime: 49.259087
Running Individual I24555 with sources ['Tunisia_N', 'Greece_BA_Mycenaean', 'Israel_Phoenician']...
Runtime: 52.902361
Running Individual I24555 with sources ['Tunisia_N', 'Greece_BA_Mycenaean', 'Italy_Sardinia_BA_Nuragic']...
Runtime: 52.952823
Running Individual I24555 with sources ['Tunisia_N', 'Israel_Phoenician', 'Italy_Sardinia_BA_Nuragic']...
Runtime: 49.772461
Running Individual I24555 with sources ['Greece_BA_Mycenaean', 'Israel_Phoenician', 'Italy_Sardinia_BA_Nuragic']...
Runtime: 53.509239
Running Individual I24555 with sources ['Italy_Sicily_IA_Polizzello', 'Tunisia_N', 'Greece_BA_Mycenaean', 'Israel_Phoenician']...
Runtime: 57.955416
Running Individual I24555 with sources ['Italy_Sicily_IA_Polizzello', 'Tunisia_N', 'Greece_BA_Mycenaean', 'Italy_Sardinia_BA_Nuragic']...
Runtime: 52.824983
Running Individual I24555 with sources ['Italy_Sicily_IA_Polizzello', 'Tunisia_N', 'Israel_Phoenician', 'Italy_Sardinia_BA_Nuragic']...
Runtime: 53.663410
Running Individual I24555 with sources ['Italy_Sicily_IA_Polizzello', 'Greece_BA_Mycenaean', 'Israel_Phoenician', 'Italy_Sardinia_BA_Nuragic']...
Runtime: 50.141433
Running Individual I24555 with sources ['Tunisia_N', 'Greece_BA_Mycenaean', 'Israel_Phoenician', 'Italy_Sardinia_BA_Nuragic']...
Runtime: 52.953126
Running Individual I24555 with sources ['Italy_Sicily_IA_Polizzello', 'Tunisia_N', 'Greece_BA_Mycenaean', 'Israel_Phoenician', 'Italy_Sardinia_BA_Nuragic']...
Runtime: 58.407281
