*** Error in `/n/groups/reich/hringbauer/git/AdmixTools/bin/qpAdm': double free or corruption (!prev): 0x000000000317d520 ***
======= Backtrace: =========
/lib64/libc.so.6(+0x81679)[0x7f540a0e7679]
/lib64/libc.so.6(fclose+0x177)[0x7f540a0d4167]
/n/groups/reich/hringbauer/git/AdmixTools/bin/qpAdm[0x40b271]
/n/groups/reich/hringbauer/git/AdmixTools/bin/qpAdm[0x40b3ea]
/n/groups/reich/hringbauer/git/AdmixTools/bin/qpAdm[0x4023f4]
/lib64/libc.so.6(__libc_start_main+0xf5)[0x7f540a088505]
/n/groups/reich/hringbauer/git/AdmixTools/bin/qpAdm[0x401eb9]
======= Memory map: ========
00400000-0047f000 r-xp 00000000 00:30 63121248249                        /n/groups/reich/hringbauer/git/AdmixTools/bin/qpAdm
0067e000-0067f000 r--p 0007e000 00:30 63121248249                        /n/groups/reich/hringbauer/git/AdmixTools/bin/qpAdm
0067f000-00680000 rw-p 0007f000 00:30 63121248249                        /n/groups/reich/hringbauer/git/AdmixTools/bin/qpAdm
00680000-00683000 rw-p 00000000 00:00 0 
00ca4000-2cbc6000 rw-p 00000000 00:00 0                                  [heap]
7f53ec000000-7f53ec021000 rw-p 00000000 00:00 0 
7f53ec021000-7f53f0000000 ---p 00000000 00:00 0 
7f53f274e000-7f5408dab000 rw-p 00000000 00:00 0 
7f54096cd000-7f54096e3000 r-xp 00000000 00:28 5898226537                 /n/app/gcc/6.2.0/lib64/libgcc_s.so.1
7f54096e3000-7f54098e2000 ---p 00016000 00:28 5898226537                 /n/app/gcc/6.2.0/lib64/libgcc_s.so.1
7f54098e2000-7f54098e3000 r--p 00015000 00:28 5898226537                 /n/app/gcc/6.2.0/lib64/libgcc_s.so.1
7f54098e3000-7f54098e4000 rw-p 00016000 00:28 5898226537                 /n/app/gcc/6.2.0/lib64/libgcc_s.so.1
7f54098e4000-7f5409922000 r-xp 00000000 00:28 5898517627                 /n/app/gcc/6.2.0/lib64/libquadmath.so.0.0.0
7f5409922000-7f5409b21000 ---p 0003e000 00:28 5898517627                 /n/app/gcc/6.2.0/lib64/libquadmath.so.0.0.0
7f5409b21000-7f5409b22000 r--p 0003d000 00:28 5898517627                 /n/app/gcc/6.2.0/lib64/libquadmath.so.0.0.0
7f5409b22000-7f5409b23000 rw-p 0003e000 00:28 5898517627                 /n/app/gcc/6.2.0/lib64/libquadmath.so.0.0.0
7f5409b23000-7f5409c47000 r-xp 00000000 00:28 5898226539                 /n/app/gcc/6.2.0/lib64/libgfortran.so.3.0.0
7f5409c47000-7f5409e47000 ---p 00124000 00:28 5898226539                 /n/app/gcc/6.2.0/lib64/libgfortran.so.3.0.0
7f5409e47000-7f5409e48000 r--p 00124000 00:28 5898226539                 /n/app/gcc/6.2.0/lib64/libgfortran.so.3.0.0
7f5409e48000-7f5409e4a000 rw-p 00125000 00:28 5898226539                 /n/app/gcc/6.2.0/lib64/libgfortran.so.3.0.0
7f5409e4a000-7f5409e61000 r-xp 00000000 fd:00 50345918                   /usr/lib64/libpthread-2.17.so
7f5409e61000-7f540a060000 ---p 00017000 fd:00 50345918                   /usr/lib64/libpthread-2.17.so
7f540a060000-7f540a061000 r--p 00016000 fd:00 50345918                   /usr/lib64/libpthread-2.17.so
7f540a061000-7f540a062000 rw-p 00017000 fd:00 50345918                   /usr/lib64/libpthread-2.17.so
7f540a062000-7f540a066000 rw-p 00000000 00:00 0 
7f540a066000-7f540a229000 r-xp 00000000 fd:00 50345892                   /usr/lib64/libc-2.17.so
7f540a229000-7f540a429000 ---p 001c3000 fd:00 50345892                   /usr/lib64/libc-2.17.so
7f540a429000-7f540a42d000 r--p 001c3000 fd:00 50345892                   /usr/lib64/libc-2.17.so
7f540a42d000-7f540a42f000 rw-p 001c7000 fd:00 50345892                   /usr/lib64/libc-2.17.so
7f540a42f000-7f540a434000 rw-p 00000000 00:00 0 
7f540a434000-7f540a535000 r-xp 00000000 fd:00 50345900                   /usr/lib64/libm-2.17.so
7f540a535000-7f540a734000 ---p 00101000 fd:00 50345900                   /usr/lib64/libm-2.17.so
7f540a734000-7f540a735000 r--p 00100000 fd:00 50345900                   /usr/lib64/libm-2.17.so
7f540a735000-7f540a736000 rw-p 00101000 fd:00 50345900                   /usr/lib64/libm-2.17.so
7f540a736000-7f540b47c000 r-xp 00000000 00:28 5906170643                 /n/app/openblas/0.2.19/lib/libopenblas_core2p-r0.2.19.so
7f540b47c000-7f540b67c000 ---p 00d46000 00:28 5906170643                 /n/app/openblas/0.2.19/lib/libopenblas_core2p-r0.2.19.so
7f540b67c000-7f540b682000 r--p 00d46000 00:28 5906170643                 /n/app/openblas/0.2.19/lib/libopenblas_core2p-r0.2.19.so
7f540b682000-7f540b68b000 rw-p 00d4c000 00:28 5906170643                 /n/app/openblas/0.2.19/lib/libopenblas_core2p-r0.2.19.so
7f540b68b000-7f540b6e5000 rw-p 00000000 00:00 0 
7f540b6e5000-7f540b92f000 r-xp 00000000 00:28 5898523378                 /n/app/gsl/2.3/lib/libgsl.so.19.3.0
7f540b92f000-7f540bb2f000 ---p 0024a000 00:28 5898523378                 /n/app/gsl/2.3/lib/libgsl.so.19.3.0
7f540bb2f000-7f540bb32000 r--p 0024a000 00:28 5898523378                 /n/app/gsl/2.3/lib/libgsl.so.19.3.0
7f540bb32000-7f540bb43000 rw-p 0024d000 00:28 5898523378                 /n/app/gsl/2.3/lib/libgsl.so.19.3.0
7f540bb43000-7f540bb65000 r-xp 00000000 fd:00 50345885                   /usr/lib64/ld-2.17.so
7f540bd49000-7f540bd4e000 rw-p 00000000 00:00 0 
7f540bd5d000-7f540bd64000 rw-p 00000000 00:00 0 
7f540bd64000-7f540bd65000 r--p 00021000 fd:00 50345885                   /usr/lib64/ld-2.17.so
7f540bd65000-7f540bd66000 rw-p 00022000 fd:00 50345885                   /usr/lib64/ld-2.17.so
7f540bd66000-7f540bd67000 rw-p 00000000 00:00 0 
7ffde5d37000-7ffde5d59000 rw-p 00000000 00:00 0                          [stack]
7ffde5d6a000-7ffde5d6c000 r-xp 00000000 00:00 0                          [vdso]
ffffffffff600000-ffffffffff601000 r-xp 00000000 00:00 0                  [vsyscall]
sh: line 1: 25649 Aborted                 /n/groups/reich/hringbauer/git/AdmixTools/bin/qpAdm -p /n/groups/reich/hringbauer/git/punic_aDNA/parfiles/parfile_qpAdm > /n/groups/reich/hringbauer/git/punic_aDNA/output/qpAdm/v46.3/1way/ORC002.Italy_Sardinia_BA_Nuragic.log
***warning: no parameters in /n/groups/reich/hringbauer/git/punic_aDNA/parfiles/parfile_qpAdm
fatalx:
(getsnps) null snpnamesh: line 1:  1136 Aborted                 /n/groups/reich/hringbauer/git/AdmixTools/bin/qpAdm -p /n/groups/reich/hringbauer/git/punic_aDNA/parfiles/parfile_qpAdm > /n/groups/reich/hringbauer/git/punic_aDNA/output/qpAdm/v46.3/4way/ORC002.Italy_Sicily_IA_Polizzello.Tunisia_N.Israel_Phoenician.Italy_Sardinia_BA_Nuragic.log
***warning: no parameters in /n/groups/reich/hringbauer/git/punic_aDNA/parfiles/parfile_qpAdm
fatalx:
(getsnps) null snpnamesh: line 1:  1262 Aborted                 /n/groups/reich/hringbauer/git/AdmixTools/bin/qpAdm -p /n/groups/reich/hringbauer/git/punic_aDNA/parfiles/parfile_qpAdm > /n/groups/reich/hringbauer/git/punic_aDNA/output/qpAdm/v46.3/4way/ORC002.Tunisia_N.Greece_BA_Mycenaean.Israel_Phoenician.Italy_Sardinia_BA_Nuragic.log
