compute-a-16-162.o2.rc.hms.harvard.edu
HSM Computational partition detected.
/n/groups/reich/hringbauer/git/punic_aDNA
CPU Count: 32
3.7.4 (default, Sep 11 2019, 11:24:51) 
[GCC 6.2.0]
Loaded 127 IIDs to analyze with qpAdm.
Running Individual I8577 with sources ['Italy_Sicily_IA_Polizzello']...
Runtime: 57.720117
Running Individual I8577 with sources ['Tunisia_N']...
Runtime: 56.836411
Running Individual I8577 with sources ['Greece_BA_Mycenaean']...
Runtime: 56.891740
Running Individual I8577 with sources ['Israel_Phoenician']...
Runtime: 57.116175
Running Individual I8577 with sources ['Italy_Sardinia_BA_Nuragic']...
Runtime: 57.601115
Running Individual I8577 with sources ['Italy_Sicily_IA_Polizzello', 'Tunisia_N']...
Runtime: 59.923244
Running Individual I8577 with sources ['Italy_Sicily_IA_Polizzello', 'Greece_BA_Mycenaean']...
Runtime: 60.037708
Running Individual I8577 with sources ['Italy_Sicily_IA_Polizzello', 'Israel_Phoenician']...
Runtime: 60.340518
Running Individual I8577 with sources ['Italy_Sicily_IA_Polizzello', 'Italy_Sardinia_BA_Nuragic']...
Runtime: 59.370694
Running Individual I8577 with sources ['Tunisia_N', 'Greece_BA_Mycenaean']...
Runtime: 59.966393
Running Individual I8577 with sources ['Tunisia_N', 'Israel_Phoenician']...
Runtime: 59.303446
Running Individual I8577 with sources ['Tunisia_N', 'Italy_Sardinia_BA_Nuragic']...
Runtime: 59.650797
Running Individual I8577 with sources ['Greece_BA_Mycenaean', 'Israel_Phoenician']...
Runtime: 59.816691
Running Individual I8577 with sources ['Greece_BA_Mycenaean', 'Italy_Sardinia_BA_Nuragic']...
Runtime: 57.375197
Running Individual I8577 with sources ['Israel_Phoenician', 'Italy_Sardinia_BA_Nuragic']...
Runtime: 63.784378
Running Individual I8577 with sources ['Italy_Sicily_IA_Polizzello', 'Tunisia_N', 'Greece_BA_Mycenaean']...
Runtime: 60.582668
Running Individual I8577 with sources ['Italy_Sicily_IA_Polizzello', 'Tunisia_N', 'Israel_Phoenician']...
Runtime: 59.642198
Running Individual I8577 with sources ['Italy_Sicily_IA_Polizzello', 'Tunisia_N', 'Italy_Sardinia_BA_Nuragic']...
Runtime: 0.021979
Running Individual I8577 with sources ['Italy_Sicily_IA_Polizzello', 'Greece_BA_Mycenaean', 'Israel_Phoenician']...
Runtime: 62.798537
Running Individual I8577 with sources ['Italy_Sicily_IA_Polizzello', 'Greece_BA_Mycenaean', 'Italy_Sardinia_BA_Nuragic']...
Runtime: 63.212646
Running Individual I8577 with sources ['Italy_Sicily_IA_Polizzello', 'Israel_Phoenician', 'Italy_Sardinia_BA_Nuragic']...
Runtime: 60.043683
Running Individual I8577 with sources ['Tunisia_N', 'Greece_BA_Mycenaean', 'Israel_Phoenician']...
Runtime: 63.744784
Running Individual I8577 with sources ['Tunisia_N', 'Greece_BA_Mycenaean', 'Italy_Sardinia_BA_Nuragic']...
Runtime: 60.173758
Running Individual I8577 with sources ['Tunisia_N', 'Israel_Phoenician', 'Italy_Sardinia_BA_Nuragic']...
Runtime: 59.791910
Running Individual I8577 with sources ['Greece_BA_Mycenaean', 'Israel_Phoenician', 'Italy_Sardinia_BA_Nuragic']...
Runtime: 60.160741
Running Individual I8577 with sources ['Italy_Sicily_IA_Polizzello', 'Tunisia_N', 'Greece_BA_Mycenaean', 'Israel_Phoenician']...
Runtime: 63.845241
Running Individual I8577 with sources ['Italy_Sicily_IA_Polizzello', 'Tunisia_N', 'Greece_BA_Mycenaean', 'Italy_Sardinia_BA_Nuragic']...
Runtime: 69.851520
Running Individual I8577 with sources ['Italy_Sicily_IA_Polizzello', 'Tunisia_N', 'Israel_Phoenician', 'Italy_Sardinia_BA_Nuragic']...
Runtime: 63.066245
Running Individual I8577 with sources ['Italy_Sicily_IA_Polizzello', 'Greece_BA_Mycenaean', 'Israel_Phoenician', 'Italy_Sardinia_BA_Nuragic']...
Runtime: 79.419948
Running Individual I8577 with sources ['Tunisia_N', 'Greece_BA_Mycenaean', 'Israel_Phoenician', 'Italy_Sardinia_BA_Nuragic']...
Runtime: 75.043902
Running Individual I8577 with sources ['Italy_Sicily_IA_Polizzello', 'Tunisia_N', 'Greece_BA_Mycenaean', 'Israel_Phoenician', 'Italy_Sardinia_BA_Nuragic']...
Runtime: 63.207102
