compute-e-16-191.o2.rc.hms.harvard.edu
HSM Computational partition detected.
/n/groups/reich/hringbauer/git/punic_aDNA
CPU Count: 28
3.7.4 (default, Sep 11 2019, 11:24:51) 
[GCC 6.2.0]
Loaded 127 IIDs to analyze with qpAdm.
Running Individual I12844 with sources ['Italy_Sicily_IA_Polizzello']...
Runtime: 53.108498
Running Individual I12844 with sources ['Tunisia_N']...
Runtime: 50.741500
Running Individual I12844 with sources ['Greece_BA_Mycenaean']...
Runtime: 50.596555
Running Individual I12844 with sources ['Israel_Phoenician']...
Runtime: 50.492028
Running Individual I12844 with sources ['Italy_Sardinia_BA_Nuragic']...
Runtime: 50.478719
Running Individual I12844 with sources ['Italy_Sicily_IA_Polizzello', 'Tunisia_N']...
Runtime: 50.228837
Running Individual I12844 with sources ['Italy_Sicily_IA_Polizzello', 'Greece_BA_Mycenaean']...
Runtime: 52.993220
Running Individual I12844 with sources ['Italy_Sicily_IA_Polizzello', 'Israel_Phoenician']...
Runtime: 53.132730
Running Individual I12844 with sources ['Italy_Sicily_IA_Polizzello', 'Italy_Sardinia_BA_Nuragic']...
Runtime: 53.213799
Running Individual I12844 with sources ['Tunisia_N', 'Greece_BA_Mycenaean']...
Runtime: 50.344088
Running Individual I12844 with sources ['Tunisia_N', 'Israel_Phoenician']...
Runtime: 53.253540
Running Individual I12844 with sources ['Tunisia_N', 'Italy_Sardinia_BA_Nuragic']...
Runtime: 53.257936
Running Individual I12844 with sources ['Greece_BA_Mycenaean', 'Israel_Phoenician']...
Runtime: 31.005326
Running Individual I12844 with sources ['Greece_BA_Mycenaean', 'Italy_Sardinia_BA_Nuragic']...
Runtime: 52.987368
Running Individual I12844 with sources ['Israel_Phoenician', 'Italy_Sardinia_BA_Nuragic']...
Runtime: 52.456539
Running Individual I12844 with sources ['Italy_Sicily_IA_Polizzello', 'Tunisia_N', 'Greece_BA_Mycenaean']...
Runtime: 50.303113
Running Individual I12844 with sources ['Italy_Sicily_IA_Polizzello', 'Tunisia_N', 'Israel_Phoenician']...
Runtime: 52.747620
Running Individual I12844 with sources ['Italy_Sicily_IA_Polizzello', 'Tunisia_N', 'Italy_Sardinia_BA_Nuragic']...
Runtime: 52.388174
Running Individual I12844 with sources ['Italy_Sicily_IA_Polizzello', 'Greece_BA_Mycenaean', 'Israel_Phoenician']...
Runtime: 52.199333
Running Individual I12844 with sources ['Italy_Sicily_IA_Polizzello', 'Greece_BA_Mycenaean', 'Italy_Sardinia_BA_Nuragic']...
Runtime: 30.910457
Running Individual I12844 with sources ['Italy_Sicily_IA_Polizzello', 'Israel_Phoenician', 'Italy_Sardinia_BA_Nuragic']...
Runtime: 57.592965
Running Individual I12844 with sources ['Tunisia_N', 'Greece_BA_Mycenaean', 'Israel_Phoenician']...
Runtime: 52.344375
Running Individual I12844 with sources ['Tunisia_N', 'Greece_BA_Mycenaean', 'Italy_Sardinia_BA_Nuragic']...
Runtime: 52.688781
Running Individual I12844 with sources ['Tunisia_N', 'Israel_Phoenician', 'Italy_Sardinia_BA_Nuragic']...
Runtime: 55.791499
Running Individual I12844 with sources ['Greece_BA_Mycenaean', 'Israel_Phoenician', 'Italy_Sardinia_BA_Nuragic']...
Runtime: 55.180092
Running Individual I12844 with sources ['Italy_Sicily_IA_Polizzello', 'Tunisia_N', 'Greece_BA_Mycenaean', 'Israel_Phoenician']...
Runtime: 60.985182
Running Individual I12844 with sources ['Italy_Sicily_IA_Polizzello', 'Tunisia_N', 'Greece_BA_Mycenaean', 'Italy_Sardinia_BA_Nuragic']...
Runtime: 51.872674
Running Individual I12844 with sources ['Italy_Sicily_IA_Polizzello', 'Tunisia_N', 'Israel_Phoenician', 'Italy_Sardinia_BA_Nuragic']...
Runtime: 61.024244
Running Individual I12844 with sources ['Italy_Sicily_IA_Polizzello', 'Greece_BA_Mycenaean', 'Israel_Phoenician', 'Italy_Sardinia_BA_Nuragic']...
Runtime: 55.034065
Running Individual I12844 with sources ['Tunisia_N', 'Greece_BA_Mycenaean', 'Israel_Phoenician', 'Italy_Sardinia_BA_Nuragic']...
Runtime: 55.117934
Running Individual I12844 with sources ['Italy_Sicily_IA_Polizzello', 'Tunisia_N', 'Greece_BA_Mycenaean', 'Israel_Phoenician', 'Italy_Sardinia_BA_Nuragic']...
Runtime: 61.336754
