compute-e-16-188.o2.rc.hms.harvard.edu
HSM Computational partition detected.
/n/groups/reich/hringbauer/git/punic_aDNA
CPU Count: 28
3.7.4 (default, Sep 11 2019, 11:24:51) 
[GCC 6.2.0]
Loaded 127 IIDs to analyze with qpAdm.
Running Individual I12665 with sources ['Italy_Sicily_IA_Polizzello']...
Runtime: 49.161092
Running Individual I12665 with sources ['Tunisia_N']...
Runtime: 49.613239
Running Individual I12665 with sources ['Greece_BA_Mycenaean']...
Runtime: 49.610939
Running Individual I12665 with sources ['Israel_Phoenician']...
Runtime: 50.812735
Running Individual I12665 with sources ['Italy_Sardinia_BA_Nuragic']...
Runtime: 48.220003
Running Individual I12665 with sources ['Italy_Sicily_IA_Polizzello', 'Tunisia_N']...
Runtime: 51.562512
Running Individual I12665 with sources ['Italy_Sicily_IA_Polizzello', 'Greece_BA_Mycenaean']...
Runtime: 48.386436
Running Individual I12665 with sources ['Italy_Sicily_IA_Polizzello', 'Israel_Phoenician']...
Runtime: 46.645741
Running Individual I12665 with sources ['Italy_Sicily_IA_Polizzello', 'Italy_Sardinia_BA_Nuragic']...
Runtime: 49.225682
Running Individual I12665 with sources ['Tunisia_N', 'Greece_BA_Mycenaean']...
Runtime: 47.697712
Running Individual I12665 with sources ['Tunisia_N', 'Israel_Phoenician']...
Runtime: 47.253745
Running Individual I12665 with sources ['Tunisia_N', 'Italy_Sardinia_BA_Nuragic']...
Runtime: 50.528504
Running Individual I12665 with sources ['Greece_BA_Mycenaean', 'Israel_Phoenician']...
Runtime: 50.142282
Running Individual I12665 with sources ['Greece_BA_Mycenaean', 'Italy_Sardinia_BA_Nuragic']...
Runtime: 50.263987
Running Individual I12665 with sources ['Israel_Phoenician', 'Italy_Sardinia_BA_Nuragic']...
Runtime: 50.732447
Running Individual I12665 with sources ['Italy_Sicily_IA_Polizzello', 'Tunisia_N', 'Greece_BA_Mycenaean']...
Runtime: 53.669346
Running Individual I12665 with sources ['Italy_Sicily_IA_Polizzello', 'Tunisia_N', 'Israel_Phoenician']...
Runtime: 52.795551
Running Individual I12665 with sources ['Italy_Sicily_IA_Polizzello', 'Tunisia_N', 'Italy_Sardinia_BA_Nuragic']...
Runtime: 49.578503
Running Individual I12665 with sources ['Italy_Sicily_IA_Polizzello', 'Greece_BA_Mycenaean', 'Israel_Phoenician']...
Runtime: 49.651686
Running Individual I12665 with sources ['Italy_Sicily_IA_Polizzello', 'Greece_BA_Mycenaean', 'Italy_Sardinia_BA_Nuragic']...
Runtime: 49.488131
Running Individual I12665 with sources ['Italy_Sicily_IA_Polizzello', 'Israel_Phoenician', 'Italy_Sardinia_BA_Nuragic']...
Runtime: 52.667933
Running Individual I12665 with sources ['Tunisia_N', 'Greece_BA_Mycenaean', 'Israel_Phoenician']...
Runtime: 49.494890
Running Individual I12665 with sources ['Tunisia_N', 'Greece_BA_Mycenaean', 'Italy_Sardinia_BA_Nuragic']...
Runtime: 51.855273
Running Individual I12665 with sources ['Tunisia_N', 'Israel_Phoenician', 'Italy_Sardinia_BA_Nuragic']...
Runtime: 52.869506
Running Individual I12665 with sources ['Greece_BA_Mycenaean', 'Israel_Phoenician', 'Italy_Sardinia_BA_Nuragic']...
Runtime: 54.866767
Running Individual I12665 with sources ['Italy_Sicily_IA_Polizzello', 'Tunisia_N', 'Greece_BA_Mycenaean', 'Israel_Phoenician']...
Runtime: 58.387033
Running Individual I12665 with sources ['Italy_Sicily_IA_Polizzello', 'Tunisia_N', 'Greece_BA_Mycenaean', 'Italy_Sardinia_BA_Nuragic']...
Runtime: 58.786277
Running Individual I12665 with sources ['Italy_Sicily_IA_Polizzello', 'Tunisia_N', 'Israel_Phoenician', 'Italy_Sardinia_BA_Nuragic']...
Runtime: 59.126616
Running Individual I12665 with sources ['Italy_Sicily_IA_Polizzello', 'Greece_BA_Mycenaean', 'Israel_Phoenician', 'Italy_Sardinia_BA_Nuragic']...
Runtime: 58.555515
Running Individual I12665 with sources ['Tunisia_N', 'Greece_BA_Mycenaean', 'Israel_Phoenician', 'Italy_Sardinia_BA_Nuragic']...
Runtime: 52.639653
Running Individual I12665 with sources ['Italy_Sicily_IA_Polizzello', 'Tunisia_N', 'Greece_BA_Mycenaean', 'Israel_Phoenician', 'Italy_Sardinia_BA_Nuragic']...
Runtime: 58.680442
