compute-e-16-191.o2.rc.hms.harvard.edu
HSM Computational partition detected.
/n/groups/reich/hringbauer/git/punic_aDNA
CPU Count: 28
3.7.4 (default, Sep 11 2019, 11:24:51) 
[GCC 6.2.0]
Loaded 127 IIDs to analyze with qpAdm.
Running Individual I24206 with sources ['Italy_Sicily_IA_Polizzello']...
Runtime: 51.218242
Running Individual I24206 with sources ['Tunisia_N']...
Runtime: 50.644592
Running Individual I24206 with sources ['Greece_BA_Mycenaean']...
Runtime: 50.411671
Running Individual I24206 with sources ['Israel_Phoenician']...
Runtime: 50.600674
Running Individual I24206 with sources ['Italy_Sardinia_BA_Nuragic']...
Runtime: 50.179387
Running Individual I24206 with sources ['Italy_Sicily_IA_Polizzello', 'Tunisia_N']...
Runtime: 53.054487
Running Individual I24206 with sources ['Italy_Sicily_IA_Polizzello', 'Greece_BA_Mycenaean']...
Runtime: 52.786197
Running Individual I24206 with sources ['Italy_Sicily_IA_Polizzello', 'Israel_Phoenician']...
Runtime: 50.245641
Running Individual I24206 with sources ['Italy_Sicily_IA_Polizzello', 'Italy_Sardinia_BA_Nuragic']...
Runtime: 50.919935
Running Individual I24206 with sources ['Tunisia_N', 'Greece_BA_Mycenaean']...
Runtime: 52.718448
Running Individual I24206 with sources ['Tunisia_N', 'Israel_Phoenician']...
Runtime: 50.169225
Running Individual I24206 with sources ['Tunisia_N', 'Italy_Sardinia_BA_Nuragic']...
Runtime: 52.369876
Running Individual I24206 with sources ['Greece_BA_Mycenaean', 'Israel_Phoenician']...
Runtime: 50.169551
Running Individual I24206 with sources ['Greece_BA_Mycenaean', 'Italy_Sardinia_BA_Nuragic']...
Runtime: 52.575126
Running Individual I24206 with sources ['Israel_Phoenician', 'Italy_Sardinia_BA_Nuragic']...
Runtime: 57.981625
Running Individual I24206 with sources ['Italy_Sicily_IA_Polizzello', 'Tunisia_N', 'Greece_BA_Mycenaean']...
Runtime: 56.917978
Running Individual I24206 with sources ['Italy_Sicily_IA_Polizzello', 'Tunisia_N', 'Israel_Phoenician']...
Runtime: 55.803187
Running Individual I24206 with sources ['Italy_Sicily_IA_Polizzello', 'Tunisia_N', 'Italy_Sardinia_BA_Nuragic']...
Runtime: 55.556678
Running Individual I24206 with sources ['Italy_Sicily_IA_Polizzello', 'Greece_BA_Mycenaean', 'Israel_Phoenician']...
Runtime: 55.599338
Running Individual I24206 with sources ['Italy_Sicily_IA_Polizzello', 'Greece_BA_Mycenaean', 'Italy_Sardinia_BA_Nuragic']...
Runtime: 55.598658
Running Individual I24206 with sources ['Italy_Sicily_IA_Polizzello', 'Israel_Phoenician', 'Italy_Sardinia_BA_Nuragic']...
Runtime: 52.572318
Running Individual I24206 with sources ['Tunisia_N', 'Greece_BA_Mycenaean', 'Israel_Phoenician']...
Runtime: 51.963184
Running Individual I24206 with sources ['Tunisia_N', 'Greece_BA_Mycenaean', 'Italy_Sardinia_BA_Nuragic']...
Runtime: 30.887230
Running Individual I24206 with sources ['Tunisia_N', 'Israel_Phoenician', 'Italy_Sardinia_BA_Nuragic']...
Runtime: 51.865289
Running Individual I24206 with sources ['Greece_BA_Mycenaean', 'Israel_Phoenician', 'Italy_Sardinia_BA_Nuragic']...
Runtime: 55.384085
Running Individual I24206 with sources ['Italy_Sicily_IA_Polizzello', 'Tunisia_N', 'Greece_BA_Mycenaean', 'Israel_Phoenician']...
Runtime: 55.920502
Running Individual I24206 with sources ['Italy_Sicily_IA_Polizzello', 'Tunisia_N', 'Greece_BA_Mycenaean', 'Italy_Sardinia_BA_Nuragic']...
Runtime: 61.685370
Running Individual I24206 with sources ['Italy_Sicily_IA_Polizzello', 'Tunisia_N', 'Israel_Phoenician', 'Italy_Sardinia_BA_Nuragic']...
Runtime: 55.202651
Running Individual I24206 with sources ['Italy_Sicily_IA_Polizzello', 'Greece_BA_Mycenaean', 'Israel_Phoenician', 'Italy_Sardinia_BA_Nuragic']...
Runtime: 56.111439
Running Individual I24206 with sources ['Tunisia_N', 'Greece_BA_Mycenaean', 'Israel_Phoenician', 'Italy_Sardinia_BA_Nuragic']...
Runtime: 55.546950
Running Individual I24206 with sources ['Italy_Sicily_IA_Polizzello', 'Tunisia_N', 'Greece_BA_Mycenaean', 'Israel_Phoenician', 'Italy_Sardinia_BA_Nuragic']...
Runtime: 55.832728
