sh: line 1: 25685 Segmentation fault      /n/groups/reich/hringbauer/git/AdmixTools/bin/qpAdm -p /n/groups/reich/hringbauer/git/punic_aDNA/parfiles/parfile_qpAdm > /n/groups/reich/hringbauer/git/punic_aDNA/output/qpAdm/v46.3/2way/I12844.Greece_BA_Mycenaean.Israel_Phoenician.log
*** Error in `/n/groups/reich/hringbauer/git/AdmixTools/bin/qpAdm': corrupted size vs. prev_size: 0x0000000003ee7750 ***
======= Backtrace: =========
/lib64/libc.so.6(+0x7f7c4)[0x7f75fc2437c4]
/lib64/libc.so.6(+0x82fd4)[0x7f75fc246fd4]
/lib64/libc.so.6(__libc_calloc+0xb4)[0x7f75fc24a564]
/n/groups/reich/hringbauer/git/AdmixTools/bin/qpAdm[0x4092b1]
/n/groups/reich/hringbauer/git/AdmixTools/bin/qpAdm[0x40b19f]
/n/groups/reich/hringbauer/git/AdmixTools/bin/qpAdm[0x40b3ea]
/n/groups/reich/hringbauer/git/AdmixTools/bin/qpAdm[0x4023f4]
/lib64/libc.so.6(__libc_start_main+0xf5)[0x7f75fc1e6505]
/n/groups/reich/hringbauer/git/AdmixTools/bin/qpAdm[0x401eb9]
======= Memory map: ========
00400000-0047f000 r-xp 00000000 00:2a 63121248249                        /n/groups/reich/hringbauer/git/AdmixTools/bin/qpAdm
0067e000-0067f000 r--p 0007e000 00:2a 63121248249                        /n/groups/reich/hringbauer/git/AdmixTools/bin/qpAdm
0067f000-00680000 rw-p 0007f000 00:2a 63121248249                        /n/groups/reich/hringbauer/git/AdmixTools/bin/qpAdm
00680000-00683000 rw-p 00000000 00:00 0 
01a0d000-2d92f000 rw-p 00000000 00:00 0                                  [heap]
7f75e0000000-7f75e0021000 rw-p 00000000 00:00 0 
7f75e0021000-7f75e4000000 ---p 00000000 00:00 0 
7f75e48ac000-7f75faf09000 rw-p 00000000 00:00 0 
7f75fb82b000-7f75fb841000 r-xp 00000000 00:2b 5898226537                 /n/app/gcc/6.2.0/lib64/libgcc_s.so.1
7f75fb841000-7f75fba40000 ---p 00016000 00:2b 5898226537                 /n/app/gcc/6.2.0/lib64/libgcc_s.so.1
7f75fba40000-7f75fba41000 r--p 00015000 00:2b 5898226537                 /n/app/gcc/6.2.0/lib64/libgcc_s.so.1
7f75fba41000-7f75fba42000 rw-p 00016000 00:2b 5898226537                 /n/app/gcc/6.2.0/lib64/libgcc_s.so.1
7f75fba42000-7f75fba80000 r-xp 00000000 00:2b 5898517627                 /n/app/gcc/6.2.0/lib64/libquadmath.so.0.0.0
7f75fba80000-7f75fbc7f000 ---p 0003e000 00:2b 5898517627                 /n/app/gcc/6.2.0/lib64/libquadmath.so.0.0.0
7f75fbc7f000-7f75fbc80000 r--p 0003d000 00:2b 5898517627                 /n/app/gcc/6.2.0/lib64/libquadmath.so.0.0.0
7f75fbc80000-7f75fbc81000 rw-p 0003e000 00:2b 5898517627                 /n/app/gcc/6.2.0/lib64/libquadmath.so.0.0.0
7f75fbc81000-7f75fbda5000 r-xp 00000000 00:2b 5898226539                 /n/app/gcc/6.2.0/lib64/libgfortran.so.3.0.0
7f75fbda5000-7f75fbfa5000 ---p 00124000 00:2b 5898226539                 /n/app/gcc/6.2.0/lib64/libgfortran.so.3.0.0
7f75fbfa5000-7f75fbfa6000 r--p 00124000 00:2b 5898226539                 /n/app/gcc/6.2.0/lib64/libgfortran.so.3.0.0
7f75fbfa6000-7f75fbfa8000 rw-p 00125000 00:2b 5898226539                 /n/app/gcc/6.2.0/lib64/libgfortran.so.3.0.0
7f75fbfa8000-7f75fbfbf000 r-xp 00000000 fd:00 12583547                   /usr/lib64/libpthread-2.17.so
7f75fbfbf000-7f75fc1be000 ---p 00017000 fd:00 12583547                   /usr/lib64/libpthread-2.17.so
7f75fc1be000-7f75fc1bf000 r--p 00016000 fd:00 12583547                   /usr/lib64/libpthread-2.17.so
7f75fc1bf000-7f75fc1c0000 rw-p 00017000 fd:00 12583547                   /usr/lib64/libpthread-2.17.so
7f75fc1c0000-7f75fc1c4000 rw-p 00000000 00:00 0 
7f75fc1c4000-7f75fc387000 r-xp 00000000 fd:00 12583521                   /usr/lib64/libc-2.17.so
7f75fc387000-7f75fc587000 ---p 001c3000 fd:00 12583521                   /usr/lib64/libc-2.17.so
7f75fc587000-7f75fc58b000 r--p 001c3000 fd:00 12583521                   /usr/lib64/libc-2.17.so
7f75fc58b000-7f75fc58d000 rw-p 001c7000 fd:00 12583521                   /usr/lib64/libc-2.17.so
7f75fc58d000-7f75fc592000 rw-p 00000000 00:00 0 
7f75fc592000-7f75fc693000 r-xp 00000000 fd:00 12583529                   /usr/lib64/libm-2.17.so
7f75fc693000-7f75fc892000 ---p 00101000 fd:00 12583529                   /usr/lib64/libm-2.17.so
7f75fc892000-7f75fc893000 r--p 00100000 fd:00 12583529                   /usr/lib64/libm-2.17.so
7f75fc893000-7f75fc894000 rw-p 00101000 fd:00 12583529                   /usr/lib64/libm-2.17.so
7f75fc894000-7f75fd5da000 r-xp 00000000 00:2b 5906170643                 /n/app/openblas/0.2.19/lib/libopenblas_core2p-r0.2.19.so
7f75fd5da000-7f75fd7da000 ---p 00d46000 00:2b 5906170643                 /n/app/openblas/0.2.19/lib/libopenblas_core2p-r0.2.19.so
7f75fd7da000-7f75fd7e0000 r--p 00d46000 00:2b 5906170643                 /n/app/openblas/0.2.19/lib/libopenblas_core2p-r0.2.19.so
7f75fd7e0000-7f75fd7e9000 rw-p 00d4c000 00:2b 5906170643                 /n/app/openblas/0.2.19/lib/libopenblas_core2p-r0.2.19.so
7f75fd7e9000-7f75fd843000 rw-p 00000000 00:00 0 
7f75fd843000-7f75fda8d000 r-xp 00000000 00:2b 5898523378                 /n/app/gsl/2.3/lib/libgsl.so.19.3.0
7f75fda8d000-7f75fdc8d000 ---p 0024a000 00:2b 5898523378                 /n/app/gsl/2.3/lib/libgsl.so.19.3.0
7f75fdc8d000-7f75fdc90000 r--p 0024a000 00:2b 5898523378                 /n/app/gsl/2.3/lib/libgsl.so.19.3.0
7f75fdc90000-7f75fdca1000 rw-p 0024d000 00:2b 5898523378                 /n/app/gsl/2.3/lib/libgsl.so.19.3.0
7f75fdca1000-7f75fdcc3000 r-xp 00000000 fd:00 12583514                   /usr/lib64/ld-2.17.so
7f75fdeab000-7f75fdeb0000 rw-p 00000000 00:00 0 
7f75fdeb9000-7f75fdec2000 rw-p 00000000 00:00 0 
7f75fdec2000-7f75fdec3000 r--p 00021000 fd:00 12583514                   /usr/lib64/ld-2.17.so
7f75fdec3000-7f75fdec4000 rw-p 00022000 fd:00 12583514                   /usr/lib64/ld-2.17.so
7f75fdec4000-7f75fdec5000 rw-p 00000000 00:00 0 
7fff4a12c000-7fff4a14e000 rw-p 00000000 00:00 0                          [stack]
7fff4a163000-7fff4a165000 r-xp 00000000 00:00 0                          [vdso]
ffffffffff600000-ffffffffff601000 r-xp 00000000 00:00 0                  [vsyscall]
sh: line 1: 32390 Aborted                 /n/groups/reich/hringbauer/git/AdmixTools/bin/qpAdm -p /n/groups/reich/hringbauer/git/punic_aDNA/parfiles/parfile_qpAdm > /n/groups/reich/hringbauer/git/punic_aDNA/output/qpAdm/v46.3/3way/I12844.Italy_Sicily_IA_Polizzello.Greece_BA_Mycenaean.Italy_Sardinia_BA_Nuragic.log
