compute-a-16-163.o2.rc.hms.harvard.edu
HSM Computational partition detected.
/n/groups/reich/hringbauer/git/punic_aDNA
CPU Count: 32
3.7.4 (default, Sep 11 2019, 11:24:51) 
[GCC 6.2.0]
Loaded 127 IIDs to analyze with qpAdm.
Running Individual I12846 with sources ['Italy_Sicily_IA_Polizzello']...
Runtime: 57.110826
Running Individual I12846 with sources ['Tunisia_N']...
Runtime: 55.299868
Running Individual I12846 with sources ['Greece_BA_Mycenaean']...
Runtime: 56.040332
Running Individual I12846 with sources ['Israel_Phoenician']...
Runtime: 56.234805
Running Individual I12846 with sources ['Italy_Sardinia_BA_Nuragic']...
Runtime: 57.917325
Running Individual I12846 with sources ['Italy_Sicily_IA_Polizzello', 'Tunisia_N']...
Runtime: 56.976969
Running Individual I12846 with sources ['Italy_Sicily_IA_Polizzello', 'Greece_BA_Mycenaean']...
Runtime: 55.996983
Running Individual I12846 with sources ['Italy_Sicily_IA_Polizzello', 'Israel_Phoenician']...
Runtime: 55.654775
Running Individual I12846 with sources ['Italy_Sicily_IA_Polizzello', 'Italy_Sardinia_BA_Nuragic']...
Runtime: 57.743584
Running Individual I12846 with sources ['Tunisia_N', 'Greece_BA_Mycenaean']...
Runtime: 58.404325
Running Individual I12846 with sources ['Tunisia_N', 'Israel_Phoenician']...
Runtime: 58.015785
Running Individual I12846 with sources ['Tunisia_N', 'Italy_Sardinia_BA_Nuragic']...
Runtime: 55.561887
Running Individual I12846 with sources ['Greece_BA_Mycenaean', 'Israel_Phoenician']...
Runtime: 55.125624
Running Individual I12846 with sources ['Greece_BA_Mycenaean', 'Italy_Sardinia_BA_Nuragic']...
Runtime: 56.032372
Running Individual I12846 with sources ['Israel_Phoenician', 'Italy_Sardinia_BA_Nuragic']...
Runtime: 55.159221
Running Individual I12846 with sources ['Italy_Sicily_IA_Polizzello', 'Tunisia_N', 'Greece_BA_Mycenaean']...
Runtime: 61.479166
Running Individual I12846 with sources ['Italy_Sicily_IA_Polizzello', 'Tunisia_N', 'Israel_Phoenician']...
Runtime: 57.114543
Running Individual I12846 with sources ['Italy_Sicily_IA_Polizzello', 'Tunisia_N', 'Italy_Sardinia_BA_Nuragic']...
Runtime: 58.236340
Running Individual I12846 with sources ['Italy_Sicily_IA_Polizzello', 'Greece_BA_Mycenaean', 'Israel_Phoenician']...
Runtime: 58.173461
Running Individual I12846 with sources ['Italy_Sicily_IA_Polizzello', 'Greece_BA_Mycenaean', 'Italy_Sardinia_BA_Nuragic']...
Runtime: 57.364899
Running Individual I12846 with sources ['Italy_Sicily_IA_Polizzello', 'Israel_Phoenician', 'Italy_Sardinia_BA_Nuragic']...
Runtime: 57.961835
Running Individual I12846 with sources ['Tunisia_N', 'Greece_BA_Mycenaean', 'Israel_Phoenician']...
Runtime: 61.792085
Running Individual I12846 with sources ['Tunisia_N', 'Greece_BA_Mycenaean', 'Italy_Sardinia_BA_Nuragic']...
Runtime: 61.203488
Running Individual I12846 with sources ['Tunisia_N', 'Israel_Phoenician', 'Italy_Sardinia_BA_Nuragic']...
Runtime: 66.589446
Running Individual I12846 with sources ['Greece_BA_Mycenaean', 'Israel_Phoenician', 'Italy_Sardinia_BA_Nuragic']...
Runtime: 67.275892
Running Individual I12846 with sources ['Italy_Sicily_IA_Polizzello', 'Tunisia_N', 'Greece_BA_Mycenaean', 'Israel_Phoenician']...
Runtime: 0.029980
Running Individual I12846 with sources ['Italy_Sicily_IA_Polizzello', 'Tunisia_N', 'Greece_BA_Mycenaean', 'Italy_Sardinia_BA_Nuragic']...
Runtime: 61.383321
Running Individual I12846 with sources ['Italy_Sicily_IA_Polizzello', 'Tunisia_N', 'Israel_Phoenician', 'Italy_Sardinia_BA_Nuragic']...
Runtime: 61.679792
Running Individual I12846 with sources ['Italy_Sicily_IA_Polizzello', 'Greece_BA_Mycenaean', 'Israel_Phoenician', 'Italy_Sardinia_BA_Nuragic']...
Runtime: 61.727252
Running Individual I12846 with sources ['Tunisia_N', 'Greece_BA_Mycenaean', 'Israel_Phoenician', 'Italy_Sardinia_BA_Nuragic']...
Runtime: 61.586698
Running Individual I12846 with sources ['Italy_Sicily_IA_Polizzello', 'Tunisia_N', 'Greece_BA_Mycenaean', 'Israel_Phoenician', 'Italy_Sardinia_BA_Nuragic']...
Runtime: 67.247070
