compute-e-16-188.o2.rc.hms.harvard.edu
HSM Computational partition detected.
/n/groups/reich/hringbauer/git/punic_aDNA
CPU Count: 28
3.7.4 (default, Sep 11 2019, 11:24:51) 
[GCC 6.2.0]
Loaded 127 IIDs to analyze with qpAdm.
Running Individual I22236 with sources ['Italy_Sicily_IA_Polizzello']...
Runtime: 48.971569
Running Individual I22236 with sources ['Tunisia_N']...
Runtime: 48.257166
Running Individual I22236 with sources ['Greece_BA_Mycenaean']...
Runtime: 50.289043
Running Individual I22236 with sources ['Israel_Phoenician']...
Runtime: 51.280963
Running Individual I22236 with sources ['Italy_Sardinia_BA_Nuragic']...
Runtime: 50.515146
Running Individual I22236 with sources ['Italy_Sicily_IA_Polizzello', 'Tunisia_N']...
Runtime: 48.573973
Running Individual I22236 with sources ['Italy_Sicily_IA_Polizzello', 'Greece_BA_Mycenaean']...
Runtime: 48.828991
Running Individual I22236 with sources ['Italy_Sicily_IA_Polizzello', 'Israel_Phoenician']...
Runtime: 46.903278
Running Individual I22236 with sources ['Italy_Sicily_IA_Polizzello', 'Italy_Sardinia_BA_Nuragic']...
Runtime: 47.278803
Running Individual I22236 with sources ['Tunisia_N', 'Greece_BA_Mycenaean']...
Runtime: 49.399507
Running Individual I22236 with sources ['Tunisia_N', 'Israel_Phoenician']...
Runtime: 47.917412
Running Individual I22236 with sources ['Tunisia_N', 'Italy_Sardinia_BA_Nuragic']...
Runtime: 49.569107
Running Individual I22236 with sources ['Greece_BA_Mycenaean', 'Israel_Phoenician']...
Runtime: 48.329199
Running Individual I22236 with sources ['Greece_BA_Mycenaean', 'Italy_Sardinia_BA_Nuragic']...
Runtime: 48.451394
Running Individual I22236 with sources ['Israel_Phoenician', 'Italy_Sardinia_BA_Nuragic']...
Runtime: 48.048779
Running Individual I22236 with sources ['Italy_Sicily_IA_Polizzello', 'Tunisia_N', 'Greece_BA_Mycenaean']...
Runtime: 49.927937
Running Individual I22236 with sources ['Italy_Sicily_IA_Polizzello', 'Tunisia_N', 'Israel_Phoenician']...
Runtime: 49.960477
Running Individual I22236 with sources ['Italy_Sicily_IA_Polizzello', 'Tunisia_N', 'Italy_Sardinia_BA_Nuragic']...
Runtime: 50.802950
Running Individual I22236 with sources ['Italy_Sicily_IA_Polizzello', 'Greece_BA_Mycenaean', 'Israel_Phoenician']...
Runtime: 52.326777
Running Individual I22236 with sources ['Italy_Sicily_IA_Polizzello', 'Greece_BA_Mycenaean', 'Italy_Sardinia_BA_Nuragic']...
Runtime: 55.224853
Running Individual I22236 with sources ['Italy_Sicily_IA_Polizzello', 'Israel_Phoenician', 'Italy_Sardinia_BA_Nuragic']...
Runtime: 55.445917
Running Individual I22236 with sources ['Tunisia_N', 'Greece_BA_Mycenaean', 'Israel_Phoenician']...
Runtime: 49.765198
Running Individual I22236 with sources ['Tunisia_N', 'Greece_BA_Mycenaean', 'Italy_Sardinia_BA_Nuragic']...
Runtime: 51.988437
Running Individual I22236 with sources ['Tunisia_N', 'Israel_Phoenician', 'Italy_Sardinia_BA_Nuragic']...
Runtime: 53.433946
Running Individual I22236 with sources ['Greece_BA_Mycenaean', 'Israel_Phoenician', 'Italy_Sardinia_BA_Nuragic']...
Runtime: 55.153280
Running Individual I22236 with sources ['Italy_Sicily_IA_Polizzello', 'Tunisia_N', 'Greece_BA_Mycenaean', 'Israel_Phoenician']...
Runtime: 29.091321
Running Individual I22236 with sources ['Italy_Sicily_IA_Polizzello', 'Tunisia_N', 'Greece_BA_Mycenaean', 'Italy_Sardinia_BA_Nuragic']...
Runtime: 52.660937
Running Individual I22236 with sources ['Italy_Sicily_IA_Polizzello', 'Tunisia_N', 'Israel_Phoenician', 'Italy_Sardinia_BA_Nuragic']...
Runtime: 58.309756
Running Individual I22236 with sources ['Italy_Sicily_IA_Polizzello', 'Greece_BA_Mycenaean', 'Israel_Phoenician', 'Italy_Sardinia_BA_Nuragic']...
Runtime: 59.420912
Running Individual I22236 with sources ['Tunisia_N', 'Greece_BA_Mycenaean', 'Israel_Phoenician', 'Italy_Sardinia_BA_Nuragic']...
Runtime: 58.030769
Running Individual I22236 with sources ['Italy_Sicily_IA_Polizzello', 'Tunisia_N', 'Greece_BA_Mycenaean', 'Israel_Phoenician', 'Italy_Sardinia_BA_Nuragic']...
Runtime: 52.947341
