compute-e-16-191.o2.rc.hms.harvard.edu
HSM Computational partition detected.
/n/groups/reich/hringbauer/git/punic_aDNA
CPU Count: 28
3.7.4 (default, Sep 11 2019, 11:24:51) 
[GCC 6.2.0]
Loaded 127 IIDs to analyze with qpAdm.
Running Individual I21859 with sources ['Italy_Sicily_IA_Polizzello']...
Runtime: 51.395123
Running Individual I21859 with sources ['Tunisia_N']...
Runtime: 52.040572
Running Individual I21859 with sources ['Greece_BA_Mycenaean']...
Runtime: 51.744995
Running Individual I21859 with sources ['Israel_Phoenician']...
Runtime: 53.103448
Running Individual I21859 with sources ['Italy_Sardinia_BA_Nuragic']...
Runtime: 50.278464
Running Individual I21859 with sources ['Italy_Sicily_IA_Polizzello', 'Tunisia_N']...
Runtime: 50.634179
Running Individual I21859 with sources ['Italy_Sicily_IA_Polizzello', 'Greece_BA_Mycenaean']...
Runtime: 50.563931
Running Individual I21859 with sources ['Italy_Sicily_IA_Polizzello', 'Israel_Phoenician']...
Runtime: 52.847786
Running Individual I21859 with sources ['Italy_Sicily_IA_Polizzello', 'Italy_Sardinia_BA_Nuragic']...
Runtime: 52.341672
Running Individual I21859 with sources ['Tunisia_N', 'Greece_BA_Mycenaean']...
Runtime: 53.055054
Running Individual I21859 with sources ['Tunisia_N', 'Israel_Phoenician']...
Runtime: 51.973534
Running Individual I21859 with sources ['Tunisia_N', 'Italy_Sardinia_BA_Nuragic']...
Runtime: 30.637243
Running Individual I21859 with sources ['Greece_BA_Mycenaean', 'Israel_Phoenician']...
Runtime: 50.445380
Running Individual I21859 with sources ['Greece_BA_Mycenaean', 'Italy_Sardinia_BA_Nuragic']...
Runtime: 52.394165
Running Individual I21859 with sources ['Israel_Phoenician', 'Italy_Sardinia_BA_Nuragic']...
Runtime: 52.272827
Running Individual I21859 with sources ['Italy_Sicily_IA_Polizzello', 'Tunisia_N', 'Greece_BA_Mycenaean']...
Runtime: 50.553929
Running Individual I21859 with sources ['Italy_Sicily_IA_Polizzello', 'Tunisia_N', 'Israel_Phoenician']...
Runtime: 52.260986
Running Individual I21859 with sources ['Italy_Sicily_IA_Polizzello', 'Tunisia_N', 'Italy_Sardinia_BA_Nuragic']...
Runtime: 52.810157
Running Individual I21859 with sources ['Italy_Sicily_IA_Polizzello', 'Greece_BA_Mycenaean', 'Israel_Phoenician']...
Runtime: 52.244879
Running Individual I21859 with sources ['Italy_Sicily_IA_Polizzello', 'Greece_BA_Mycenaean', 'Italy_Sardinia_BA_Nuragic']...
Runtime: 52.262831
Running Individual I21859 with sources ['Italy_Sicily_IA_Polizzello', 'Israel_Phoenician', 'Italy_Sardinia_BA_Nuragic']...
Runtime: 52.143105
Running Individual I21859 with sources ['Tunisia_N', 'Greece_BA_Mycenaean', 'Israel_Phoenician']...
Runtime: 55.713866
Running Individual I21859 with sources ['Tunisia_N', 'Greece_BA_Mycenaean', 'Italy_Sardinia_BA_Nuragic']...
Runtime: 51.690428
Running Individual I21859 with sources ['Tunisia_N', 'Israel_Phoenician', 'Italy_Sardinia_BA_Nuragic']...
Runtime: 52.574309
Running Individual I21859 with sources ['Greece_BA_Mycenaean', 'Israel_Phoenician', 'Italy_Sardinia_BA_Nuragic']...
Runtime: 52.349462
Running Individual I21859 with sources ['Italy_Sicily_IA_Polizzello', 'Tunisia_N', 'Greece_BA_Mycenaean', 'Israel_Phoenician']...
Runtime: 51.978485
Running Individual I21859 with sources ['Italy_Sicily_IA_Polizzello', 'Tunisia_N', 'Greece_BA_Mycenaean', 'Italy_Sardinia_BA_Nuragic']...
Runtime: 30.874091
Running Individual I21859 with sources ['Italy_Sicily_IA_Polizzello', 'Tunisia_N', 'Israel_Phoenician', 'Italy_Sardinia_BA_Nuragic']...
Runtime: 52.186587
Running Individual I21859 with sources ['Italy_Sicily_IA_Polizzello', 'Greece_BA_Mycenaean', 'Israel_Phoenician', 'Italy_Sardinia_BA_Nuragic']...
Runtime: 55.642143
Running Individual I21859 with sources ['Tunisia_N', 'Greece_BA_Mycenaean', 'Israel_Phoenician', 'Italy_Sardinia_BA_Nuragic']...
Runtime: 61.220316
Running Individual I21859 with sources ['Italy_Sicily_IA_Polizzello', 'Tunisia_N', 'Greece_BA_Mycenaean', 'Israel_Phoenician', 'Italy_Sardinia_BA_Nuragic']...
Runtime: 61.519425
