*** Error in `/n/groups/reich/hringbauer/git/AdmixTools/bin/qpAdm': corrupted size vs. prev_size: 0x00000000041e7710 ***
======= Backtrace: =========
/lib64/libc.so.6(+0x7f7c4)[0x7f86c4ca47c4]
/lib64/libc.so.6(+0x818bb)[0x7f86c4ca68bb]
/lib64/libc.so.6(fclose+0x177)[0x7f86c4c93167]
/n/groups/reich/hringbauer/git/AdmixTools/bin/qpAdm[0x40b271]
/n/groups/reich/hringbauer/git/AdmixTools/bin/qpAdm[0x40b3ea]
/n/groups/reich/hringbauer/git/AdmixTools/bin/qpAdm[0x4023f4]
/lib64/libc.so.6(__libc_start_main+0xf5)[0x7f86c4c47505]
/n/groups/reich/hringbauer/git/AdmixTools/bin/qpAdm[0x401eb9]
======= Memory map: ========
00400000-0047f000 r-xp 00000000 00:2e 63121248249                        /n/groups/reich/hringbauer/git/AdmixTools/bin/qpAdm
0067e000-0067f000 r--p 0007e000 00:2e 63121248249                        /n/groups/reich/hringbauer/git/AdmixTools/bin/qpAdm
0067f000-00680000 rw-p 0007f000 00:2e 63121248249                        /n/groups/reich/hringbauer/git/AdmixTools/bin/qpAdm
00680000-00683000 rw-p 00000000 00:00 0 
01d0e000-2dc30000 rw-p 00000000 00:00 0                                  [heap]
7f86a8000000-7f86a8021000 rw-p 00000000 00:00 0 
7f86a8021000-7f86ac000000 ---p 00000000 00:00 0 
7f86ad30d000-7f86c396a000 rw-p 00000000 00:00 0 
7f86c428c000-7f86c42a2000 r-xp 00000000 00:27 5898226537                 /n/app/gcc/6.2.0/lib64/libgcc_s.so.1
7f86c42a2000-7f86c44a1000 ---p 00016000 00:27 5898226537                 /n/app/gcc/6.2.0/lib64/libgcc_s.so.1
7f86c44a1000-7f86c44a2000 r--p 00015000 00:27 5898226537                 /n/app/gcc/6.2.0/lib64/libgcc_s.so.1
7f86c44a2000-7f86c44a3000 rw-p 00016000 00:27 5898226537                 /n/app/gcc/6.2.0/lib64/libgcc_s.so.1
7f86c44a3000-7f86c44e1000 r-xp 00000000 00:27 5898517627                 /n/app/gcc/6.2.0/lib64/libquadmath.so.0.0.0
7f86c44e1000-7f86c46e0000 ---p 0003e000 00:27 5898517627                 /n/app/gcc/6.2.0/lib64/libquadmath.so.0.0.0
7f86c46e0000-7f86c46e1000 r--p 0003d000 00:27 5898517627                 /n/app/gcc/6.2.0/lib64/libquadmath.so.0.0.0
7f86c46e1000-7f86c46e2000 rw-p 0003e000 00:27 5898517627                 /n/app/gcc/6.2.0/lib64/libquadmath.so.0.0.0
7f86c46e2000-7f86c4806000 r-xp 00000000 00:27 5898226539                 /n/app/gcc/6.2.0/lib64/libgfortran.so.3.0.0
7f86c4806000-7f86c4a06000 ---p 00124000 00:27 5898226539                 /n/app/gcc/6.2.0/lib64/libgfortran.so.3.0.0
7f86c4a06000-7f86c4a07000 r--p 00124000 00:27 5898226539                 /n/app/gcc/6.2.0/lib64/libgfortran.so.3.0.0
7f86c4a07000-7f86c4a09000 rw-p 00125000 00:27 5898226539                 /n/app/gcc/6.2.0/lib64/libgfortran.so.3.0.0
7f86c4a09000-7f86c4a20000 r-xp 00000000 fd:00 12583291                   /usr/lib64/libpthread-2.17.so
7f86c4a20000-7f86c4c1f000 ---p 00017000 fd:00 12583291                   /usr/lib64/libpthread-2.17.so
7f86c4c1f000-7f86c4c20000 r--p 00016000 fd:00 12583291                   /usr/lib64/libpthread-2.17.so
7f86c4c20000-7f86c4c21000 rw-p 00017000 fd:00 12583291                   /usr/lib64/libpthread-2.17.so
7f86c4c21000-7f86c4c25000 rw-p 00000000 00:00 0 
7f86c4c25000-7f86c4de8000 r-xp 00000000 fd:00 12583265                   /usr/lib64/libc-2.17.so
7f86c4de8000-7f86c4fe8000 ---p 001c3000 fd:00 12583265                   /usr/lib64/libc-2.17.so
7f86c4fe8000-7f86c4fec000 r--p 001c3000 fd:00 12583265                   /usr/lib64/libc-2.17.so
7f86c4fec000-7f86c4fee000 rw-p 001c7000 fd:00 12583265                   /usr/lib64/libc-2.17.so
7f86c4fee000-7f86c4ff3000 rw-p 00000000 00:00 0 
7f86c4ff3000-7f86c50f4000 r-xp 00000000 fd:00 12583273                   /usr/lib64/libm-2.17.so
7f86c50f4000-7f86c52f3000 ---p 00101000 fd:00 12583273                   /usr/lib64/libm-2.17.so
7f86c52f3000-7f86c52f4000 r--p 00100000 fd:00 12583273                   /usr/lib64/libm-2.17.so
7f86c52f4000-7f86c52f5000 rw-p 00101000 fd:00 12583273                   /usr/lib64/libm-2.17.so
7f86c52f5000-7f86c603b000 r-xp 00000000 00:27 5906170643                 /n/app/openblas/0.2.19/lib/libopenblas_core2p-r0.2.19.so
7f86c603b000-7f86c623b000 ---p 00d46000 00:27 5906170643                 /n/app/openblas/0.2.19/lib/libopenblas_core2p-r0.2.19.so
7f86c623b000-7f86c6241000 r--p 00d46000 00:27 5906170643                 /n/app/openblas/0.2.19/lib/libopenblas_core2p-r0.2.19.so
7f86c6241000-7f86c624a000 rw-p 00d4c000 00:27 5906170643                 /n/app/openblas/0.2.19/lib/libopenblas_core2p-r0.2.19.so
7f86c624a000-7f86c62a4000 rw-p 00000000 00:00 0 
7f86c62a4000-7f86c64ee000 r-xp 00000000 00:27 5898523378                 /n/app/gsl/2.3/lib/libgsl.so.19.3.0
7f86c64ee000-7f86c66ee000 ---p 0024a000 00:27 5898523378                 /n/app/gsl/2.3/lib/libgsl.so.19.3.0
7f86c66ee000-7f86c66f1000 r--p 0024a000 00:27 5898523378                 /n/app/gsl/2.3/lib/libgsl.so.19.3.0
7f86c66f1000-7f86c6702000 rw-p 0024d000 00:27 5898523378                 /n/app/gsl/2.3/lib/libgsl.so.19.3.0
7f86c6702000-7f86c6724000 r-xp 00000000 fd:00 12583258                   /usr/lib64/ld-2.17.so
7f86c690c000-7f86c6911000 rw-p 00000000 00:00 0 
7f86c691c000-7f86c6923000 rw-p 00000000 00:00 0 
7f86c6923000-7f86c6924000 r--p 00021000 fd:00 12583258                   /usr/lib64/ld-2.17.so
7f86c6924000-7f86c6925000 rw-p 00022000 fd:00 12583258                   /usr/lib64/ld-2.17.so
7f86c6925000-7f86c6926000 rw-p 00000000 00:00 0 
7ffc8b2a4000-7ffc8b2c6000 rw-p 00000000 00:00 0                          [stack]
7ffc8b3e1000-7ffc8b3e3000 r-xp 00000000 00:00 0                          [vdso]
ffffffffff600000-ffffffffff601000 r-xp 00000000 00:00 0                  [vsyscall]
sh: line 1: 20310 Aborted                 /n/groups/reich/hringbauer/git/AdmixTools/bin/qpAdm -p /n/groups/reich/hringbauer/git/punic_aDNA/parfiles/parfile_qpAdm > /n/groups/reich/hringbauer/git/punic_aDNA/output/qpAdm/v46.3/2way/I12666.Greece_BA_Mycenaean.Italy_Sardinia_BA_Nuragic.log
