compute-e-16-243.o2.rc.hms.harvard.edu
HSM Computational partition detected.
/n/groups/reich/hringbauer/git/punic_aDNA
CPU Count: 28
3.7.4 (default, Sep 11 2019, 11:24:51) 
[GCC 6.2.0]
Loaded 127 IIDs to analyze with qpAdm.
Running Individual I4798 with sources ['Italy_Sicily_IA_Polizzello']...
Runtime: 53.575655
Running Individual I4798 with sources ['Tunisia_N']...
Runtime: 50.237637
Running Individual I4798 with sources ['Greece_BA_Mycenaean']...
Runtime: 49.927695
Running Individual I4798 with sources ['Israel_Phoenician']...
Runtime: 50.126172
Running Individual I4798 with sources ['Italy_Sardinia_BA_Nuragic']...
Runtime: 50.094806
Running Individual I4798 with sources ['Italy_Sicily_IA_Polizzello', 'Tunisia_N']...
Runtime: 50.198576
Running Individual I4798 with sources ['Italy_Sicily_IA_Polizzello', 'Greece_BA_Mycenaean']...
Runtime: 52.357684
Running Individual I4798 with sources ['Italy_Sicily_IA_Polizzello', 'Israel_Phoenician']...
Runtime: 52.922199
Running Individual I4798 with sources ['Italy_Sicily_IA_Polizzello', 'Italy_Sardinia_BA_Nuragic']...
Runtime: 52.696873
Running Individual I4798 with sources ['Tunisia_N', 'Greece_BA_Mycenaean']...
Runtime: 50.470966
Running Individual I4798 with sources ['Tunisia_N', 'Israel_Phoenician']...
Runtime: 50.289017
Running Individual I4798 with sources ['Tunisia_N', 'Italy_Sardinia_BA_Nuragic']...
Runtime: 50.763428
Running Individual I4798 with sources ['Greece_BA_Mycenaean', 'Israel_Phoenician']...
Runtime: 52.077796
Running Individual I4798 with sources ['Greece_BA_Mycenaean', 'Italy_Sardinia_BA_Nuragic']...
Runtime: 50.600088
Running Individual I4798 with sources ['Israel_Phoenician', 'Italy_Sardinia_BA_Nuragic']...
Runtime: 52.677746
Running Individual I4798 with sources ['Italy_Sicily_IA_Polizzello', 'Tunisia_N', 'Greece_BA_Mycenaean']...
Runtime: 52.482487
Running Individual I4798 with sources ['Italy_Sicily_IA_Polizzello', 'Tunisia_N', 'Israel_Phoenician']...
Runtime: 50.150170
Running Individual I4798 with sources ['Italy_Sicily_IA_Polizzello', 'Tunisia_N', 'Italy_Sardinia_BA_Nuragic']...
Runtime: 49.599476
Running Individual I4798 with sources ['Italy_Sicily_IA_Polizzello', 'Greece_BA_Mycenaean', 'Israel_Phoenician']...
Runtime: 52.583316
Running Individual I4798 with sources ['Italy_Sicily_IA_Polizzello', 'Greece_BA_Mycenaean', 'Italy_Sardinia_BA_Nuragic']...
Runtime: 52.231796
Running Individual I4798 with sources ['Italy_Sicily_IA_Polizzello', 'Israel_Phoenician', 'Italy_Sardinia_BA_Nuragic']...
Runtime: 52.041397
Running Individual I4798 with sources ['Tunisia_N', 'Greece_BA_Mycenaean', 'Israel_Phoenician']...
Runtime: 52.055686
Running Individual I4798 with sources ['Tunisia_N', 'Greece_BA_Mycenaean', 'Italy_Sardinia_BA_Nuragic']...
Runtime: 52.885424
Running Individual I4798 with sources ['Tunisia_N', 'Israel_Phoenician', 'Italy_Sardinia_BA_Nuragic']...
Runtime: 55.960823
Running Individual I4798 with sources ['Greece_BA_Mycenaean', 'Israel_Phoenician', 'Italy_Sardinia_BA_Nuragic']...
Runtime: 51.672640
Running Individual I4798 with sources ['Italy_Sicily_IA_Polizzello', 'Tunisia_N', 'Greece_BA_Mycenaean', 'Israel_Phoenician']...
Runtime: 55.062450
Running Individual I4798 with sources ['Italy_Sicily_IA_Polizzello', 'Tunisia_N', 'Greece_BA_Mycenaean', 'Italy_Sardinia_BA_Nuragic']...
Runtime: 55.038535
Running Individual I4798 with sources ['Italy_Sicily_IA_Polizzello', 'Tunisia_N', 'Israel_Phoenician', 'Italy_Sardinia_BA_Nuragic']...
Runtime: 55.663675
Running Individual I4798 with sources ['Italy_Sicily_IA_Polizzello', 'Greece_BA_Mycenaean', 'Israel_Phoenician', 'Italy_Sardinia_BA_Nuragic']...
Runtime: 70.546367
Running Individual I4798 with sources ['Tunisia_N', 'Greece_BA_Mycenaean', 'Israel_Phoenician', 'Italy_Sardinia_BA_Nuragic']...
Runtime: 56.823870
Running Individual I4798 with sources ['Italy_Sicily_IA_Polizzello', 'Tunisia_N', 'Greece_BA_Mycenaean', 'Israel_Phoenician', 'Italy_Sardinia_BA_Nuragic']...
Runtime: 55.194886
