compute-e-16-191.o2.rc.hms.harvard.edu
HSM Computational partition detected.
/n/groups/reich/hringbauer/git/punic_aDNA
CPU Count: 28
3.7.4 (default, Sep 11 2019, 11:24:51) 
[GCC 6.2.0]
Loaded 127 IIDs to analyze with qpAdm.
Running Individual I24205 with sources ['Italy_Sicily_IA_Polizzello']...
Runtime: 51.502127
Running Individual I24205 with sources ['Tunisia_N']...
Runtime: 49.821441
Running Individual I24205 with sources ['Greece_BA_Mycenaean']...
Runtime: 49.734905
Running Individual I24205 with sources ['Israel_Phoenician']...
Runtime: 51.982161
Running Individual I24205 with sources ['Italy_Sardinia_BA_Nuragic']...
Runtime: 49.632913
Running Individual I24205 with sources ['Italy_Sicily_IA_Polizzello', 'Tunisia_N']...
Runtime: 49.726547
Running Individual I24205 with sources ['Italy_Sicily_IA_Polizzello', 'Greece_BA_Mycenaean']...
Runtime: 51.777699
Running Individual I24205 with sources ['Italy_Sicily_IA_Polizzello', 'Israel_Phoenician']...
Runtime: 51.738688
Running Individual I24205 with sources ['Italy_Sicily_IA_Polizzello', 'Italy_Sardinia_BA_Nuragic']...
Runtime: 49.971530
Running Individual I24205 with sources ['Tunisia_N', 'Greece_BA_Mycenaean']...
Runtime: 50.069137
Running Individual I24205 with sources ['Tunisia_N', 'Israel_Phoenician']...
Runtime: 49.637071
Running Individual I24205 with sources ['Tunisia_N', 'Italy_Sardinia_BA_Nuragic']...
Runtime: 49.764206
Running Individual I24205 with sources ['Greece_BA_Mycenaean', 'Israel_Phoenician']...
Runtime: 49.856303
Running Individual I24205 with sources ['Greece_BA_Mycenaean', 'Italy_Sardinia_BA_Nuragic']...
Runtime: 49.568640
Running Individual I24205 with sources ['Israel_Phoenician', 'Italy_Sardinia_BA_Nuragic']...
Runtime: 52.116965
Running Individual I24205 with sources ['Italy_Sicily_IA_Polizzello', 'Tunisia_N', 'Greece_BA_Mycenaean']...
Runtime: 49.394615
Running Individual I24205 with sources ['Italy_Sicily_IA_Polizzello', 'Tunisia_N', 'Israel_Phoenician']...
Runtime: 49.608203
Running Individual I24205 with sources ['Italy_Sicily_IA_Polizzello', 'Tunisia_N', 'Italy_Sardinia_BA_Nuragic']...
Runtime: 52.299565
Running Individual I24205 with sources ['Italy_Sicily_IA_Polizzello', 'Greece_BA_Mycenaean', 'Israel_Phoenician']...
Runtime: 51.706208
Running Individual I24205 with sources ['Italy_Sicily_IA_Polizzello', 'Greece_BA_Mycenaean', 'Italy_Sardinia_BA_Nuragic']...
Runtime: 51.818012
Running Individual I24205 with sources ['Italy_Sicily_IA_Polizzello', 'Israel_Phoenician', 'Italy_Sardinia_BA_Nuragic']...
Runtime: 55.516047
Running Individual I24205 with sources ['Tunisia_N', 'Greece_BA_Mycenaean', 'Israel_Phoenician']...
Runtime: 55.074033
Running Individual I24205 with sources ['Tunisia_N', 'Greece_BA_Mycenaean', 'Italy_Sardinia_BA_Nuragic']...
Runtime: 56.000675
Running Individual I24205 with sources ['Tunisia_N', 'Israel_Phoenician', 'Italy_Sardinia_BA_Nuragic']...
Runtime: 52.012468
Running Individual I24205 with sources ['Greece_BA_Mycenaean', 'Israel_Phoenician', 'Italy_Sardinia_BA_Nuragic']...
Runtime: 55.381156
Running Individual I24205 with sources ['Italy_Sicily_IA_Polizzello', 'Tunisia_N', 'Greece_BA_Mycenaean', 'Israel_Phoenician']...
Runtime: 35.496899
Running Individual I24205 with sources ['Italy_Sicily_IA_Polizzello', 'Tunisia_N', 'Greece_BA_Mycenaean', 'Italy_Sardinia_BA_Nuragic']...
Runtime: 54.980075
Running Individual I24205 with sources ['Italy_Sicily_IA_Polizzello', 'Tunisia_N', 'Israel_Phoenician', 'Italy_Sardinia_BA_Nuragic']...
Runtime: 51.809521
Running Individual I24205 with sources ['Italy_Sicily_IA_Polizzello', 'Greece_BA_Mycenaean', 'Israel_Phoenician', 'Italy_Sardinia_BA_Nuragic']...
Runtime: 51.988747
Running Individual I24205 with sources ['Tunisia_N', 'Greece_BA_Mycenaean', 'Israel_Phoenician', 'Italy_Sardinia_BA_Nuragic']...
Runtime: 55.058817
Running Individual I24205 with sources ['Italy_Sicily_IA_Polizzello', 'Tunisia_N', 'Greece_BA_Mycenaean', 'Israel_Phoenician', 'Italy_Sardinia_BA_Nuragic']...
Runtime: 55.297889
