compute-e-16-189.o2.rc.hms.harvard.edu
HSM Computational partition detected.
/n/groups/reich/hringbauer/git/punic_aDNA
CPU Count: 28
3.7.4 (default, Sep 11 2019, 11:24:51) 
[GCC 6.2.0]
Loaded 127 IIDs to analyze with qpAdm.
Running Individual I24558 with sources ['Italy_Sicily_IA_Polizzello']...
Runtime: 51.884119
Running Individual I24558 with sources ['Tunisia_N']...
Runtime: 51.140788
Running Individual I24558 with sources ['Greece_BA_Mycenaean']...
Runtime: 50.353968
Running Individual I24558 with sources ['Israel_Phoenician']...
Runtime: 49.761563
Running Individual I24558 with sources ['Italy_Sardinia_BA_Nuragic']...
Runtime: 50.448086
Running Individual I24558 with sources ['Italy_Sicily_IA_Polizzello', 'Tunisia_N']...
Runtime: 50.132828
Running Individual I24558 with sources ['Italy_Sicily_IA_Polizzello', 'Greece_BA_Mycenaean']...
Runtime: 51.820037
Running Individual I24558 with sources ['Italy_Sicily_IA_Polizzello', 'Israel_Phoenician']...
Runtime: 50.206453
Running Individual I24558 with sources ['Italy_Sicily_IA_Polizzello', 'Italy_Sardinia_BA_Nuragic']...
Runtime: 52.604404
Running Individual I24558 with sources ['Tunisia_N', 'Greece_BA_Mycenaean']...
Runtime: 52.358519
Running Individual I24558 with sources ['Tunisia_N', 'Israel_Phoenician']...
Runtime: 51.358164
Running Individual I24558 with sources ['Tunisia_N', 'Italy_Sardinia_BA_Nuragic']...
Runtime: 50.650736
Running Individual I24558 with sources ['Greece_BA_Mycenaean', 'Israel_Phoenician']...
Runtime: 50.560852
Running Individual I24558 with sources ['Greece_BA_Mycenaean', 'Italy_Sardinia_BA_Nuragic']...
Runtime: 52.560668
Running Individual I24558 with sources ['Israel_Phoenician', 'Italy_Sardinia_BA_Nuragic']...
Runtime: 52.526930
Running Individual I24558 with sources ['Italy_Sicily_IA_Polizzello', 'Tunisia_N', 'Greece_BA_Mycenaean']...
Runtime: 52.947040
Running Individual I24558 with sources ['Italy_Sicily_IA_Polizzello', 'Tunisia_N', 'Israel_Phoenician']...
Runtime: 52.453373
Running Individual I24558 with sources ['Italy_Sicily_IA_Polizzello', 'Tunisia_N', 'Italy_Sardinia_BA_Nuragic']...
Runtime: 55.857825
Running Individual I24558 with sources ['Italy_Sicily_IA_Polizzello', 'Greece_BA_Mycenaean', 'Israel_Phoenician']...
Runtime: 55.686048
Running Individual I24558 with sources ['Italy_Sicily_IA_Polizzello', 'Greece_BA_Mycenaean', 'Italy_Sardinia_BA_Nuragic']...
Runtime: 52.614539
Running Individual I24558 with sources ['Italy_Sicily_IA_Polizzello', 'Israel_Phoenician', 'Italy_Sardinia_BA_Nuragic']...
Runtime: 52.938319
Running Individual I24558 with sources ['Tunisia_N', 'Greece_BA_Mycenaean', 'Israel_Phoenician']...
Runtime: 57.526519
Running Individual I24558 with sources ['Tunisia_N', 'Greece_BA_Mycenaean', 'Italy_Sardinia_BA_Nuragic']...
Runtime: 52.544588
Running Individual I24558 with sources ['Tunisia_N', 'Israel_Phoenician', 'Italy_Sardinia_BA_Nuragic']...
Runtime: 55.892286
Running Individual I24558 with sources ['Greece_BA_Mycenaean', 'Israel_Phoenician', 'Italy_Sardinia_BA_Nuragic']...
Runtime: 55.850640
Running Individual I24558 with sources ['Italy_Sicily_IA_Polizzello', 'Tunisia_N', 'Greece_BA_Mycenaean', 'Israel_Phoenician']...
Runtime: 52.788863
Running Individual I24558 with sources ['Italy_Sicily_IA_Polizzello', 'Tunisia_N', 'Greece_BA_Mycenaean', 'Italy_Sardinia_BA_Nuragic']...
Runtime: 55.822929
Running Individual I24558 with sources ['Italy_Sicily_IA_Polizzello', 'Tunisia_N', 'Israel_Phoenician', 'Italy_Sardinia_BA_Nuragic']...
Runtime: 56.503071
Running Individual I24558 with sources ['Italy_Sicily_IA_Polizzello', 'Greece_BA_Mycenaean', 'Israel_Phoenician', 'Italy_Sardinia_BA_Nuragic']...
Runtime: 61.831347
Running Individual I24558 with sources ['Tunisia_N', 'Greece_BA_Mycenaean', 'Israel_Phoenician', 'Italy_Sardinia_BA_Nuragic']...
Runtime: 61.162559
Running Individual I24558 with sources ['Italy_Sicily_IA_Polizzello', 'Tunisia_N', 'Greece_BA_Mycenaean', 'Israel_Phoenician', 'Italy_Sardinia_BA_Nuragic']...
Runtime: 56.100926
