compute-e-16-193.o2.rc.hms.harvard.edu
HSM Computational partition detected.
/n/groups/reich/hringbauer/git/punic_aDNA
CPU Count: 28
3.7.4 (default, Sep 11 2019, 11:24:51) 
[GCC 6.2.0]
Loaded 127 IIDs to analyze with qpAdm.
Running Individual I24208 with sources ['Italy_Sicily_IA_Polizzello']...
Runtime: 48.537882
Running Individual I24208 with sources ['Tunisia_N']...
Runtime: 47.360668
Running Individual I24208 with sources ['Greece_BA_Mycenaean']...
Runtime: 47.797269
Running Individual I24208 with sources ['Israel_Phoenician']...
Runtime: 48.051431
Running Individual I24208 with sources ['Italy_Sardinia_BA_Nuragic']...
Runtime: 47.687546
Running Individual I24208 with sources ['Italy_Sicily_IA_Polizzello', 'Tunisia_N']...
Runtime: 47.523266
Running Individual I24208 with sources ['Italy_Sicily_IA_Polizzello', 'Greece_BA_Mycenaean']...
Runtime: 49.521763
Running Individual I24208 with sources ['Italy_Sicily_IA_Polizzello', 'Israel_Phoenician']...
Runtime: 50.793233
Running Individual I24208 with sources ['Italy_Sicily_IA_Polizzello', 'Italy_Sardinia_BA_Nuragic']...
Runtime: 48.120639
Running Individual I24208 with sources ['Tunisia_N', 'Greece_BA_Mycenaean']...
Runtime: 48.020450
Running Individual I24208 with sources ['Tunisia_N', 'Israel_Phoenician']...
Runtime: 47.410729
Running Individual I24208 with sources ['Tunisia_N', 'Italy_Sardinia_BA_Nuragic']...
Runtime: 49.809030
Running Individual I24208 with sources ['Greece_BA_Mycenaean', 'Israel_Phoenician']...
Runtime: 50.125350
Running Individual I24208 with sources ['Greece_BA_Mycenaean', 'Italy_Sardinia_BA_Nuragic']...
Runtime: 51.368198
Running Individual I24208 with sources ['Israel_Phoenician', 'Italy_Sardinia_BA_Nuragic']...
Runtime: 49.769215
Running Individual I24208 with sources ['Italy_Sicily_IA_Polizzello', 'Tunisia_N', 'Greece_BA_Mycenaean']...
Runtime: 47.862807
Running Individual I24208 with sources ['Italy_Sicily_IA_Polizzello', 'Tunisia_N', 'Israel_Phoenician']...
Runtime: 49.569194
Running Individual I24208 with sources ['Italy_Sicily_IA_Polizzello', 'Tunisia_N', 'Italy_Sardinia_BA_Nuragic']...
Runtime: 51.753922
Running Individual I24208 with sources ['Italy_Sicily_IA_Polizzello', 'Greece_BA_Mycenaean', 'Israel_Phoenician']...
Runtime: 48.970336
Running Individual I24208 with sources ['Italy_Sicily_IA_Polizzello', 'Greece_BA_Mycenaean', 'Italy_Sardinia_BA_Nuragic']...
Runtime: 52.154308
Running Individual I24208 with sources ['Italy_Sicily_IA_Polizzello', 'Israel_Phoenician', 'Italy_Sardinia_BA_Nuragic']...
Runtime: 29.054125
Running Individual I24208 with sources ['Tunisia_N', 'Greece_BA_Mycenaean', 'Israel_Phoenician']...
Runtime: 53.855842
Running Individual I24208 with sources ['Tunisia_N', 'Greece_BA_Mycenaean', 'Italy_Sardinia_BA_Nuragic']...
Runtime: 53.275721
Running Individual I24208 with sources ['Tunisia_N', 'Israel_Phoenician', 'Italy_Sardinia_BA_Nuragic']...
Runtime: 53.201887
Running Individual I24208 with sources ['Greece_BA_Mycenaean', 'Israel_Phoenician', 'Italy_Sardinia_BA_Nuragic']...
Runtime: 53.254248
Running Individual I24208 with sources ['Italy_Sicily_IA_Polizzello', 'Tunisia_N', 'Greece_BA_Mycenaean', 'Israel_Phoenician']...
Runtime: 51.650525
Running Individual I24208 with sources ['Italy_Sicily_IA_Polizzello', 'Tunisia_N', 'Greece_BA_Mycenaean', 'Italy_Sardinia_BA_Nuragic']...
Runtime: 52.293175
Running Individual I24208 with sources ['Italy_Sicily_IA_Polizzello', 'Tunisia_N', 'Israel_Phoenician', 'Italy_Sardinia_BA_Nuragic']...
Runtime: 52.736422
Running Individual I24208 with sources ['Italy_Sicily_IA_Polizzello', 'Greece_BA_Mycenaean', 'Israel_Phoenician', 'Italy_Sardinia_BA_Nuragic']...
Runtime: 50.608709
Running Individual I24208 with sources ['Tunisia_N', 'Greece_BA_Mycenaean', 'Israel_Phoenician', 'Italy_Sardinia_BA_Nuragic']...
Runtime: 52.865304
Running Individual I24208 with sources ['Italy_Sicily_IA_Polizzello', 'Tunisia_N', 'Greece_BA_Mycenaean', 'Israel_Phoenician', 'Italy_Sardinia_BA_Nuragic']...
Runtime: 53.153854
