compute-e-16-238.o2.rc.hms.harvard.edu
HSM Computational partition detected.
/n/groups/reich/hringbauer/git/punic_aDNA
CPU Count: 28
3.7.4 (default, Sep 11 2019, 11:24:51) 
[GCC 6.2.0]
Loaded 127 IIDs to analyze with qpAdm.
Running Individual I24557 with sources ['Italy_Sicily_IA_Polizzello']...
Runtime: 51.752845
Running Individual I24557 with sources ['Tunisia_N']...
Runtime: 49.705815
Running Individual I24557 with sources ['Greece_BA_Mycenaean']...
Runtime: 49.544093
Running Individual I24557 with sources ['Israel_Phoenician']...
Runtime: 50.116900
Running Individual I24557 with sources ['Italy_Sardinia_BA_Nuragic']...
Runtime: 49.900185
Running Individual I24557 with sources ['Italy_Sicily_IA_Polizzello', 'Tunisia_N']...
Runtime: 49.455597
Running Individual I24557 with sources ['Italy_Sicily_IA_Polizzello', 'Greece_BA_Mycenaean']...
Runtime: 51.332866
Running Individual I24557 with sources ['Italy_Sicily_IA_Polizzello', 'Israel_Phoenician']...
Runtime: 49.445358
Running Individual I24557 with sources ['Italy_Sicily_IA_Polizzello', 'Italy_Sardinia_BA_Nuragic']...
Runtime: 49.678157
Running Individual I24557 with sources ['Tunisia_N', 'Greece_BA_Mycenaean']...
Runtime: 51.528523
Running Individual I24557 with sources ['Tunisia_N', 'Israel_Phoenician']...
Runtime: 51.377583
Running Individual I24557 with sources ['Tunisia_N', 'Italy_Sardinia_BA_Nuragic']...
Runtime: 49.404746
Running Individual I24557 with sources ['Greece_BA_Mycenaean', 'Israel_Phoenician']...
Runtime: 49.794200
Running Individual I24557 with sources ['Greece_BA_Mycenaean', 'Italy_Sardinia_BA_Nuragic']...
Runtime: 51.415892
Running Individual I24557 with sources ['Israel_Phoenician', 'Italy_Sardinia_BA_Nuragic']...
Runtime: 52.196625
Running Individual I24557 with sources ['Italy_Sicily_IA_Polizzello', 'Tunisia_N', 'Greece_BA_Mycenaean']...
Runtime: 49.758016
Running Individual I24557 with sources ['Italy_Sicily_IA_Polizzello', 'Tunisia_N', 'Israel_Phoenician']...
Runtime: 49.821564
Running Individual I24557 with sources ['Italy_Sicily_IA_Polizzello', 'Tunisia_N', 'Italy_Sardinia_BA_Nuragic']...
Runtime: 51.819352
Running Individual I24557 with sources ['Italy_Sicily_IA_Polizzello', 'Greece_BA_Mycenaean', 'Israel_Phoenician']...
Runtime: 30.537619
Running Individual I24557 with sources ['Italy_Sicily_IA_Polizzello', 'Greece_BA_Mycenaean', 'Italy_Sardinia_BA_Nuragic']...
Runtime: 52.130146
Running Individual I24557 with sources ['Italy_Sicily_IA_Polizzello', 'Israel_Phoenician', 'Italy_Sardinia_BA_Nuragic']...
Runtime: 51.511163
Running Individual I24557 with sources ['Tunisia_N', 'Greece_BA_Mycenaean', 'Israel_Phoenician']...
Runtime: 54.795957
Running Individual I24557 with sources ['Tunisia_N', 'Greece_BA_Mycenaean', 'Italy_Sardinia_BA_Nuragic']...
Runtime: 55.129797
Running Individual I24557 with sources ['Tunisia_N', 'Israel_Phoenician', 'Italy_Sardinia_BA_Nuragic']...
Runtime: 54.832941
Running Individual I24557 with sources ['Greece_BA_Mycenaean', 'Israel_Phoenician', 'Italy_Sardinia_BA_Nuragic']...
Runtime: 51.533365
Running Individual I24557 with sources ['Italy_Sicily_IA_Polizzello', 'Tunisia_N', 'Greece_BA_Mycenaean', 'Israel_Phoenician']...
Runtime: 51.156103
Running Individual I24557 with sources ['Italy_Sicily_IA_Polizzello', 'Tunisia_N', 'Greece_BA_Mycenaean', 'Italy_Sardinia_BA_Nuragic']...
Runtime: 54.806969
Running Individual I24557 with sources ['Italy_Sicily_IA_Polizzello', 'Tunisia_N', 'Israel_Phoenician', 'Italy_Sardinia_BA_Nuragic']...
Runtime: 51.344551
Running Individual I24557 with sources ['Italy_Sicily_IA_Polizzello', 'Greece_BA_Mycenaean', 'Israel_Phoenician', 'Italy_Sardinia_BA_Nuragic']...
Runtime: 60.765841
Running Individual I24557 with sources ['Tunisia_N', 'Greece_BA_Mycenaean', 'Israel_Phoenician', 'Italy_Sardinia_BA_Nuragic']...
Runtime: 54.717627
Running Individual I24557 with sources ['Italy_Sicily_IA_Polizzello', 'Tunisia_N', 'Greece_BA_Mycenaean', 'Israel_Phoenician', 'Italy_Sardinia_BA_Nuragic']...
Runtime: 60.335007
