compute-e-16-189.o2.rc.hms.harvard.edu
HSM Computational partition detected.
/n/groups/reich/hringbauer/git/punic_aDNA
CPU Count: 28
3.7.4 (default, Sep 11 2019, 11:24:51) 
[GCC 6.2.0]
Loaded 127 IIDs to analyze with qpAdm.
Running Individual I22118 with sources ['Italy_Sicily_IA_Polizzello']...
Runtime: 47.842270
Running Individual I22118 with sources ['Tunisia_N']...
Runtime: 47.319596
Running Individual I22118 with sources ['Greece_BA_Mycenaean']...
Runtime: 47.995400
Running Individual I22118 with sources ['Israel_Phoenician']...
Runtime: 48.268055
Running Individual I22118 with sources ['Italy_Sardinia_BA_Nuragic']...
Runtime: 49.972488
Running Individual I22118 with sources ['Italy_Sicily_IA_Polizzello', 'Tunisia_N']...
Runtime: 53.826232
Running Individual I22118 with sources ['Italy_Sicily_IA_Polizzello', 'Greece_BA_Mycenaean']...
Runtime: 49.280757
Running Individual I22118 with sources ['Italy_Sicily_IA_Polizzello', 'Israel_Phoenician']...
Runtime: 48.965702
Running Individual I22118 with sources ['Italy_Sicily_IA_Polizzello', 'Italy_Sardinia_BA_Nuragic']...
Runtime: 0.031466
Running Individual I22118 with sources ['Tunisia_N', 'Greece_BA_Mycenaean']...
Runtime: 47.632625
Running Individual I22118 with sources ['Tunisia_N', 'Israel_Phoenician']...
Runtime: 47.227227
Running Individual I22118 with sources ['Tunisia_N', 'Italy_Sardinia_BA_Nuragic']...
Runtime: 48.900513
Running Individual I22118 with sources ['Greece_BA_Mycenaean', 'Israel_Phoenician']...
Runtime: 46.614931
Running Individual I22118 with sources ['Greece_BA_Mycenaean', 'Italy_Sardinia_BA_Nuragic']...
Runtime: 47.303794
Running Individual I22118 with sources ['Israel_Phoenician', 'Italy_Sardinia_BA_Nuragic']...
Runtime: 49.415539
Running Individual I22118 with sources ['Italy_Sicily_IA_Polizzello', 'Tunisia_N', 'Greece_BA_Mycenaean']...
Runtime: 47.514334
Running Individual I22118 with sources ['Italy_Sicily_IA_Polizzello', 'Tunisia_N', 'Israel_Phoenician']...
Runtime: 49.244474
Running Individual I22118 with sources ['Italy_Sicily_IA_Polizzello', 'Tunisia_N', 'Italy_Sardinia_BA_Nuragic']...
Runtime: 48.912846
Running Individual I22118 with sources ['Italy_Sicily_IA_Polizzello', 'Greece_BA_Mycenaean', 'Israel_Phoenician']...
Runtime: 52.884405
Running Individual I22118 with sources ['Italy_Sicily_IA_Polizzello', 'Greece_BA_Mycenaean', 'Italy_Sardinia_BA_Nuragic']...
Runtime: 49.501167
Running Individual I22118 with sources ['Italy_Sicily_IA_Polizzello', 'Israel_Phoenician', 'Italy_Sardinia_BA_Nuragic']...
Runtime: 49.432273
Running Individual I22118 with sources ['Tunisia_N', 'Greece_BA_Mycenaean', 'Israel_Phoenician']...
Runtime: 52.420700
Running Individual I22118 with sources ['Tunisia_N', 'Greece_BA_Mycenaean', 'Italy_Sardinia_BA_Nuragic']...
Runtime: 49.522335
Running Individual I22118 with sources ['Tunisia_N', 'Israel_Phoenician', 'Italy_Sardinia_BA_Nuragic']...
Runtime: 52.248307
Running Individual I22118 with sources ['Greece_BA_Mycenaean', 'Israel_Phoenician', 'Italy_Sardinia_BA_Nuragic']...
Runtime: 49.214442
Running Individual I22118 with sources ['Italy_Sicily_IA_Polizzello', 'Tunisia_N', 'Greece_BA_Mycenaean', 'Israel_Phoenician']...
Runtime: 52.310409
Running Individual I22118 with sources ['Italy_Sicily_IA_Polizzello', 'Tunisia_N', 'Greece_BA_Mycenaean', 'Italy_Sardinia_BA_Nuragic']...
Runtime: 57.780927
Running Individual I22118 with sources ['Italy_Sicily_IA_Polizzello', 'Tunisia_N', 'Israel_Phoenician', 'Italy_Sardinia_BA_Nuragic']...
Runtime: 57.557013
Running Individual I22118 with sources ['Italy_Sicily_IA_Polizzello', 'Greece_BA_Mycenaean', 'Israel_Phoenician', 'Italy_Sardinia_BA_Nuragic']...
Runtime: 55.076869
Running Individual I22118 with sources ['Tunisia_N', 'Greece_BA_Mycenaean', 'Israel_Phoenician', 'Italy_Sardinia_BA_Nuragic']...
Runtime: 57.514276
Running Individual I22118 with sources ['Italy_Sicily_IA_Polizzello', 'Tunisia_N', 'Greece_BA_Mycenaean', 'Israel_Phoenician', 'Italy_Sardinia_BA_Nuragic']...
Runtime: 51.534379
