compute-e-16-243.o2.rc.hms.harvard.edu
HSM Computational partition detected.
/n/groups/reich/hringbauer/git/punic_aDNA
CPU Count: 28
3.7.4 (default, Sep 11 2019, 11:24:51) 
[GCC 6.2.0]
Loaded 127 IIDs to analyze with qpAdm.
Running Individual I24194 with sources ['Italy_Sicily_IA_Polizzello']...
Runtime: 49.082228
Running Individual I24194 with sources ['Tunisia_N']...
Runtime: 48.885737
Running Individual I24194 with sources ['Greece_BA_Mycenaean']...
Runtime: 49.243013
Running Individual I24194 with sources ['Israel_Phoenician']...
Runtime: 51.432218
Running Individual I24194 with sources ['Italy_Sardinia_BA_Nuragic']...
Runtime: 51.324027
Running Individual I24194 with sources ['Italy_Sicily_IA_Polizzello', 'Tunisia_N']...
Runtime: 50.674069
Running Individual I24194 with sources ['Italy_Sicily_IA_Polizzello', 'Greece_BA_Mycenaean']...
Runtime: 51.960878
Running Individual I24194 with sources ['Italy_Sicily_IA_Polizzello', 'Israel_Phoenician']...
Runtime: 51.397202
Running Individual I24194 with sources ['Italy_Sicily_IA_Polizzello', 'Italy_Sardinia_BA_Nuragic']...
Runtime: 0.025983
Running Individual I24194 with sources ['Tunisia_N', 'Greece_BA_Mycenaean']...
Runtime: 48.638592
Running Individual I24194 with sources ['Tunisia_N', 'Israel_Phoenician']...
Runtime: 49.993597
Running Individual I24194 with sources ['Tunisia_N', 'Italy_Sardinia_BA_Nuragic']...
Runtime: 51.792080
Running Individual I24194 with sources ['Greece_BA_Mycenaean', 'Israel_Phoenician']...
Runtime: 49.589729
Running Individual I24194 with sources ['Greece_BA_Mycenaean', 'Italy_Sardinia_BA_Nuragic']...
Runtime: 49.752561
Running Individual I24194 with sources ['Israel_Phoenician', 'Italy_Sardinia_BA_Nuragic']...
Runtime: 51.610726
Running Individual I24194 with sources ['Italy_Sicily_IA_Polizzello', 'Tunisia_N', 'Greece_BA_Mycenaean']...
Runtime: 52.413375
Running Individual I24194 with sources ['Italy_Sicily_IA_Polizzello', 'Tunisia_N', 'Israel_Phoenician']...
Runtime: 52.142547
Running Individual I24194 with sources ['Italy_Sicily_IA_Polizzello', 'Tunisia_N', 'Italy_Sardinia_BA_Nuragic']...
Runtime: 52.387088
Running Individual I24194 with sources ['Italy_Sicily_IA_Polizzello', 'Greece_BA_Mycenaean', 'Israel_Phoenician']...
Runtime: 51.624214
Running Individual I24194 with sources ['Italy_Sicily_IA_Polizzello', 'Greece_BA_Mycenaean', 'Italy_Sardinia_BA_Nuragic']...
Runtime: 51.738414
Running Individual I24194 with sources ['Italy_Sicily_IA_Polizzello', 'Israel_Phoenician', 'Italy_Sardinia_BA_Nuragic']...
Runtime: 51.823587
Running Individual I24194 with sources ['Tunisia_N', 'Greece_BA_Mycenaean', 'Israel_Phoenician']...
Runtime: 0.023193
Running Individual I24194 with sources ['Tunisia_N', 'Greece_BA_Mycenaean', 'Italy_Sardinia_BA_Nuragic']...
Runtime: 52.215495
Running Individual I24194 with sources ['Tunisia_N', 'Israel_Phoenician', 'Italy_Sardinia_BA_Nuragic']...
Runtime: 51.937477
Running Individual I24194 with sources ['Greece_BA_Mycenaean', 'Israel_Phoenician', 'Italy_Sardinia_BA_Nuragic']...
Runtime: 51.236428
Running Individual I24194 with sources ['Italy_Sicily_IA_Polizzello', 'Tunisia_N', 'Greece_BA_Mycenaean', 'Israel_Phoenician']...
Runtime: 51.671992
Running Individual I24194 with sources ['Italy_Sicily_IA_Polizzello', 'Tunisia_N', 'Greece_BA_Mycenaean', 'Italy_Sardinia_BA_Nuragic']...
Runtime: 55.303293
Running Individual I24194 with sources ['Italy_Sicily_IA_Polizzello', 'Tunisia_N', 'Israel_Phoenician', 'Italy_Sardinia_BA_Nuragic']...
Runtime: 55.093060
Running Individual I24194 with sources ['Italy_Sicily_IA_Polizzello', 'Greece_BA_Mycenaean', 'Israel_Phoenician', 'Italy_Sardinia_BA_Nuragic']...
Runtime: 55.214708
Running Individual I24194 with sources ['Tunisia_N', 'Greece_BA_Mycenaean', 'Israel_Phoenician', 'Italy_Sardinia_BA_Nuragic']...
Runtime: 69.763431
Running Individual I24194 with sources ['Italy_Sicily_IA_Polizzello', 'Tunisia_N', 'Greece_BA_Mycenaean', 'Israel_Phoenician', 'Italy_Sardinia_BA_Nuragic']...
Runtime: 55.586558
