*** Error in `/n/groups/reich/hringbauer/git/AdmixTools/bin/qpAdm': corrupted size vs. prev_size: 0x0000000003a67710 ***
======= Backtrace: =========
/lib64/libc.so.6(+0x7f7c4)[0x7f0483cef7c4]
/lib64/libc.so.6(+0x818bb)[0x7f0483cf18bb]
/lib64/libc.so.6(fclose+0x177)[0x7f0483cde167]
/n/groups/reich/hringbauer/git/AdmixTools/bin/qpAdm[0x40b271]
/n/groups/reich/hringbauer/git/AdmixTools/bin/qpAdm[0x40b3ea]
/n/groups/reich/hringbauer/git/AdmixTools/bin/qpAdm[0x4023f4]
/lib64/libc.so.6(__libc_start_main+0xf5)[0x7f0483c92505]
/n/groups/reich/hringbauer/git/AdmixTools/bin/qpAdm[0x401eb9]
======= Memory map: ========
00400000-0047f000 r-xp 00000000 00:2a 63121248249                        /n/groups/reich/hringbauer/git/AdmixTools/bin/qpAdm
0067e000-0067f000 r--p 0007e000 00:2a 63121248249                        /n/groups/reich/hringbauer/git/AdmixTools/bin/qpAdm
0067f000-00680000 rw-p 0007f000 00:2a 63121248249                        /n/groups/reich/hringbauer/git/AdmixTools/bin/qpAdm
00680000-00683000 rw-p 00000000 00:00 0 
0158e000-2d4b0000 rw-p 00000000 00:00 0                                  [heap]
7f0468000000-7f0468021000 rw-p 00000000 00:00 0 
7f0468021000-7f046c000000 ---p 00000000 00:00 0 
7f046c358000-7f04829b5000 rw-p 00000000 00:00 0 
7f04832d7000-7f04832ed000 r-xp 00000000 00:2b 5898226537                 /n/app/gcc/6.2.0/lib64/libgcc_s.so.1
7f04832ed000-7f04834ec000 ---p 00016000 00:2b 5898226537                 /n/app/gcc/6.2.0/lib64/libgcc_s.so.1
7f04834ec000-7f04834ed000 r--p 00015000 00:2b 5898226537                 /n/app/gcc/6.2.0/lib64/libgcc_s.so.1
7f04834ed000-7f04834ee000 rw-p 00016000 00:2b 5898226537                 /n/app/gcc/6.2.0/lib64/libgcc_s.so.1
7f04834ee000-7f048352c000 r-xp 00000000 00:2b 5898517627                 /n/app/gcc/6.2.0/lib64/libquadmath.so.0.0.0
7f048352c000-7f048372b000 ---p 0003e000 00:2b 5898517627                 /n/app/gcc/6.2.0/lib64/libquadmath.so.0.0.0
7f048372b000-7f048372c000 r--p 0003d000 00:2b 5898517627                 /n/app/gcc/6.2.0/lib64/libquadmath.so.0.0.0
7f048372c000-7f048372d000 rw-p 0003e000 00:2b 5898517627                 /n/app/gcc/6.2.0/lib64/libquadmath.so.0.0.0
7f048372d000-7f0483851000 r-xp 00000000 00:2b 5898226539                 /n/app/gcc/6.2.0/lib64/libgfortran.so.3.0.0
7f0483851000-7f0483a51000 ---p 00124000 00:2b 5898226539                 /n/app/gcc/6.2.0/lib64/libgfortran.so.3.0.0
7f0483a51000-7f0483a52000 r--p 00124000 00:2b 5898226539                 /n/app/gcc/6.2.0/lib64/libgfortran.so.3.0.0
7f0483a52000-7f0483a54000 rw-p 00125000 00:2b 5898226539                 /n/app/gcc/6.2.0/lib64/libgfortran.so.3.0.0
7f0483a54000-7f0483a6b000 r-xp 00000000 fd:00 12583547                   /usr/lib64/libpthread-2.17.so
7f0483a6b000-7f0483c6a000 ---p 00017000 fd:00 12583547                   /usr/lib64/libpthread-2.17.so
7f0483c6a000-7f0483c6b000 r--p 00016000 fd:00 12583547                   /usr/lib64/libpthread-2.17.so
7f0483c6b000-7f0483c6c000 rw-p 00017000 fd:00 12583547                   /usr/lib64/libpthread-2.17.so
7f0483c6c000-7f0483c70000 rw-p 00000000 00:00 0 
7f0483c70000-7f0483e33000 r-xp 00000000 fd:00 12583521                   /usr/lib64/libc-2.17.so
7f0483e33000-7f0484033000 ---p 001c3000 fd:00 12583521                   /usr/lib64/libc-2.17.so
7f0484033000-7f0484037000 r--p 001c3000 fd:00 12583521                   /usr/lib64/libc-2.17.so
7f0484037000-7f0484039000 rw-p 001c7000 fd:00 12583521                   /usr/lib64/libc-2.17.so
7f0484039000-7f048403e000 rw-p 00000000 00:00 0 
7f048403e000-7f048413f000 r-xp 00000000 fd:00 12583529                   /usr/lib64/libm-2.17.so
7f048413f000-7f048433e000 ---p 00101000 fd:00 12583529                   /usr/lib64/libm-2.17.so
7f048433e000-7f048433f000 r--p 00100000 fd:00 12583529                   /usr/lib64/libm-2.17.so
7f048433f000-7f0484340000 rw-p 00101000 fd:00 12583529                   /usr/lib64/libm-2.17.so
7f0484340000-7f0485086000 r-xp 00000000 00:2b 5906170643                 /n/app/openblas/0.2.19/lib/libopenblas_core2p-r0.2.19.so
7f0485086000-7f0485286000 ---p 00d46000 00:2b 5906170643                 /n/app/openblas/0.2.19/lib/libopenblas_core2p-r0.2.19.so
7f0485286000-7f048528c000 r--p 00d46000 00:2b 5906170643                 /n/app/openblas/0.2.19/lib/libopenblas_core2p-r0.2.19.so
7f048528c000-7f0485295000 rw-p 00d4c000 00:2b 5906170643                 /n/app/openblas/0.2.19/lib/libopenblas_core2p-r0.2.19.so
7f0485295000-7f04852ef000 rw-p 00000000 00:00 0 
7f04852ef000-7f0485539000 r-xp 00000000 00:2b 5898523378                 /n/app/gsl/2.3/lib/libgsl.so.19.3.0
7f0485539000-7f0485739000 ---p 0024a000 00:2b 5898523378                 /n/app/gsl/2.3/lib/libgsl.so.19.3.0
7f0485739000-7f048573c000 r--p 0024a000 00:2b 5898523378                 /n/app/gsl/2.3/lib/libgsl.so.19.3.0
7f048573c000-7f048574d000 rw-p 0024d000 00:2b 5898523378                 /n/app/gsl/2.3/lib/libgsl.so.19.3.0
7f048574d000-7f048576f000 r-xp 00000000 fd:00 12583514                   /usr/lib64/ld-2.17.so
7f0485957000-7f048595c000 rw-p 00000000 00:00 0 
7f0485967000-7f048596e000 rw-p 00000000 00:00 0 
7f048596e000-7f048596f000 r--p 00021000 fd:00 12583514                   /usr/lib64/ld-2.17.so
7f048596f000-7f0485970000 rw-p 00022000 fd:00 12583514                   /usr/lib64/ld-2.17.so
7f0485970000-7f0485971000 rw-p 00000000 00:00 0 
7fffc0950000-7fffc0972000 rw-p 00000000 00:00 0                          [stack]
7fffc09c8000-7fffc09ca000 r-xp 00000000 00:00 0                          [vdso]
ffffffffff600000-ffffffffff601000 r-xp 00000000 00:00 0                  [vsyscall]
sh: line 1: 25712 Aborted                 /n/groups/reich/hringbauer/git/AdmixTools/bin/qpAdm -p /n/groups/reich/hringbauer/git/punic_aDNA/parfiles/parfile_qpAdm > /n/groups/reich/hringbauer/git/punic_aDNA/output/qpAdm/v46.3/2way/I21859.Tunisia_N.Italy_Sardinia_BA_Nuragic.log
fatalx:
nleft not less than or equal to nright
sh: line 1:  1745 Aborted                 /n/groups/reich/hringbauer/git/AdmixTools/bin/qpAdm -p /n/groups/reich/hringbauer/git/punic_aDNA/parfiles/parfile_qpAdm > /n/groups/reich/hringbauer/git/punic_aDNA/output/qpAdm/v46.3/4way/I21859.Italy_Sicily_IA_Polizzello.Tunisia_N.Greece_BA_Mycenaean.Italy_Sardinia_BA_Nuragic.log
