compute-a-16-162.o2.rc.hms.harvard.edu
HSM Computational partition detected.
/n/groups/reich/hringbauer/git/punic_aDNA
CPU Count: 32
3.7.4 (default, Sep 11 2019, 11:24:51) 
[GCC 6.2.0]
Loaded 127 IIDs to analyze with qpAdm.
Running Individual ORC002 with sources ['Italy_Sicily_IA_Polizzello']...
Runtime: 58.263156
Running Individual ORC002 with sources ['Tunisia_N']...
Runtime: 57.008194
Running Individual ORC002 with sources ['Greece_BA_Mycenaean']...
Runtime: 57.523973
Running Individual ORC002 with sources ['Israel_Phoenician']...
Runtime: 57.336870
Running Individual ORC002 with sources ['Italy_Sardinia_BA_Nuragic']...
Runtime: 35.243067
Running Individual ORC002 with sources ['Italy_Sicily_IA_Polizzello', 'Tunisia_N']...
Runtime: 57.887834
Running Individual ORC002 with sources ['Italy_Sicily_IA_Polizzello', 'Greece_BA_Mycenaean']...
Runtime: 58.295514
Running Individual ORC002 with sources ['Italy_Sicily_IA_Polizzello', 'Israel_Phoenician']...
Runtime: 58.242907
Running Individual ORC002 with sources ['Italy_Sicily_IA_Polizzello', 'Italy_Sardinia_BA_Nuragic']...
Runtime: 60.178934
Running Individual ORC002 with sources ['Tunisia_N', 'Greece_BA_Mycenaean']...
Runtime: 57.475535
Running Individual ORC002 with sources ['Tunisia_N', 'Israel_Phoenician']...
Runtime: 57.786108
Running Individual ORC002 with sources ['Tunisia_N', 'Italy_Sardinia_BA_Nuragic']...
Runtime: 60.212981
Running Individual ORC002 with sources ['Greece_BA_Mycenaean', 'Israel_Phoenician']...
Runtime: 59.940038
Running Individual ORC002 with sources ['Greece_BA_Mycenaean', 'Italy_Sardinia_BA_Nuragic']...
Runtime: 59.941197
Running Individual ORC002 with sources ['Israel_Phoenician', 'Italy_Sardinia_BA_Nuragic']...
Runtime: 60.059663
Running Individual ORC002 with sources ['Italy_Sicily_IA_Polizzello', 'Tunisia_N', 'Greece_BA_Mycenaean']...
Runtime: 59.743258
Running Individual ORC002 with sources ['Italy_Sicily_IA_Polizzello', 'Tunisia_N', 'Israel_Phoenician']...
Runtime: 59.674865
Running Individual ORC002 with sources ['Italy_Sicily_IA_Polizzello', 'Tunisia_N', 'Italy_Sardinia_BA_Nuragic']...
Runtime: 63.440208
Running Individual ORC002 with sources ['Italy_Sicily_IA_Polizzello', 'Greece_BA_Mycenaean', 'Israel_Phoenician']...
Runtime: 63.393565
Running Individual ORC002 with sources ['Italy_Sicily_IA_Polizzello', 'Greece_BA_Mycenaean', 'Italy_Sardinia_BA_Nuragic']...
Runtime: 60.173423
Running Individual ORC002 with sources ['Italy_Sicily_IA_Polizzello', 'Israel_Phoenician', 'Italy_Sardinia_BA_Nuragic']...
Runtime: 62.999984
Running Individual ORC002 with sources ['Tunisia_N', 'Greece_BA_Mycenaean', 'Israel_Phoenician']...
Runtime: 63.729073
Running Individual ORC002 with sources ['Tunisia_N', 'Greece_BA_Mycenaean', 'Italy_Sardinia_BA_Nuragic']...
Runtime: 63.505261
Running Individual ORC002 with sources ['Tunisia_N', 'Israel_Phoenician', 'Italy_Sardinia_BA_Nuragic']...
Runtime: 63.504469
Running Individual ORC002 with sources ['Greece_BA_Mycenaean', 'Israel_Phoenician', 'Italy_Sardinia_BA_Nuragic']...
Runtime: 63.767490
Running Individual ORC002 with sources ['Italy_Sicily_IA_Polizzello', 'Tunisia_N', 'Greece_BA_Mycenaean', 'Israel_Phoenician']...
Runtime: 69.801568
Running Individual ORC002 with sources ['Italy_Sicily_IA_Polizzello', 'Tunisia_N', 'Greece_BA_Mycenaean', 'Italy_Sardinia_BA_Nuragic']...
Runtime: 63.759788
Running Individual ORC002 with sources ['Italy_Sicily_IA_Polizzello', 'Tunisia_N', 'Israel_Phoenician', 'Italy_Sardinia_BA_Nuragic']...
Runtime: 0.043945
Running Individual ORC002 with sources ['Italy_Sicily_IA_Polizzello', 'Greece_BA_Mycenaean', 'Israel_Phoenician', 'Italy_Sardinia_BA_Nuragic']...
Runtime: 69.485381
Running Individual ORC002 with sources ['Tunisia_N', 'Greece_BA_Mycenaean', 'Israel_Phoenician', 'Italy_Sardinia_BA_Nuragic']...
Runtime: 0.035555
Running Individual ORC002 with sources ['Italy_Sicily_IA_Polizzello', 'Tunisia_N', 'Greece_BA_Mycenaean', 'Israel_Phoenician', 'Italy_Sardinia_BA_Nuragic']...
Runtime: 63.237919
