compute-a-16-169.o2.rc.hms.harvard.edu
HSM Computational partition detected.
/n/groups/reich/hringbauer/git/punic_aDNA
CPU Count: 32
3.7.4 (default, Sep 11 2019, 11:24:51) 
[GCC 6.2.0]
Loaded 127 IIDs to analyze with qpAdm.
Running Individual I24553 with sources ['Italy_Sicily_IA_Polizzello']...
Runtime: 56.730331
Running Individual I24553 with sources ['Tunisia_N']...
Runtime: 59.648640
Running Individual I24553 with sources ['Greece_BA_Mycenaean']...
Runtime: 56.366708
Running Individual I24553 with sources ['Israel_Phoenician']...
Runtime: 56.368129
Running Individual I24553 with sources ['Italy_Sardinia_BA_Nuragic']...
Runtime: 55.518510
Running Individual I24553 with sources ['Italy_Sicily_IA_Polizzello', 'Tunisia_N']...
Runtime: 57.833648
Running Individual I24553 with sources ['Italy_Sicily_IA_Polizzello', 'Greece_BA_Mycenaean']...
Runtime: 57.195962
Running Individual I24553 with sources ['Italy_Sicily_IA_Polizzello', 'Israel_Phoenician']...
Runtime: 59.399900
Running Individual I24553 with sources ['Italy_Sicily_IA_Polizzello', 'Italy_Sardinia_BA_Nuragic']...
Runtime: 57.141358
Running Individual I24553 with sources ['Tunisia_N', 'Greece_BA_Mycenaean']...
Runtime: 35.355657
Running Individual I24553 with sources ['Tunisia_N', 'Israel_Phoenician']...
Runtime: 60.612640
Running Individual I24553 with sources ['Tunisia_N', 'Italy_Sardinia_BA_Nuragic']...
Runtime: 36.138750
Running Individual I24553 with sources ['Greece_BA_Mycenaean', 'Israel_Phoenician']...
Runtime: 58.871063
Running Individual I24553 with sources ['Greece_BA_Mycenaean', 'Italy_Sardinia_BA_Nuragic']...
Runtime: 61.764031
Running Individual I24553 with sources ['Israel_Phoenician', 'Italy_Sardinia_BA_Nuragic']...
Runtime: 64.780804
Running Individual I24553 with sources ['Italy_Sicily_IA_Polizzello', 'Tunisia_N', 'Greece_BA_Mycenaean']...
Runtime: 61.555840
Running Individual I24553 with sources ['Italy_Sicily_IA_Polizzello', 'Tunisia_N', 'Israel_Phoenician']...
Runtime: 62.270439
Running Individual I24553 with sources ['Italy_Sicily_IA_Polizzello', 'Tunisia_N', 'Italy_Sardinia_BA_Nuragic']...
Runtime: 57.676766
Running Individual I24553 with sources ['Italy_Sicily_IA_Polizzello', 'Greece_BA_Mycenaean', 'Israel_Phoenician']...
Runtime: 57.263894
Running Individual I24553 with sources ['Italy_Sicily_IA_Polizzello', 'Greece_BA_Mycenaean', 'Italy_Sardinia_BA_Nuragic']...
Runtime: 57.508232
Running Individual I24553 with sources ['Italy_Sicily_IA_Polizzello', 'Israel_Phoenician', 'Italy_Sardinia_BA_Nuragic']...
Runtime: 59.653415
Running Individual I24553 with sources ['Tunisia_N', 'Greece_BA_Mycenaean', 'Israel_Phoenician']...
Runtime: 59.300113
Running Individual I24553 with sources ['Tunisia_N', 'Greece_BA_Mycenaean', 'Italy_Sardinia_BA_Nuragic']...
Runtime: 59.235409
Running Individual I24553 with sources ['Tunisia_N', 'Israel_Phoenician', 'Italy_Sardinia_BA_Nuragic']...
Runtime: 69.348866
Running Individual I24553 with sources ['Greece_BA_Mycenaean', 'Israel_Phoenician', 'Italy_Sardinia_BA_Nuragic']...
Runtime: 62.825288
Running Individual I24553 with sources ['Italy_Sicily_IA_Polizzello', 'Tunisia_N', 'Greece_BA_Mycenaean', 'Israel_Phoenician']...
Runtime: 62.742796
Running Individual I24553 with sources ['Italy_Sicily_IA_Polizzello', 'Tunisia_N', 'Greece_BA_Mycenaean', 'Italy_Sardinia_BA_Nuragic']...
Runtime: 62.755838
Running Individual I24553 with sources ['Italy_Sicily_IA_Polizzello', 'Tunisia_N', 'Israel_Phoenician', 'Italy_Sardinia_BA_Nuragic']...
Runtime: 63.199658
Running Individual I24553 with sources ['Italy_Sicily_IA_Polizzello', 'Greece_BA_Mycenaean', 'Israel_Phoenician', 'Italy_Sardinia_BA_Nuragic']...
Runtime: 62.351028
Running Individual I24553 with sources ['Tunisia_N', 'Greece_BA_Mycenaean', 'Israel_Phoenician', 'Italy_Sardinia_BA_Nuragic']...
Runtime: 60.522770
Running Individual I24553 with sources ['Italy_Sicily_IA_Polizzello', 'Tunisia_N', 'Greece_BA_Mycenaean', 'Israel_Phoenician', 'Italy_Sardinia_BA_Nuragic']...
Runtime: 60.633971
