compute-a-16-169.o2.rc.hms.harvard.edu
HSM Computational partition detected.
/n/groups/reich/hringbauer/git/punic_aDNA
CPU Count: 32
3.7.4 (default, Sep 11 2019, 11:24:51) 
[GCC 6.2.0]
Loaded 127 IIDs to analyze with qpAdm.
Running Individual I8135 with sources ['Italy_Sicily_IA_Polizzello']...
Runtime: 57.986447
Running Individual I8135 with sources ['Tunisia_N']...
Runtime: 57.015574
Running Individual I8135 with sources ['Greece_BA_Mycenaean']...
Runtime: 56.752341
Running Individual I8135 with sources ['Israel_Phoenician']...
Runtime: 57.591036
Running Individual I8135 with sources ['Italy_Sardinia_BA_Nuragic']...
Runtime: 55.375271
Running Individual I8135 with sources ['Italy_Sicily_IA_Polizzello', 'Tunisia_N']...
Runtime: 57.397798
Running Individual I8135 with sources ['Italy_Sicily_IA_Polizzello', 'Greece_BA_Mycenaean']...
Runtime: 33.684410
Running Individual I8135 with sources ['Italy_Sicily_IA_Polizzello', 'Israel_Phoenician']...
Runtime: 58.666459
Running Individual I8135 with sources ['Italy_Sicily_IA_Polizzello', 'Italy_Sardinia_BA_Nuragic']...
Runtime: 0.020648
Running Individual I8135 with sources ['Tunisia_N', 'Greece_BA_Mycenaean']...
Runtime: 57.071019
Running Individual I8135 with sources ['Tunisia_N', 'Israel_Phoenician']...
Runtime: 60.402988
Running Individual I8135 with sources ['Tunisia_N', 'Italy_Sardinia_BA_Nuragic']...
Runtime: 60.901866
Running Individual I8135 with sources ['Greece_BA_Mycenaean', 'Israel_Phoenician']...
Runtime: 58.541667
Running Individual I8135 with sources ['Greece_BA_Mycenaean', 'Italy_Sardinia_BA_Nuragic']...
Runtime: 61.172669
Running Individual I8135 with sources ['Israel_Phoenician', 'Italy_Sardinia_BA_Nuragic']...
Runtime: 36.584482
Running Individual I8135 with sources ['Italy_Sicily_IA_Polizzello', 'Tunisia_N', 'Greece_BA_Mycenaean']...
Runtime: 61.487857
Running Individual I8135 with sources ['Italy_Sicily_IA_Polizzello', 'Tunisia_N', 'Israel_Phoenician']...
Runtime: 60.946222
Running Individual I8135 with sources ['Italy_Sicily_IA_Polizzello', 'Tunisia_N', 'Italy_Sardinia_BA_Nuragic']...
Runtime: 61.926887
Running Individual I8135 with sources ['Italy_Sicily_IA_Polizzello', 'Greece_BA_Mycenaean', 'Israel_Phoenician']...
Runtime: 57.735531
Running Individual I8135 with sources ['Italy_Sicily_IA_Polizzello', 'Greece_BA_Mycenaean', 'Italy_Sardinia_BA_Nuragic']...
Runtime: 60.340959
Running Individual I8135 with sources ['Italy_Sicily_IA_Polizzello', 'Israel_Phoenician', 'Italy_Sardinia_BA_Nuragic']...
Runtime: 61.484704
Running Individual I8135 with sources ['Tunisia_N', 'Greece_BA_Mycenaean', 'Israel_Phoenician']...
Runtime: 59.270125
Running Individual I8135 with sources ['Tunisia_N', 'Greece_BA_Mycenaean', 'Italy_Sardinia_BA_Nuragic']...
Runtime: 63.174268
Running Individual I8135 with sources ['Tunisia_N', 'Israel_Phoenician', 'Italy_Sardinia_BA_Nuragic']...
Runtime: 62.613269
Running Individual I8135 with sources ['Greece_BA_Mycenaean', 'Israel_Phoenician', 'Italy_Sardinia_BA_Nuragic']...
Runtime: 59.194408
Running Individual I8135 with sources ['Italy_Sicily_IA_Polizzello', 'Tunisia_N', 'Greece_BA_Mycenaean', 'Israel_Phoenician']...
Runtime: 63.024924
Running Individual I8135 with sources ['Italy_Sicily_IA_Polizzello', 'Tunisia_N', 'Greece_BA_Mycenaean', 'Italy_Sardinia_BA_Nuragic']...
Runtime: 63.463696
Running Individual I8135 with sources ['Italy_Sicily_IA_Polizzello', 'Tunisia_N', 'Israel_Phoenician', 'Italy_Sardinia_BA_Nuragic']...
Runtime: 63.138973
Running Individual I8135 with sources ['Italy_Sicily_IA_Polizzello', 'Greece_BA_Mycenaean', 'Israel_Phoenician', 'Italy_Sardinia_BA_Nuragic']...
Runtime: 63.580968
Running Individual I8135 with sources ['Tunisia_N', 'Greece_BA_Mycenaean', 'Israel_Phoenician', 'Italy_Sardinia_BA_Nuragic']...
Runtime: 62.416346
Running Individual I8135 with sources ['Italy_Sicily_IA_Polizzello', 'Tunisia_N', 'Greece_BA_Mycenaean', 'Israel_Phoenician', 'Italy_Sardinia_BA_Nuragic']...
Runtime: 60.989506
